#
# There is insufficient memory for the Java Runtime Environment to continue.
# Native memory allocation (malloc) failed to allocate 1223376 bytes. Error detail: Chunk::new
# Possible reasons:
#   The system is out of physical RAM or swap space
#   This process is running with CompressedOops enabled, and the Java Heap may be blocking the growth of the native heap
# Possible solutions:
#   Reduce memory load on the system
#   Increase physical memory or swap space
#   Check if swap backing store is full
#   Decrease Java heap size (-Xmx/-Xms)
#   Decrease number of Java threads
#   Decrease Java thread stack sizes (-Xss)
#   Set larger code cache with -XX:ReservedCodeCacheSize=
#   JVM is running with Unscaled Compressed Oops mode in which the Java heap is
#     placed in the first 4GB address space. The Java Heap base address is the
#     maximum limit for the native heap growth. Please use -XX:HeapBaseMinAddress
#     to set the Java Heap base and to place the Java Heap above 4GB virtual address.
# This output file may be truncated or incomplete.
#
#  Out of Memory Error (arena.cpp:168), pid=28480, tid=13924
#
# JRE version: OpenJDK Runtime Environment Temurin-21.0.11+10 (21.0.11+10) (build 21.0.11+10-LTS)
# Java VM: OpenJDK 64-Bit Server VM Temurin-21.0.11+10 (21.0.11+10-LTS, mixed mode, sharing, tiered, compressed oops, compressed class ptrs, parallel gc, windows-amd64)
# No core dump will be written. Minidumps are not enabled by default on client versions of Windows
#

---------------  S U M M A R Y ------------

Command Line: --add-modules=ALL-SYSTEM --add-opens=java.base/java.util=ALL-UNNAMED --add-opens=java.base/java.lang=ALL-UNNAMED --add-opens=java.base/sun.nio.fs=ALL-UNNAMED -Declipse.application=org.eclipse.jdt.ls.core.id1 -Dosgi.bundles.defaultStartLevel=4 -Declipse.product=org.eclipse.jdt.ls.core.product -Djava.import.generatesMetadataFilesAtProjectRoot=false -DDetectVMInstallationsJob.disabled=true -Dfile.encoding=utf8 -XX:+UseParallelGC -XX:GCTimeRatio=4 -XX:AdaptiveSizePolicyWeight=90 -Dsun.zip.disableMemoryMapping=true -Xmx2G -Xms100m -Xlog:disable -javaagent:c:\Users\Aditya Yadav\.vscode\extensions\redhat.java-1.55.0-win32-x64\lombok\lombok-1.18.39-4050.jar -XX:+HeapDumpOnOutOfMemoryError -XX:HeapDumpPath=c:\Users\Aditya Yadav\AppData\Roaming\Code\User\workspaceStorage\fa515a9523a0477be37454fa372019a6\redhat.java -Daether.dependencyCollector.impl=bf c:\Users\Aditya Yadav\.vscode\extensions\redhat.java-1.55.0-win32-x64\server\plugins\org.eclipse.equinox.launcher_1.7.200.v20260619-2039.jar -configuration c:\Users\Aditya Yadav\AppData\Roaming\Code\User\globalStorage\redhat.java\1.55.0\config_win -data c:\Users\Aditya Yadav\AppData\Roaming\Code\User\workspaceStorage\fa515a9523a0477be37454fa372019a6\redhat.java\jdt_ws --pipe=\\.\pipe\lsp-0ed3fdc73ec83745b50781c66ded9df0-sock

Host: Intel(R) Core(TM) i7-8565U CPU @ 1.80GHz, 8 cores, 15G,  Windows 11 , 64 bit Build 26100 (10.0.26100.8737)
Time: Sun Jul  5 07:17:44 2026 India Standard Time elapsed time: 11.873363 seconds (0d 0h 0m 11s)

---------------  T H R E A D  ---------------

Current thread (0x000001fbdb412e70):  JavaThread "C2 CompilerThread2" daemon [_thread_in_native, id=13924, stack(0x00000006c6800000,0x00000006c6900000) (1024K)]


Current CompileTask:
C2:11873 4245       4       org.lombokweb.asm.ClassReader::readMethod (1070 bytes)

Stack: [0x00000006c6800000,0x00000006c6900000]
Native frames: (J=compiled Java code, j=interpreted, Vv=VM code, C=native code)
V  [jvm.dll+0x6d7e19]
V  [jvm.dll+0x8b5096]
V  [jvm.dll+0x8b764e]
V  [jvm.dll+0x8b7d33]
V  [jvm.dll+0x284596]
V  [jvm.dll+0xc685d]
V  [jvm.dll+0xc6da1]
V  [jvm.dll+0x3bed31]
V  [jvm.dll+0x38b2b2]
V  [jvm.dll+0x38a6fa]
V  [jvm.dll+0x24c700]
V  [jvm.dll+0x24bce0]
V  [jvm.dll+0x1cb4ae]
V  [jvm.dll+0x25baad]
V  [jvm.dll+0x25a03a]
V  [jvm.dll+0x3f868e]
V  [jvm.dll+0x85fb0d]
V  [jvm.dll+0x6d664d]
C  [ucrtbase.dll+0x2cd30]
C  [KERNEL32.DLL+0x2e957]
C  [ntdll.dll+0xaad6c]


---------------  P R O C E S S  ---------------

Threads class SMR info:
_java_thread_list=0x000001fbdab55fb0, length=26, elements={
0x000001fbf985ca50, 0x000001fbfbc05b80, 0x000001fbfbac6290, 0x000001fbfbacbdc0,
0x000001fbfbc06f50, 0x000001fbfbc075c0, 0x000001fbfbc08020, 0x000001fbfbc08e60,
0x000001fbfbaf98c0, 0x000001fbd91f2c40, 0x000001fbd939ba50, 0x000001fbd982f160,
0x000001fbd9c1e470, 0x000001fbd9cf35c0, 0x000001fbd9cf3e70, 0x000001fbda1049f0,
0x000001fbda327140, 0x000001fbd9587540, 0x000001fbd95b16f0, 0x000001fbd95b44e0,
0x000001fbd95b2410, 0x000001fbd95b2aa0, 0x000001fbda64d230, 0x000001fbdb412e70,
0x000001fbd95b37c0, 0x000001fbd95b3e50
}

Java Threads: ( => current thread )
  0x000001fbf985ca50 JavaThread "main"                              [_thread_blocked, id=27860, stack(0x00000006c4700000,0x00000006c4800000) (1024K)]
  0x000001fbfbc05b80 JavaThread "Reference Handler"          daemon [_thread_blocked, id=21316, stack(0x00000006c4b00000,0x00000006c4c00000) (1024K)]
  0x000001fbfbac6290 JavaThread "Finalizer"                  daemon [_thread_blocked, id=612, stack(0x00000006c4c00000,0x00000006c4d00000) (1024K)]
  0x000001fbfbacbdc0 JavaThread "Signal Dispatcher"          daemon [_thread_blocked, id=20376, stack(0x00000006c4d00000,0x00000006c4e00000) (1024K)]
  0x000001fbfbc06f50 JavaThread "Attach Listener"            daemon [_thread_blocked, id=28524, stack(0x00000006c4e00000,0x00000006c4f00000) (1024K)]
  0x000001fbfbc075c0 JavaThread "Service Thread"             daemon [_thread_blocked, id=28508, stack(0x00000006c4f00000,0x00000006c5000000) (1024K)]
  0x000001fbfbc08020 JavaThread "Monitor Deflation Thread"   daemon [_thread_blocked, id=28008, stack(0x00000006c5000000,0x00000006c5100000) (1024K)]
  0x000001fbfbc08e60 JavaThread "C2 CompilerThread0"         daemon [_thread_in_native, id=28204, stack(0x00000006c5100000,0x00000006c5200000) (1024K)]
  0x000001fbfbaf98c0 JavaThread "C1 CompilerThread0"         daemon [_thread_blocked, id=28068, stack(0x00000006c5200000,0x00000006c5300000) (1024K)]
  0x000001fbd91f2c40 JavaThread "Common-Cleaner"             daemon [_thread_blocked, id=21168, stack(0x00000006c5300000,0x00000006c5400000) (1024K)]
  0x000001fbd939ba50 JavaThread "Notification Thread"        daemon [_thread_blocked, id=19688, stack(0x00000006c5500000,0x00000006c5600000) (1024K)]
  0x000001fbd982f160 JavaThread "Active Thread: Equinox Container: 58bd833c-e8ac-48bd-a08e-730849d90ed6"        [_thread_blocked, id=28364, stack(0x00000006c5d00000,0x00000006c5e00000) (1024K)]
  0x000001fbd9c1e470 JavaThread "Refresh Thread: Equinox Container: 58bd833c-e8ac-48bd-a08e-730849d90ed6" daemon [_thread_blocked, id=28224, stack(0x00000006c5f00000,0x00000006c6000000) (1024K)]
  0x000001fbd9cf35c0 JavaThread "Framework Event Dispatcher: Equinox Container: 58bd833c-e8ac-48bd-a08e-730849d90ed6" daemon [_thread_blocked, id=28316, stack(0x00000006c6000000,0x00000006c6100000) (1024K)]
  0x000001fbd9cf3e70 JavaThread "Start Level: Equinox Container: 58bd833c-e8ac-48bd-a08e-730849d90ed6" daemon [_thread_in_vm, id=28172, stack(0x00000006c6100000,0x00000006c6200000) (1024K)]
  0x000001fbda1049f0 JavaThread "Bundle File Closer"         daemon [_thread_blocked, id=25228, stack(0x00000006c6200000,0x00000006c6300000) (1024K)]
  0x000001fbda327140 JavaThread "SCR Component Actor"        daemon [_thread_blocked, id=8456, stack(0x00000006c5400000,0x00000006c5500000) (1024K)]
  0x000001fbd9587540 JavaThread "Worker-JM"                         [_thread_blocked, id=6648, stack(0x00000006c6300000,0x00000006c6400000) (1024K)]
  0x000001fbd95b16f0 JavaThread "JNA Cleaner"                daemon [_thread_blocked, id=26716, stack(0x00000006c6400000,0x00000006c6500000) (1024K)]
  0x000001fbd95b44e0 JavaThread "Worker-0: Repository registry initialization"        [_thread_in_vm, id=28228, stack(0x00000006c6500000,0x00000006c6600000) (1024K)]
  0x000001fbd95b2410 JavaThread "Worker-1: Processing Java changes since last activation"        [_thread_blocked, id=3660, stack(0x00000006c6600000,0x00000006c6700000) (1024K)]
  0x000001fbd95b2aa0 JavaThread "Worker-2: Building"                [_thread_in_vm, id=17204, stack(0x00000006c6700000,0x00000006c6800000) (1024K)]
  0x000001fbda64d230 JavaThread "C2 CompilerThread1"         daemon [_thread_in_native, id=18556, stack(0x00000006c5600000,0x00000006c5700000) (1024K)]
=>0x000001fbdb412e70 JavaThread "C2 CompilerThread2"         daemon [_thread_in_native, id=13924, stack(0x00000006c6800000,0x00000006c6900000) (1024K)]
  0x000001fbd95b37c0 JavaThread "Java indexing"              daemon [_thread_blocked, id=18968, stack(0x00000006c6900000,0x00000006c6a00000) (1024K)]
  0x000001fbd95b3e50 JavaThread "Worker-3"                          [_thread_blocked, id=8084, stack(0x00000006c6a00000,0x00000006c6b00000) (1024K)]
Total: 26

Other Threads:
  0x000001fbfbac3620 VMThread "VM Thread"                           [id=10876, stack(0x00000006c4a00000,0x00000006c4b00000) (1024K)]
  0x000001fbfbbc1490 WatcherThread "VM Periodic Task Thread"        [id=28516, stack(0x00000006c4900000,0x00000006c4a00000) (1024K)]
  0x000001fbfbb6e840 WorkerThread "GC Thread#0"                     [id=28520, stack(0x00000006c4800000,0x00000006c4900000) (1024K)]
  0x000001fbd9ab5d60 WorkerThread "GC Thread#1"                     [id=5796, stack(0x00000006c5700000,0x00000006c5800000) (1024K)]
  0x000001fbd979c7b0 WorkerThread "GC Thread#2"                     [id=20820, stack(0x00000006c5800000,0x00000006c5900000) (1024K)]
  0x000001fbd979cb60 WorkerThread "GC Thread#3"                     [id=28020, stack(0x00000006c5900000,0x00000006c5a00000) (1024K)]
  0x000001fbd979cf10 WorkerThread "GC Thread#4"                     [id=26748, stack(0x00000006c5a00000,0x00000006c5b00000) (1024K)]
  0x000001fbd96b64f0 WorkerThread "GC Thread#5"                     [id=27928, stack(0x00000006c5b00000,0x00000006c5c00000) (1024K)]
  0x000001fbd9a13370 WorkerThread "GC Thread#6"                     [id=1460, stack(0x00000006c5c00000,0x00000006c5d00000) (1024K)]
  0x000001fbd9d08490 WorkerThread "GC Thread#7"                     [id=27900, stack(0x00000006c5e00000,0x00000006c5f00000) (1024K)]
Total: 10

Threads with active compile tasks:
C2 CompilerThread0  13029 4340       4       org.eclipse.osgi.internal.serviceregistry.ServiceRegistry::notifyHooksPrivileged (57 bytes)
C1 CompilerThread0  13029 4435       3       org.eclipse.osgi.internal.log.EquinoxLogWriter::isLoggable (65 bytes)
C2 CompilerThread1  13030 4408 %     4       java.io.WinNTFileSystem::normalize @ 22 (143 bytes)
C2 CompilerThread2  13031 4245       4       org.lombokweb.asm.ClassReader::readMethod (1070 bytes)
Total: 4

VM state: not at safepoint (normal execution)

VM Mutex/Monitor currently owned by a thread:  ([mutex/lock_event])
[0x00007fff4eabfbf0] SystemDictionary_lock - owner thread: 0x000001fbd95b44e0

Heap address: 0x0000000080000000, size: 2048 MB, Compressed Oops mode: 32-bit

CDS archive(s) mapped at: [0x000001fb93000000-0x000001fb93ba0000-0x000001fb93ba0000), size 12189696, SharedBaseAddress: 0x000001fb93000000, ArchiveRelocationMode: 1.
Compressed class space mapped at: 0x000001fb94000000-0x000001fbd4000000, reserved size: 1073741824
Narrow klass base: 0x000001fb93000000, Narrow klass shift: 0, Narrow klass range: 0x100000000

GC Precious Log:
 CardTable entry size: 512
 CPUs: 8 total, 8 available
 Memory: 16194M
 Large Page Support: Disabled
 NUMA Support: Disabled
 Compressed Oops: Enabled (32-bit)
 Alignments: Space 512K, Generation 512K, Heap 2M
 Heap Min Capacity: 100M
 Heap Initial Capacity: 100M
 Heap Max Capacity: 2G
 Pre-touch: Disabled
 Parallel Workers: 8

Heap:
 PSYoungGen      total 25600K, used 12875K [0x00000000d5580000, 0x00000000d7480000, 0x0000000100000000)
  eden space 23040K, 44% used [0x00000000d5580000,0x00000000d5f98d38,0x00000000d6c00000)
  from space 2560K, 99% used [0x00000000d7200000,0x00000000d747a2b0,0x00000000d7480000)
  to   space 3072K, 0% used [0x00000000d6e80000,0x00000000d6e80000,0x00000000d7180000)
 ParOldGen       total 68608K, used 14209K [0x0000000080000000, 0x0000000084300000, 0x00000000d5580000)
  object space 68608K, 20% used [0x0000000080000000,0x0000000080de0668,0x0000000084300000)
 Metaspace       used 29050K, committed 29952K, reserved 1114112K
  class space    used 2898K, committed 3264K, reserved 1048576K

Card table byte_map: [0x000001fbfb4f0000,0x000001fbfb900000] _byte_map_base: 0x000001fbfb0f0000

Marking Bits: (ParMarkBitMap*) 0x00007fff4eac4460
 Begin Bits: [0x000001fb8f000000, 0x000001fb91000000)
 End Bits:   [0x000001fb91000000, 0x000001fb93000000)

Polling page: 0x000001fbf9960000

Metaspace:

Usage:
  Non-class:     25.54 MB used.
      Class:      2.83 MB used.
       Both:     28.37 MB used.

Virtual space:
  Non-class space:       64.00 MB reserved,      26.06 MB ( 41%) committed,  1 nodes.
      Class space:        1.00 GB reserved,       3.19 MB ( <1%) committed,  1 nodes.
             Both:        1.06 GB reserved,      29.25 MB (  3%) committed. 

Chunk freelists:
   Non-Class:  5.59 MB
       Class:  12.75 MB
        Both:  18.33 MB

MaxMetaspaceSize: unlimited
CompressedClassSpaceSize: 1.00 GB
Initial GC threshold: 21.00 MB
Current GC threshold: 35.00 MB
CDS: on
 - commit_granule_bytes: 65536.
 - commit_granule_words: 8192.
 - virtual_space_node_default_size: 8388608.
 - enlarge_chunks_in_place: 1.
 - use_allocation_guard: 0.


Internal statistics:

num_allocs_failed_limit: 3.
num_arena_births: 862.
num_arena_deaths: 14.
num_vsnodes_births: 2.
num_vsnodes_deaths: 0.
num_space_committed: 468.
num_space_uncommitted: 0.
num_chunks_returned_to_freelist: 17.
num_chunks_taken_from_freelist: 2079.
num_chunk_merges: 8.
num_chunk_splits: 1326.
num_chunks_enlarged: 789.
num_inconsistent_stats: 0.

CodeHeap 'non-profiled nmethods': size=120000Kb used=2046Kb max_used=2046Kb free=117953Kb
 bounds [0x000001fb87ad0000, 0x000001fb87d40000, 0x000001fb8f000000]
CodeHeap 'profiled nmethods': size=120000Kb used=9141Kb max_used=9141Kb free=110858Kb
 bounds [0x000001fb80000000, 0x000001fb808f0000, 0x000001fb87530000]
CodeHeap 'non-nmethods': size=5760Kb used=1339Kb max_used=1369Kb free=4421Kb
 bounds [0x000001fb87530000, 0x000001fb877a0000, 0x000001fb87ad0000]
CodeCache: size=245760Kb, used=12526Kb, max_used=12556Kb, free=233232Kb
 total_blobs=5057, nmethods=4426, adapters=537, full_count=0
Compilation: enabled, stopped_count=0, restarted_count=0

Compilation events (20 events):
Event: 10.956 Thread 0x000001fbfbaf98c0 4371       3       com.sun.org.apache.xerces.internal.dom.NodeImpl::needsSyncData (15 bytes)
Event: 10.962 Thread 0x000001fbfbaf98c0 nmethod 4371 0x000001fb808d4390 code [0x000001fb808d4520, 0x000001fb808d4688]
Event: 11.047 Thread 0x000001fbfbaf98c0 4372       1       com.sun.org.apache.xerces.internal.dom.DocumentImpl::setMutationEvents (6 bytes)
Event: 11.047 Thread 0x000001fbfbaf98c0 nmethod 4372 0x000001fb87cc9d90 code [0x000001fb87cc9f20, 0x000001fb87cc9ff0]
Event: 11.100 Thread 0x000001fbfbaf98c0 4373       3       java.lang.Boolean::valueOf (17 bytes)
Event: 11.101 Thread 0x000001fbfbaf98c0 nmethod 4373 0x000001fb808d4710 code [0x000001fb808d48e0, 0x000001fb808d4ae8]
Event: 11.102 Thread 0x000001fbfbaf98c0 4374       3       com.sun.org.apache.xerces.internal.dom.NodeImpl::isOwned (16 bytes)
Event: 11.102 Thread 0x000001fbfbaf98c0 nmethod 4374 0x000001fb808d4b90 code [0x000001fb808d4d20, 0x000001fb808d4e88]
Event: 11.106 Thread 0x000001fbfbaf98c0 4375       3       com.sun.org.apache.xerces.internal.dom.DeferredDocumentImpl::clearChunkValue (69 bytes)
Event: 11.107 Thread 0x000001fbfbaf98c0 nmethod 4375 0x000001fb808d4f10 code [0x000001fb808d5100, 0x000001fb808d57f0]
Event: 11.107 Thread 0x000001fbfbaf98c0 4376       3       com.sun.org.apache.xerces.internal.dom.AttrImpl::getNodeName (16 bytes)
Event: 11.109 Thread 0x000001fbfbaf98c0 nmethod 4376 0x000001fb808d5a90 code [0x000001fb808d5c40, 0x000001fb808d5f00]
Event: 11.109 Thread 0x000001fbfbaf98c0 4378       1       com.sun.org.apache.xerces.internal.dom.ChildNode::getNextSibling (5 bytes)
Event: 11.110 Thread 0x000001fbfbaf98c0 nmethod 4378 0x000001fb87cca090 code [0x000001fb87cca220, 0x000001fb87cca2e8]
Event: 11.110 Thread 0x000001fbfbaf98c0 4377       3       com.sun.org.apache.xerces.internal.dom.DeferredDocumentImpl::clearChunkIndex (57 bytes)
Event: 11.112 Thread 0x000001fbfbaf98c0 nmethod 4377 0x000001fb808d6010 code [0x000001fb808d61e0, 0x000001fb808d6598]
Event: 11.112 Thread 0x000001fbfbaf98c0 4379       1       com.sun.org.apache.xerces.internal.dom.TextImpl::getNodeType (2 bytes)
Event: 11.112 Thread 0x000001fbfbaf98c0 nmethod 4379 0x000001fb87cca390 code [0x000001fb87cca520, 0x000001fb87cca5e8]
Event: 11.427 Thread 0x000001fbfbaf98c0 4380       3       java.lang.Thread::isVirtual (5 bytes)
Event: 11.428 Thread 0x000001fbfbaf98c0 nmethod 4380 0x000001fb808d6790 code [0x000001fb808d6940, 0x000001fb808d6b48]

GC Heap History (20 events):
Event: 2.175 GC heap before
{Heap before GC invocations=2 (full 0):
 PSYoungGen      total 29696K, used 28903K [0x00000000d5580000, 0x00000000d7680000, 0x0000000100000000)
  eden space 25600K, 100% used [0x00000000d5580000,0x00000000d6e80000,0x00000000d6e80000)
  from space 4096K, 80% used [0x00000000d6e80000,0x00000000d71b9e98,0x00000000d7280000)
  to   space 4096K, 0% used [0x00000000d7280000,0x00000000d7280000,0x00000000d7680000)
 ParOldGen       total 68608K, used 16K [0x0000000080000000, 0x0000000084300000, 0x00000000d5580000)
  object space 68608K, 0% used [0x0000000080000000,0x0000000080004000,0x0000000084300000)
 Metaspace       used 8015K, committed 8256K, reserved 1114112K
  class space    used 834K, committed 960K, reserved 1048576K
}
Event: 2.183 GC heap after
{Heap after GC invocations=2 (full 0):
 PSYoungGen      total 29696K, used 4070K [0x00000000d5580000, 0x00000000d7680000, 0x0000000100000000)
  eden space 25600K, 0% used [0x00000000d5580000,0x00000000d5580000,0x00000000d6e80000)
  from space 4096K, 99% used [0x00000000d7280000,0x00000000d7679800,0x00000000d7680000)
  to   space 4096K, 0% used [0x00000000d6e80000,0x00000000d6e80000,0x00000000d7280000)
 ParOldGen       total 68608K, used 1960K [0x0000000080000000, 0x0000000084300000, 0x00000000d5580000)
  object space 68608K, 2% used [0x0000000080000000,0x00000000801ea320,0x0000000084300000)
 Metaspace       used 8015K, committed 8256K, reserved 1114112K
  class space    used 834K, committed 960K, reserved 1048576K
}
Event: 2.739 GC heap before
{Heap before GC invocations=3 (full 0):
 PSYoungGen      total 29696K, used 29618K [0x00000000d5580000, 0x00000000d7680000, 0x0000000100000000)
  eden space 25600K, 99% used [0x00000000d5580000,0x00000000d6e73368,0x00000000d6e80000)
  from space 4096K, 99% used [0x00000000d7280000,0x00000000d7679800,0x00000000d7680000)
  to   space 4096K, 0% used [0x00000000d6e80000,0x00000000d6e80000,0x00000000d7280000)
 ParOldGen       total 68608K, used 1960K [0x0000000080000000, 0x0000000084300000, 0x00000000d5580000)
  object space 68608K, 2% used [0x0000000080000000,0x00000000801ea320,0x0000000084300000)
 Metaspace       used 9484K, committed 9792K, reserved 1114112K
  class space    used 1012K, committed 1152K, reserved 1048576K
}
Event: 2.746 GC heap after
{Heap after GC invocations=3 (full 0):
 PSYoungGen      total 29696K, used 4088K [0x00000000d5580000, 0x00000000d7680000, 0x0000000100000000)
  eden space 25600K, 0% used [0x00000000d5580000,0x00000000d5580000,0x00000000d6e80000)
  from space 4096K, 99% used [0x00000000d6e80000,0x00000000d727e0a8,0x00000000d7280000)
  to   space 4096K, 0% used [0x00000000d7280000,0x00000000d7280000,0x00000000d7680000)
 ParOldGen       total 68608K, used 4708K [0x0000000080000000, 0x0000000084300000, 0x00000000d5580000)
  object space 68608K, 6% used [0x0000000080000000,0x0000000080499010,0x0000000084300000)
 Metaspace       used 9484K, committed 9792K, reserved 1114112K
  class space    used 1012K, committed 1152K, reserved 1048576K
}
Event: 5.316 GC heap before
{Heap before GC invocations=4 (full 0):
 PSYoungGen      total 29696K, used 29688K [0x00000000d5580000, 0x00000000d7680000, 0x0000000100000000)
  eden space 25600K, 100% used [0x00000000d5580000,0x00000000d6e80000,0x00000000d6e80000)
  from space 4096K, 99% used [0x00000000d6e80000,0x00000000d727e0a8,0x00000000d7280000)
  to   space 4096K, 0% used [0x00000000d7280000,0x00000000d7280000,0x00000000d7680000)
 ParOldGen       total 68608K, used 4708K [0x0000000080000000, 0x0000000084300000, 0x00000000d5580000)
  object space 68608K, 6% used [0x0000000080000000,0x0000000080499010,0x0000000084300000)
 Metaspace       used 11632K, committed 12032K, reserved 1114112K
  class space    used 1230K, committed 1408K, reserved 1048576K
}
Event: 5.324 GC heap after
{Heap after GC invocations=4 (full 0):
 PSYoungGen      total 29696K, used 4084K [0x00000000d5580000, 0x00000000d7680000, 0x0000000100000000)
  eden space 25600K, 0% used [0x00000000d5580000,0x00000000d5580000,0x00000000d6e80000)
  from space 4096K, 99% used [0x00000000d7280000,0x00000000d767d108,0x00000000d7680000)
  to   space 4096K, 0% used [0x00000000d6e80000,0x00000000d6e80000,0x00000000d7280000)
 ParOldGen       total 68608K, used 6655K [0x0000000080000000, 0x0000000084300000, 0x00000000d5580000)
  object space 68608K, 9% used [0x0000000080000000,0x000000008067fd20,0x0000000084300000)
 Metaspace       used 11632K, committed 12032K, reserved 1114112K
  class space    used 1230K, committed 1408K, reserved 1048576K
}
Event: 6.069 GC heap before
{Heap before GC invocations=5 (full 0):
 PSYoungGen      total 29696K, used 29684K [0x00000000d5580000, 0x00000000d7680000, 0x0000000100000000)
  eden space 25600K, 100% used [0x00000000d5580000,0x00000000d6e80000,0x00000000d6e80000)
  from space 4096K, 99% used [0x00000000d7280000,0x00000000d767d108,0x00000000d7680000)
  to   space 4096K, 0% used [0x00000000d6e80000,0x00000000d6e80000,0x00000000d7280000)
 ParOldGen       total 68608K, used 6655K [0x0000000080000000, 0x0000000084300000, 0x00000000d5580000)
  object space 68608K, 9% used [0x0000000080000000,0x000000008067fd20,0x0000000084300000)
 Metaspace       used 15557K, committed 16128K, reserved 1114112K
  class space    used 1618K, committed 1856K, reserved 1048576K
}
Event: 6.075 GC heap after
{Heap after GC invocations=5 (full 0):
 PSYoungGen      total 29184K, used 4069K [0x00000000d5580000, 0x00000000d7900000, 0x0000000100000000)
  eden space 25088K, 0% used [0x00000000d5580000,0x00000000d5580000,0x00000000d6e00000)
  from space 4096K, 99% used [0x00000000d6e80000,0x00000000d7279720,0x00000000d7280000)
  to   space 5632K, 0% used [0x00000000d7380000,0x00000000d7380000,0x00000000d7900000)
 ParOldGen       total 68608K, used 7727K [0x0000000080000000, 0x0000000084300000, 0x00000000d5580000)
  object space 68608K, 11% used [0x0000000080000000,0x000000008078bd30,0x0000000084300000)
 Metaspace       used 15557K, committed 16128K, reserved 1114112K
  class space    used 1618K, committed 1856K, reserved 1048576K
}
Event: 6.779 GC heap before
{Heap before GC invocations=6 (full 0):
 PSYoungGen      total 29184K, used 29157K [0x00000000d5580000, 0x00000000d7900000, 0x0000000100000000)
  eden space 25088K, 100% used [0x00000000d5580000,0x00000000d6e00000,0x00000000d6e00000)
  from space 4096K, 99% used [0x00000000d6e80000,0x00000000d7279720,0x00000000d7280000)
  to   space 5632K, 0% used [0x00000000d7380000,0x00000000d7380000,0x00000000d7900000)
 ParOldGen       total 68608K, used 7727K [0x0000000080000000, 0x0000000084300000, 0x00000000d5580000)
  object space 68608K, 11% used [0x0000000080000000,0x000000008078bd30,0x0000000084300000)
 Metaspace       used 18666K, committed 19392K, reserved 1114112K
  class space    used 1962K, committed 2240K, reserved 1048576K
}
Event: 6.785 GC heap after
{Heap after GC invocations=6 (full 0):
 PSYoungGen      total 30208K, used 5608K [0x00000000d5580000, 0x00000000d7980000, 0x0000000100000000)
  eden space 24576K, 0% used [0x00000000d5580000,0x00000000d5580000,0x00000000d6d80000)
  from space 5632K, 99% used [0x00000000d7380000,0x00000000d78fa1d0,0x00000000d7900000)
  to   space 6144K, 0% used [0x00000000d6d80000,0x00000000d6d80000,0x00000000d7380000)
 ParOldGen       total 68608K, used 7743K [0x0000000080000000, 0x0000000084300000, 0x00000000d5580000)
  object space 68608K, 11% used [0x0000000080000000,0x000000008078fd30,0x0000000084300000)
 Metaspace       used 18666K, committed 19392K, reserved 1114112K
  class space    used 1962K, committed 2240K, reserved 1048576K
}
Event: 7.140 GC heap before
{Heap before GC invocations=7 (full 0):
 PSYoungGen      total 30208K, used 26167K [0x00000000d5580000, 0x00000000d7980000, 0x0000000100000000)
  eden space 24576K, 83% used [0x00000000d5580000,0x00000000d6993cd8,0x00000000d6d80000)
  from space 5632K, 99% used [0x00000000d7380000,0x00000000d78fa1d0,0x00000000d7900000)
  to   space 6144K, 0% used [0x00000000d6d80000,0x00000000d6d80000,0x00000000d7380000)
 ParOldGen       total 68608K, used 7743K [0x0000000080000000, 0x0000000084300000, 0x00000000d5580000)
  object space 68608K, 11% used [0x0000000080000000,0x000000008078fd30,0x0000000084300000)
 Metaspace       used 20666K, committed 21504K, reserved 1114112K
  class space    used 2213K, committed 2560K, reserved 1048576K
}
Event: 7.147 GC heap after
{Heap after GC invocations=7 (full 0):
 PSYoungGen      total 29184K, used 4514K [0x00000000d5580000, 0x00000000d7780000, 0x0000000100000000)
  eden space 24576K, 0% used [0x00000000d5580000,0x00000000d5580000,0x00000000d6d80000)
  from space 4608K, 97% used [0x00000000d6d80000,0x00000000d71e89f8,0x00000000d7200000)
  to   space 5120K, 0% used [0x00000000d7280000,0x00000000d7280000,0x00000000d7780000)
 ParOldGen       total 68608K, used 9226K [0x0000000080000000, 0x0000000084300000, 0x00000000d5580000)
  object space 68608K, 13% used [0x0000000080000000,0x0000000080902a00,0x0000000084300000)
 Metaspace       used 20666K, committed 21504K, reserved 1114112K
  class space    used 2213K, committed 2560K, reserved 1048576K
}
Event: 7.147 GC heap before
{Heap before GC invocations=8 (full 1):
 PSYoungGen      total 29184K, used 4514K [0x00000000d5580000, 0x00000000d7780000, 0x0000000100000000)
  eden space 24576K, 0% used [0x00000000d5580000,0x00000000d5580000,0x00000000d6d80000)
  from space 4608K, 97% used [0x00000000d6d80000,0x00000000d71e89f8,0x00000000d7200000)
  to   space 5120K, 0% used [0x00000000d7280000,0x00000000d7280000,0x00000000d7780000)
 ParOldGen       total 68608K, used 9226K [0x0000000080000000, 0x0000000084300000, 0x00000000d5580000)
  object space 68608K, 13% used [0x0000000080000000,0x0000000080902a00,0x0000000084300000)
 Metaspace       used 20666K, committed 21504K, reserved 1114112K
  class space    used 2213K, committed 2560K, reserved 1048576K
}
Event: 7.204 GC heap after
{Heap after GC invocations=8 (full 1):
 PSYoungGen      total 29184K, used 0K [0x00000000d5580000, 0x00000000d7780000, 0x0000000100000000)
  eden space 24576K, 0% used [0x00000000d5580000,0x00000000d5580000,0x00000000d6d80000)
  from space 4608K, 0% used [0x00000000d6d80000,0x00000000d6d80000,0x00000000d7200000)
  to   space 5120K, 0% used [0x00000000d7280000,0x00000000d7280000,0x00000000d7780000)
 ParOldGen       total 68608K, used 13147K [0x0000000080000000, 0x0000000084300000, 0x00000000d5580000)
  object space 68608K, 19% used [0x0000000080000000,0x0000000080cd6fa0,0x0000000084300000)
 Metaspace       used 20653K, committed 21504K, reserved 1114112K
  class space    used 2210K, committed 2560K, reserved 1048576K
}
Event: 7.566 GC heap before
{Heap before GC invocations=9 (full 1):
 PSYoungGen      total 29184K, used 24576K [0x00000000d5580000, 0x00000000d7780000, 0x0000000100000000)
  eden space 24576K, 100% used [0x00000000d5580000,0x00000000d6d80000,0x00000000d6d80000)
  from space 4608K, 0% used [0x00000000d6d80000,0x00000000d6d80000,0x00000000d7200000)
  to   space 5120K, 0% used [0x00000000d7280000,0x00000000d7280000,0x00000000d7780000)
 ParOldGen       total 68608K, used 13147K [0x0000000080000000, 0x0000000084300000, 0x00000000d5580000)
  object space 68608K, 19% used [0x0000000080000000,0x0000000080cd6fa0,0x0000000084300000)
 Metaspace       used 22798K, committed 23808K, reserved 1114112K
  class space    used 2412K, committed 2880K, reserved 1048576K
}
Event: 7.568 GC heap after
{Heap after GC invocations=9 (full 1):
 PSYoungGen      total 27648K, used 3167K [0x00000000d5580000, 0x00000000d7600000, 0x0000000100000000)
  eden space 24064K, 0% used [0x00000000d5580000,0x00000000d5580000,0x00000000d6d00000)
  from space 3584K, 88% used [0x00000000d7280000,0x00000000d7597e70,0x00000000d7600000)
  to   space 4096K, 0% used [0x00000000d6e00000,0x00000000d6e00000,0x00000000d7200000)
 ParOldGen       total 68608K, used 13155K [0x0000000080000000, 0x0000000084300000, 0x00000000d5580000)
  object space 68608K, 19% used [0x0000000080000000,0x0000000080cd8fa0,0x0000000084300000)
 Metaspace       used 22798K, committed 23808K, reserved 1114112K
  class space    used 2412K, committed 2880K, reserved 1048576K
}
Event: 7.833 GC heap before
{Heap before GC invocations=10 (full 1):
 PSYoungGen      total 27648K, used 27231K [0x00000000d5580000, 0x00000000d7600000, 0x0000000100000000)
  eden space 24064K, 100% used [0x00000000d5580000,0x00000000d6d00000,0x00000000d6d00000)
  from space 3584K, 88% used [0x00000000d7280000,0x00000000d7597e70,0x00000000d7600000)
  to   space 4096K, 0% used [0x00000000d6e00000,0x00000000d6e00000,0x00000000d7200000)
 ParOldGen       total 68608K, used 13155K [0x0000000080000000, 0x0000000084300000, 0x00000000d5580000)
  object space 68608K, 19% used [0x0000000080000000,0x0000000080cd8fa0,0x0000000084300000)
 Metaspace       used 26130K, committed 27136K, reserved 1114112K
  class space    used 2661K, committed 3136K, reserved 1048576K
}
Event: 7.835 GC heap after
{Heap after GC invocations=10 (full 1):
 PSYoungGen      total 27648K, used 3608K [0x00000000d5580000, 0x00000000d7480000, 0x0000000100000000)
  eden space 23552K, 0% used [0x00000000d5580000,0x00000000d5580000,0x00000000d6c80000)
  from space 4096K, 88% used [0x00000000d6e00000,0x00000000d71862b8,0x00000000d7200000)
  to   space 2560K, 0% used [0x00000000d7200000,0x00000000d7200000,0x00000000d7480000)
 ParOldGen       total 68608K, used 13163K [0x0000000080000000, 0x0000000084300000, 0x00000000d5580000)
  object space 68608K, 19% used [0x0000000080000000,0x0000000080cdafa0,0x0000000084300000)
 Metaspace       used 26130K, committed 27136K, reserved 1114112K
  class space    used 2661K, committed 3136K, reserved 1048576K
}
Event: 8.071 GC heap before
{Heap before GC invocations=11 (full 1):
 PSYoungGen      total 27648K, used 27160K [0x00000000d5580000, 0x00000000d7480000, 0x0000000100000000)
  eden space 23552K, 100% used [0x00000000d5580000,0x00000000d6c80000,0x00000000d6c80000)
  from space 4096K, 88% used [0x00000000d6e00000,0x00000000d71862b8,0x00000000d7200000)
  to   space 2560K, 0% used [0x00000000d7200000,0x00000000d7200000,0x00000000d7480000)
 ParOldGen       total 68608K, used 13163K [0x0000000080000000, 0x0000000084300000, 0x00000000d5580000)
  object space 68608K, 19% used [0x0000000080000000,0x0000000080cdafa0,0x0000000084300000)
 Metaspace       used 27731K, committed 28736K, reserved 1114112K
  class space    used 2761K, committed 3200K, reserved 1048576K
}
Event: 8.074 GC heap after
{Heap after GC invocations=11 (full 1):
 PSYoungGen      total 25600K, used 2536K [0x00000000d5580000, 0x00000000d7480000, 0x0000000100000000)
  eden space 23040K, 0% used [0x00000000d5580000,0x00000000d5580000,0x00000000d6c00000)
  from space 2560K, 99% used [0x00000000d7200000,0x00000000d747a2b0,0x00000000d7480000)
  to   space 3072K, 0% used [0x00000000d6e80000,0x00000000d6e80000,0x00000000d7180000)
 ParOldGen       total 68608K, used 14209K [0x0000000080000000, 0x0000000084300000, 0x00000000d5580000)
  object space 68608K, 20% used [0x0000000080000000,0x0000000080de0668,0x0000000084300000)
 Metaspace       used 27731K, committed 28736K, reserved 1114112K
  class space    used 2761K, committed 3200K, reserved 1048576K
}

Dll operation events (10 events):
Event: 0.026 Loaded shared library c:\Users\Aditya Yadav\.vscode\extensions\redhat.java-1.55.0-win32-x64\jre\21.0.11-win32-x86_64\bin\java.dll
Event: 0.068 Loaded shared library c:\Users\Aditya Yadav\.vscode\extensions\redhat.java-1.55.0-win32-x64\jre\21.0.11-win32-x86_64\bin\zip.dll
Event: 0.163 Loaded shared library C:\Users\Aditya Yadav\.vscode\extensions\redhat.java-1.55.0-win32-x64\jre\21.0.11-win32-x86_64\bin\instrument.dll
Event: 0.171 Loaded shared library C:\Users\Aditya Yadav\.vscode\extensions\redhat.java-1.55.0-win32-x64\jre\21.0.11-win32-x86_64\bin\net.dll
Event: 0.174 Loaded shared library C:\Users\Aditya Yadav\.vscode\extensions\redhat.java-1.55.0-win32-x64\jre\21.0.11-win32-x86_64\bin\nio.dll
Event: 0.182 Loaded shared library C:\Users\Aditya Yadav\.vscode\extensions\redhat.java-1.55.0-win32-x64\jre\21.0.11-win32-x86_64\bin\zip.dll
Event: 0.211 Loaded shared library C:\Users\Aditya Yadav\.vscode\extensions\redhat.java-1.55.0-win32-x64\jre\21.0.11-win32-x86_64\bin\jimage.dll
Event: 0.331 Loaded shared library c:\Users\Aditya Yadav\.vscode\extensions\redhat.java-1.55.0-win32-x64\jre\21.0.11-win32-x86_64\bin\verify.dll
Event: 2.213 Loaded shared library C:\Users\Aditya Yadav\AppData\Roaming\Code\User\globalStorage\redhat.java\1.55.0\config_win\org.eclipse.equinox.launcher\org.eclipse.equinox.launcher.win32.win32.x86_64_1.3.100.v20260613-0559\eclipse_11924.dll
Event: 6.362 Loaded shared library C:\Users\Aditya Yadav\AppData\Local\Temp\jna--554957049\jna9919871023541943922.dll

Deoptimization events (20 events):
Event: 10.385 Thread 0x000001fbd95b44e0 Uncommon trap: trap_request=0xffffffde fr.pc=0x000001fb87c1d620 relative=0x00000000000003a0
Event: 10.386 Thread 0x000001fbd95b44e0 Uncommon trap: reason=class_check action=maybe_recompile pc=0x000001fb87c1d620 method=java.util.regex.Pattern$BmpCharPropertyGreedy.match(Ljava/util/regex/Matcher;ILjava/lang/CharSequence;)Z @ 21 c2
Event: 10.386 Thread 0x000001fbd95b44e0 DEOPT PACKING pc=0x000001fb87c1d620 sp=0x00000006c65fe8d0
Event: 10.386 Thread 0x000001fbd95b44e0 DEOPT UNPACKING pc=0x000001fb87583aa2 sp=0x00000006c65fe860 mode 2
Event: 10.510 Thread 0x000001fbd95b44e0 Uncommon trap: trap_request=0xffffffde fr.pc=0x000001fb87c8389c relative=0x00000000000008dc
Event: 10.510 Thread 0x000001fbd95b44e0 Uncommon trap: reason=class_check action=maybe_recompile pc=0x000001fb87c8389c method=java.io.BufferedInputStream.implRead([BII)I @ 100 c2
Event: 10.511 Thread 0x000001fbd95b44e0 DEOPT PACKING pc=0x000001fb87c8389c sp=0x00000006c65fe6d0
Event: 10.511 Thread 0x000001fbd95b44e0 DEOPT UNPACKING pc=0x000001fb87583aa2 sp=0x00000006c65fe6a8 mode 2
Event: 10.511 Thread 0x000001fbd95b44e0 Uncommon trap: trap_request=0xffffff45 fr.pc=0x000001fb87b51a7c relative=0x000000000000021c
Event: 10.512 Thread 0x000001fbd95b44e0 Uncommon trap: reason=unstable_if action=reinterpret pc=0x000001fb87b51a7c method=java.io.BufferedInputStream.read1([BII)I @ 34 c2
Event: 10.512 Thread 0x000001fbd95b44e0 DEOPT PACKING pc=0x000001fb87b51a7c sp=0x00000006c65fe660
Event: 10.513 Thread 0x000001fbd95b44e0 DEOPT UNPACKING pc=0x000001fb87583aa2 sp=0x00000006c65fe618 mode 2
Event: 10.738 Thread 0x000001fbd95b44e0 Uncommon trap: trap_request=0xffffff45 fr.pc=0x000001fb87cc9c68 relative=0x00000000000000c8
Event: 10.738 Thread 0x000001fbd95b44e0 Uncommon trap: reason=unstable_if action=reinterpret pc=0x000001fb87cc9c68 method=org.codehaus.plexus.util.xml.pull.MXParser.more()C @ 8 c2
Event: 10.738 Thread 0x000001fbd95b44e0 DEOPT PACKING pc=0x000001fb87cc9c68 sp=0x00000006c65fec00
Event: 10.738 Thread 0x000001fbd95b44e0 DEOPT UNPACKING pc=0x000001fb87583aa2 sp=0x00000006c65feb88 mode 2
Event: 10.738 Thread 0x000001fbd95b44e0 Uncommon trap: trap_request=0xffffff45 fr.pc=0x000001fb87c83904 relative=0x0000000000000944
Event: 10.738 Thread 0x000001fbd95b44e0 Uncommon trap: reason=unstable_if action=reinterpret pc=0x000001fb87c83904 method=java.io.BufferedInputStream.read1([BII)I @ 34 c2
Event: 10.739 Thread 0x000001fbd95b44e0 DEOPT PACKING pc=0x000001fb87c83904 sp=0x00000006c65fe6c0
Event: 10.739 Thread 0x000001fbd95b44e0 DEOPT UNPACKING pc=0x000001fb87583aa2 sp=0x00000006c65fe608 mode 2

Classes loaded (20 events):
Event: 10.399 Loading class com/sun/org/apache/xerces/internal/impl/msg/XMLSerializerMessages_en
Event: 10.400 Loading class com/sun/org/apache/xerces/internal/impl/msg/XMLSerializerMessages_en done
Event: 10.400 Loading class com/sun/org/apache/xerces/internal/impl/msg/XMLSerializerMessages_en
Event: 10.400 Loading class com/sun/org/apache/xerces/internal/impl/msg/XMLSerializerMessages_en done
Event: 10.400 Loading class com/sun/org/apache/xerces/internal/impl/msg/XMLSerializerMessages_en_IN
Event: 10.400 Loading class com/sun/org/apache/xerces/internal/impl/msg/XMLSerializerMessages_en_IN done
Event: 10.400 Loading class com/sun/org/apache/xerces/internal/impl/msg/XMLSerializerMessages_en_IN
Event: 10.400 Loading class com/sun/org/apache/xerces/internal/impl/msg/XMLSerializerMessages_en_IN done
Event: 10.407 Loading class com/sun/org/apache/xerces/internal/impl/msg/XMLMessages
Event: 10.407 Loading class com/sun/org/apache/xerces/internal/impl/msg/XMLMessages done
Event: 10.408 Loading class com/sun/org/apache/xerces/internal/impl/msg/XMLMessages
Event: 10.408 Loading class com/sun/org/apache/xerces/internal/impl/msg/XMLMessages done
Event: 10.433 Loading class com/sun/org/apache/xerces/internal/impl/msg/XMLMessages_en
Event: 10.434 Loading class com/sun/org/apache/xerces/internal/impl/msg/XMLMessages_en done
Event: 10.434 Loading class com/sun/org/apache/xerces/internal/impl/msg/XMLMessages_en
Event: 10.434 Loading class com/sun/org/apache/xerces/internal/impl/msg/XMLMessages_en done
Event: 10.440 Loading class com/sun/org/apache/xerces/internal/impl/msg/XMLMessages_en_IN
Event: 10.441 Loading class com/sun/org/apache/xerces/internal/impl/msg/XMLMessages_en_IN done
Event: 10.441 Loading class com/sun/org/apache/xerces/internal/impl/msg/XMLMessages_en_IN
Event: 10.441 Loading class com/sun/org/apache/xerces/internal/impl/msg/XMLMessages_en_IN done

Classes unloaded (7 events):
Event: 7.156 Thread 0x000001fbfbac3620 Unloading class 0x000001fb941a4400 'java/lang/invoke/LambdaForm$MH+0x000001fb941a4400'
Event: 7.156 Thread 0x000001fbfbac3620 Unloading class 0x000001fb941a4000 'java/lang/invoke/LambdaForm$MH+0x000001fb941a4000'
Event: 7.156 Thread 0x000001fbfbac3620 Unloading class 0x000001fb941a3c00 'java/lang/invoke/LambdaForm$MH+0x000001fb941a3c00'
Event: 7.156 Thread 0x000001fbfbac3620 Unloading class 0x000001fb941a3800 'java/lang/invoke/LambdaForm$MH+0x000001fb941a3800'
Event: 7.156 Thread 0x000001fbfbac3620 Unloading class 0x000001fb941a3400 'java/lang/invoke/LambdaForm$BMH+0x000001fb941a3400'
Event: 7.156 Thread 0x000001fbfbac3620 Unloading class 0x000001fb941a3000 'java/lang/invoke/LambdaForm$DMH+0x000001fb941a3000'
Event: 7.156 Thread 0x000001fbfbac3620 Unloading class 0x000001fb941a2000 'java/lang/invoke/LambdaForm$DMH+0x000001fb941a2000'

Classes redefined (0 events):
No events

Internal exceptions (20 events):
Event: 7.220 Thread 0x000001fbd9cf3e70 Exception <a 'java/lang/NoSuchMethodError'{0x00000000d55cf2f0}: 'java.lang.Object java.lang.invoke.Invokers$Holder.invoke_MT(java.lang.Object, java.lang.Object, java.lang.Object, java.lang.Object, java.lang.Object, java.lang.Object, java.lang.Object, java.lang.Object, java.lang.Object, java.lang.Object, java.lang.Object)'> (0x00000000d55cf2f0) 
thrown [s\src\hotspot\share\interpreter\linkResolver.cpp, line 773]
Event: 7.238 Thread 0x000001fbd9cf3e70 Exception <a 'java/lang/NoSuchMethodError'{0x00000000d565fcf8}: 'java.lang.Object java.lang.invoke.Invokers$Holder.invoke_MT(java.lang.Object, java.lang.Object, java.lang.Object, java.lang.Object, java.lang.Object, java.lang.Object, java.lang.Object, java.lang.Object, java.lang.Object, java.lang.Object)'> (0x00000000d565fcf8) 
thrown [s\src\hotspot\share\interpreter\linkResolver.cpp, line 773]
Event: 7.258 Thread 0x000001fbd9cf3e70 Exception <a 'java/lang/NoSuchMethodError'{0x00000000d571b958}: 'java.lang.Object java.lang.invoke.DirectMethodHandle$Holder.newInvokeSpecial(java.lang.Object, java.lang.Object, java.lang.Object, java.lang.Object, java.lang.Object, java.lang.Object, java.lang.Object)'> (0x00000000d571b958) 
thrown [s\src\hotspot\share\interpreter\linkResolver.cpp, line 773]
Event: 7.272 Thread 0x000001fbd9cf3e70 Exception <a 'java/lang/NoSuchMethodError'{0x00000000d5792680}: 'java.lang.Object java.lang.invoke.Invokers$Holder.invoker(java.lang.Object, java.lang.Object, java.lang.Object, java.lang.Object, java.lang.Object, java.lang.Object, java.lang.Object, java.lang.Object, java.lang.Object, java.lang.Object, java.lang.Object, java.lang.Object, java.lang.Object)'> (0x00000000d5792680) 
thrown [s\src\hotspot\share\interpreter\linkResolver.cpp, line 773]
Event: 7.273 Thread 0x000001fbd9cf3e70 Exception <a 'java/lang/NoSuchMethodError'{0x00000000d579ca38}: 'java.lang.Object java.lang.invoke.DelegatingMethodHandle$Holder.delegate(java.lang.Object, java.lang.Object, java.lang.Object, java.lang.Object, java.lang.Object, java.lang.Object, java.lang.Object, java.lang.Object, java.lang.Object, java.lang.Object, java.lang.Object, java.lang.Object, java.lang.Object)'> (0x00000000d579ca38) 
thrown [s\src\hotspot\share\interpreter\linkResolver.cpp, line 773]
Event: 7.282 Thread 0x000001fbd9cf3e70 Exception <a 'java/lang/NoSuchMethodError'{0x00000000d5808220}: static Lorg/eclipse/m2e/core/internal/lifecyclemapping/model/PluginExecutionMetadata;.<clinit>()V> (0x00000000d5808220) 
thrown [s\src\hotspot\share\prims\jni.cpp, line 1111]
Event: 7.294 Thread 0x000001fbd9cf3e70 Exception <a 'java/lang/NoSuchMethodError'{0x00000000d58682e8}: static Lorg/eclipse/m2e/core/internal/lifecyclemapping/model/PluginExecutionFilter;.<clinit>()V> (0x00000000d58682e8) 
thrown [s\src\hotspot\share\prims\jni.cpp, line 1111]
Event: 7.301 Thread 0x000001fbd9cf3e70 Exception <a 'java/lang/NoSuchMethodError'{0x00000000d5897f88}: static Lorg/eclipse/m2e/core/internal/project/registry/MavenProjectFacade$MavenProjectConfiguration;.<clinit>()V> (0x00000000d5897f88) 
thrown [s\src\hotspot\share\prims\jni.cpp, line 1111]
Event: 7.386 Thread 0x000001fbd95b2410 Exception <a 'java/lang/NoSuchMethodError'{0x00000000d5d70d38}: 'java.lang.Object java.lang.invoke.DirectMethodHandle$Holder.newInvokeSpecial(java.lang.Object, java.lang.Object, java.lang.Object, int)'> (0x00000000d5d70d38) 
thrown [s\src\hotspot\share\interpreter\linkResolver.cpp, line 773]
Event: 7.386 Thread 0x000001fbd95b2410 Exception <a 'java/lang/NoSuchMethodError'{0x00000000d5d748e8}: 'java.lang.Object java.lang.invoke.DirectMethodHandle$Holder.invokeSpecial(java.lang.Object, java.lang.Object, java.lang.Object, java.lang.Object, int)'> (0x00000000d5d748e8) 
thrown [s\src\hotspot\share\interpreter\linkResolver.cpp, line 773]
Event: 7.386 Thread 0x000001fbd95b2410 Exception <a 'java/lang/NoSuchMethodError'{0x00000000d5de5290}: 'java.lang.Object java.lang.invoke.Invokers$Holder.linkToTargetMethod(java.lang.Object, java.lang.Object, int, java.lang.Object)'> (0x00000000d5de5290) 
thrown [s\src\hotspot\share\interpreter\linkResolver.cpp, line 773]
Event: 7.411 Thread 0x000001fbd9cf3e70 Exception <a 'java/lang/NoSuchMethodError'{0x00000000d5ea9878}: 'double java.lang.invoke.DirectMethodHandle$Holder.invokeStatic(java.lang.Object, java.lang.Object)'> (0x00000000d5ea9878) 
thrown [s\src\hotspot\share\interpreter\linkResolver.cpp, line 773]
Event: 7.411 Thread 0x000001fbd9cf3e70 Exception <a 'java/lang/NoSuchMethodError'{0x00000000d5eacf08}: 'double java.lang.invoke.DirectMethodHandle$Holder.invokeStaticInit(java.lang.Object, java.lang.Object)'> (0x00000000d5eacf08) 
thrown [s\src\hotspot\share\interpreter\linkResolver.cpp, line 773]
Event: 7.807 Thread 0x000001fbd9cf3e70 Implicit null exception at 0x000001fb87cab1f5 to 0x000001fb87cab2e8
Event: 7.922 Thread 0x000001fbd9cf3e70 Exception <a 'java/lang/NoSuchMethodError'{0x00000000d664ec78}: 'java.lang.Object java.lang.invoke.DirectMethodHandle$Holder.newInvokeSpecial(java.lang.Object, int, java.lang.Object, java.lang.Object)'> (0x00000000d664ec78) 
thrown [s\src\hotspot\share\interpreter\linkResolver.cpp, line 773]
Event: 7.925 Thread 0x000001fbd9cf3e70 Exception <a 'java/io/FileNotFoundException'{0x00000000d6664a98}> (0x00000000d6664a98) 
thrown [s\src\hotspot\share\prims\jni.cpp, line 520]
Event: 7.926 Thread 0x000001fbd9cf3e70 Exception <a 'java/io/FileNotFoundException'{0x00000000d6665ac8}> (0x00000000d6665ac8) 
thrown [s\src\hotspot\share\prims\jni.cpp, line 520]
Event: 10.356 Thread 0x000001fbd9cf3e70 Exception <a 'java/lang/ClassNotFoundException'{0x00000000d5972fe0}: com/sun/org/apache/xerces/internal/impl/msg/spi/DOMMessagesProvider> (0x00000000d5972fe0) 
thrown [s\src\hotspot\share\classfile\systemDictionary.cpp, line 313]
Event: 10.367 Thread 0x000001fbd9cf3e70 Exception <a 'java/lang/ClassNotFoundException'{0x00000000d59846f8}: com/sun/org/apache/xerces/internal/impl/msg/spi/XMLSerializerMessagesProvider> (0x00000000d59846f8) 
thrown [s\src\hotspot\share\classfile\systemDictionary.cpp, line 313]
Event: 10.407 Thread 0x000001fbd9cf3e70 Exception <a 'java/lang/ClassNotFoundException'{0x00000000d5991a18}: com/sun/org/apache/xerces/internal/impl/msg/spi/XMLMessagesProvider> (0x00000000d5991a18) 
thrown [s\src\hotspot\share\classfile\systemDictionary.cpp, line 313]

ZGC Phase Switch (0 events):
No events

VM Operations (20 events):
Event: 6.779 Executing safepoint VM operation: ParallelGCFailedAllocation (Allocation Failure)
Event: 6.785 Executing safepoint VM operation: ParallelGCFailedAllocation (Allocation Failure) done
Event: 7.075 Executing non-safepoint VM operation: HandshakeAllThreads (Deoptimize)
Event: 7.075 Executing non-safepoint VM operation: HandshakeAllThreads (Deoptimize) done
Event: 7.140 Executing safepoint VM operation: CollectForMetadataAllocation (Metadata GC Threshold)
Event: 7.204 Executing safepoint VM operation: CollectForMetadataAllocation (Metadata GC Threshold) done
Event: 7.377 Executing non-safepoint VM operation: HandshakeAllThreads (Deoptimize)
Event: 7.377 Executing non-safepoint VM operation: HandshakeAllThreads (Deoptimize) done
Event: 7.566 Executing safepoint VM operation: ParallelGCFailedAllocation (Allocation Failure)
Event: 7.568 Executing safepoint VM operation: ParallelGCFailedAllocation (Allocation Failure) done
Event: 7.833 Executing safepoint VM operation: ParallelGCFailedAllocation (Allocation Failure)
Event: 7.835 Executing safepoint VM operation: ParallelGCFailedAllocation (Allocation Failure) done
Event: 8.071 Executing safepoint VM operation: ParallelGCFailedAllocation (Allocation Failure)
Event: 8.074 Executing safepoint VM operation: ParallelGCFailedAllocation (Allocation Failure) done
Event: 9.090 Executing safepoint VM operation: Cleanup
Event: 9.090 Executing safepoint VM operation: Cleanup done
Event: 10.211 Executing non-safepoint VM operation: HandshakeAllThreads (Deoptimize)
Event: 10.211 Executing non-safepoint VM operation: HandshakeAllThreads (Deoptimize) done
Event: 11.217 Executing safepoint VM operation: Cleanup
Event: 11.218 Executing safepoint VM operation: Cleanup done

Memory protections (0 events):
No events

Nmethod flushes (0 events):
No events

Events (20 events):
Event: 2.275 Thread 0x000001fbf985ca50 Thread added: 0x000001fbd9cf3e70
Event: 2.304 Thread 0x000001fbd94fe150 Thread exited: 0x000001fbd94fe150
Event: 2.304 Thread 0x000001fbd93203c0 Thread exited: 0x000001fbd93203c0
Event: 2.516 Thread 0x000001fbfbaf98c0 Thread added: 0x000001fbd9d6fee0
Event: 2.522 Thread 0x000001fbfbaf98c0 Thread added: 0x000001fbda18a410
Event: 2.838 Thread 0x000001fbd9cf3e70 Thread added: 0x000001fbda1049f0
Event: 3.038 Thread 0x000001fbda18a410 Thread exited: 0x000001fbda18a410
Event: 3.081 Thread 0x000001fbd9d6fee0 Thread exited: 0x000001fbd9d6fee0
Event: 5.102 Thread 0x000001fbd9cf3e70 Thread added: 0x000001fbda327140
Event: 5.423 Thread 0x000001fbfbaf98c0 Thread added: 0x000001fbda38a2b0
Event: 5.423 Thread 0x000001fbfbaf98c0 Thread added: 0x000001fbda38a960
Event: 5.725 Thread 0x000001fbda38a960 Thread exited: 0x000001fbda38a960
Event: 5.789 Thread 0x000001fbd9cf3e70 Thread added: 0x000001fbd9587540
Event: 6.399 Thread 0x000001fbd9cf3e70 Thread added: 0x000001fbd95b16f0
Event: 6.443 Thread 0x000001fbd9cf3e70 Thread added: 0x000001fbd95b44e0
Event: 6.475 Thread 0x000001fbd9cf3e70 Thread added: 0x000001fbd95b2410
Event: 6.681 Thread 0x000001fbd95b2410 Thread added: 0x000001fbd95b2aa0
Event: 7.720 Thread 0x000001fbda38a2b0 Thread exited: 0x000001fbda38a2b0
Event: 7.994 Thread 0x000001fbfbaf98c0 Thread added: 0x000001fbda64d230
Event: 7.994 Thread 0x000001fbfbaf98c0 Thread added: 0x000001fbdb412e70


Dynamic libraries:
0x00007ff6d4be0000 - 0x00007ff6d4bee000 	c:\Users\Aditya Yadav\.vscode\extensions\redhat.java-1.55.0-win32-x64\jre\21.0.11-win32-x86_64\bin\java.exe
0x00007fffe3fc0000 - 0x00007fffe4226000 	C:\WINDOWS\SYSTEM32\ntdll.dll
0x00007fffe3210000 - 0x00007fffe32d9000 	C:\WINDOWS\System32\KERNEL32.DLL
0x00007fffe16d0000 - 0x00007fffe1ad0000 	C:\WINDOWS\System32\KERNELBASE.dll
0x00007fffe1210000 - 0x00007fffe135c000 	C:\WINDOWS\System32\ucrtbase.dll
0x00007fffddb70000 - 0x00007fffddb88000 	c:\Users\Aditya Yadav\.vscode\extensions\redhat.java-1.55.0-win32-x64\jre\21.0.11-win32-x86_64\bin\jli.dll
0x00007fffddb50000 - 0x00007fffddb6e000 	c:\Users\Aditya Yadav\.vscode\extensions\redhat.java-1.55.0-win32-x64\jre\21.0.11-win32-x86_64\bin\VCRUNTIME140.dll
0x00007fffe2490000 - 0x00007fffe2657000 	C:\WINDOWS\System32\USER32.dll
0x00007fffe11e0000 - 0x00007fffe1207000 	C:\WINDOWS\System32\win32u.dll
0x00007fffbe360000 - 0x00007fffbe5f2000 	C:\WINDOWS\WinSxS\amd64_microsoft.windows.common-controls_6595b64144ccf1df_6.0.26100.8737_none_3e092eaee333b772\COMCTL32.dll
0x00007fffe3b50000 - 0x00007fffe3b7b000 	C:\WINDOWS\System32\GDI32.dll
0x00007fffe3b80000 - 0x00007fffe3c29000 	C:\WINDOWS\System32\msvcrt.dll
0x00007fffe1370000 - 0x00007fffe1499000 	C:\WINDOWS\System32\gdi32full.dll
0x00007fffe14a0000 - 0x00007fffe1543000 	C:\WINDOWS\System32\msvcp_win.dll
0x00007fffe2840000 - 0x00007fffe2872000 	C:\WINDOWS\System32\IMM32.DLL
0x00007fffddbe0000 - 0x00007fffddbec000 	c:\Users\Aditya Yadav\.vscode\extensions\redhat.java-1.55.0-win32-x64\jre\21.0.11-win32-x86_64\bin\vcruntime140_1.dll
0x00007fff99230000 - 0x00007fff992bd000 	c:\Users\Aditya Yadav\.vscode\extensions\redhat.java-1.55.0-win32-x64\jre\21.0.11-win32-x86_64\bin\msvcp140.dll
0x00007fff4de00000 - 0x00007fff4eba2000 	c:\Users\Aditya Yadav\.vscode\extensions\redhat.java-1.55.0-win32-x64\jre\21.0.11-win32-x86_64\bin\server\jvm.dll
0x00007fffe1e70000 - 0x00007fffe1f27000 	C:\WINDOWS\System32\ADVAPI32.dll
0x00007fffe2ab0000 - 0x00007fffe2b5a000 	C:\WINDOWS\System32\sechost.dll
0x00007fffe3e60000 - 0x00007fffe3f78000 	C:\WINDOWS\System32\RPCRT4.dll
0x00007fffe2880000 - 0x00007fffe2900000 	C:\WINDOWS\System32\WS2_32.dll
0x00007fffe1040000 - 0x00007fffe109e000 	C:\WINDOWS\SYSTEM32\POWRPROF.dll
0x00007fffc34f0000 - 0x00007fffc3526000 	C:\WINDOWS\SYSTEM32\WINMM.dll
0x00007fffccf80000 - 0x00007fffccf8b000 	C:\WINDOWS\SYSTEM32\VERSION.dll
0x00007fffe1020000 - 0x00007fffe1034000 	C:\WINDOWS\SYSTEM32\UMPDC.dll
0x00007fffdfe90000 - 0x00007fffdfeab000 	C:\WINDOWS\SYSTEM32\kernel.appcore.dll
0x00007fffddb40000 - 0x00007fffddb4a000 	c:\Users\Aditya Yadav\.vscode\extensions\redhat.java-1.55.0-win32-x64\jre\21.0.11-win32-x86_64\bin\jimage.dll
0x00007fffde700000 - 0x00007fffde942000 	C:\WINDOWS\SYSTEM32\DBGHELP.DLL
0x00007fffe1f60000 - 0x00007fffe22e3000 	C:\WINDOWS\System32\combase.dll
0x00007fffe2910000 - 0x00007fffe29e9000 	C:\WINDOWS\System32\OLEAUT32.dll
0x00007fffbd5c0000 - 0x00007fffbd5fb000 	C:\WINDOWS\SYSTEM32\dbgcore.DLL
0x00007fffe1c30000 - 0x00007fffe1cdc000 	C:\WINDOWS\System32\bcryptPrimitives.dll
0x00007fffddae0000 - 0x00007fffddaef000 	c:\Users\Aditya Yadav\.vscode\extensions\redhat.java-1.55.0-win32-x64\jre\21.0.11-win32-x86_64\bin\instrument.dll
0x00007fffddb10000 - 0x00007fffddb30000 	c:\Users\Aditya Yadav\.vscode\extensions\redhat.java-1.55.0-win32-x64\jre\21.0.11-win32-x86_64\bin\java.dll
0x00007fffe33b0000 - 0x00007fffe3b42000 	C:\WINDOWS\System32\SHELL32.dll
0x00007fffdec60000 - 0x00007fffdf4f2000 	C:\WINDOWS\SYSTEM32\windows.storage.dll
0x00007fffe3080000 - 0x00007fffe3177000 	C:\WINDOWS\System32\SHCORE.dll
0x00007fffe2310000 - 0x00007fffe2377000 	C:\WINDOWS\System32\shlwapi.dll
0x00007fffe1100000 - 0x00007fffe1129000 	C:\WINDOWS\SYSTEM32\profapi.dll
0x00007fffddaf0000 - 0x00007fffddb08000 	c:\Users\Aditya Yadav\.vscode\extensions\redhat.java-1.55.0-win32-x64\jre\21.0.11-win32-x86_64\bin\zip.dll
0x00007fffdda40000 - 0x00007fffdda50000 	C:\Users\Aditya Yadav\.vscode\extensions\redhat.java-1.55.0-win32-x64\jre\21.0.11-win32-x86_64\bin\net.dll
0x00007fffdbf80000 - 0x00007fffdc0a9000 	C:\WINDOWS\SYSTEM32\WINHTTP.dll
0x00007fffe0470000 - 0x00007fffe04dc000 	C:\WINDOWS\system32\mswsock.dll
0x00007fffd7f40000 - 0x00007fffd7f56000 	C:\Users\Aditya Yadav\.vscode\extensions\redhat.java-1.55.0-win32-x64\jre\21.0.11-win32-x86_64\bin\nio.dll
0x00007fffc0d00000 - 0x00007fffc0d10000 	c:\Users\Aditya Yadav\.vscode\extensions\redhat.java-1.55.0-win32-x64\jre\21.0.11-win32-x86_64\bin\verify.dll
0x00007fff72520000 - 0x00007fff72565000 	C:\Users\Aditya Yadav\AppData\Roaming\Code\User\globalStorage\redhat.java\1.55.0\config_win\org.eclipse.equinox.launcher\org.eclipse.equinox.launcher.win32.win32.x86_64_1.3.100.v20260613-0559\eclipse_11924.dll
0x00007fffe3c30000 - 0x00007fffe3dc9000 	C:\WINDOWS\System32\ole32.dll
0x00007fffe0770000 - 0x00007fffe078b000 	C:\WINDOWS\SYSTEM32\CRYPTSP.dll
0x00007fffdfdf0000 - 0x00007fffdfe29000 	C:\WINDOWS\system32\rsaenh.dll
0x00007fffe0530000 - 0x00007fffe0562000 	C:\WINDOWS\SYSTEM32\USERENV.dll
0x00007fffe10d0000 - 0x00007fffe10fa000 	C:\WINDOWS\SYSTEM32\bcrypt.dll
0x00007fffe0790000 - 0x00007fffe079c000 	C:\WINDOWS\SYSTEM32\CRYPTBASE.dll
0x00007fffdf880000 - 0x00007fffdf8b3000 	C:\WINDOWS\SYSTEM32\IPHLPAPI.DLL
0x00007fffe2380000 - 0x00007fffe238a000 	C:\WINDOWS\System32\NSI.dll
0x00007fff7ad80000 - 0x00007fff7adc9000 	C:\Users\Aditya Yadav\AppData\Local\Temp\jna--554957049\jna9919871023541943922.dll
0x00007fffe3200000 - 0x00007fffe3208000 	C:\WINDOWS\System32\PSAPI.DLL

JVMTI agents:
c:\Users\Aditya Yadav\.vscode\extensions\redhat.java-1.55.0-win32-x64\lombok\lombok-1.18.39-4050.jar path:c:\Users\Aditya Yadav\.vscode\extensions\redhat.java-1.55.0-win32-x64\jre\21.0.11-win32-x86_64\bin\instrument.dll, loaded, initialized, instrumentlib options:none

dbghelp: loaded successfully - version: 4.0.5 - missing functions: none
symbol engine: initialized successfully - sym options: 0x614 - pdb path: .;c:\Users\Aditya Yadav\.vscode\extensions\redhat.java-1.55.0-win32-x64\jre\21.0.11-win32-x86_64\bin;C:\WINDOWS\SYSTEM32;C:\WINDOWS\WinSxS\amd64_microsoft.windows.common-controls_6595b64144ccf1df_6.0.26100.8737_none_3e092eaee333b772;c:\Users\Aditya Yadav\.vscode\extensions\redhat.java-1.55.0-win32-x64\jre\21.0.11-win32-x86_64\bin\server;C:\Users\Aditya Yadav\AppData\Roaming\Code\User\globalStorage\redhat.java\1.55.0\config_win\org.eclipse.equinox.launcher\org.eclipse.equinox.launcher.win32.win32.x86_64_1.3.100.v20260613-0559;C:\Users\Aditya Yadav\AppData\Local\Temp\jna--554957049

VM Arguments:
jvm_args: --add-modules=ALL-SYSTEM --add-opens=java.base/java.util=ALL-UNNAMED --add-opens=java.base/java.lang=ALL-UNNAMED --add-opens=java.base/sun.nio.fs=ALL-UNNAMED -Declipse.application=org.eclipse.jdt.ls.core.id1 -Dosgi.bundles.defaultStartLevel=4 -Declipse.product=org.eclipse.jdt.ls.core.product -Djava.import.generatesMetadataFilesAtProjectRoot=false -DDetectVMInstallationsJob.disabled=true -Dfile.encoding=utf8 -XX:+UseParallelGC -XX:GCTimeRatio=4 -XX:AdaptiveSizePolicyWeight=90 -Dsun.zip.disableMemoryMapping=true -Xmx2G -Xms100m -Xlog:disable -javaagent:c:\Users\Aditya Yadav\.vscode\extensions\redhat.java-1.55.0-win32-x64\lombok\lombok-1.18.39-4050.jar -XX:+HeapDumpOnOutOfMemoryError -XX:HeapDumpPath=c:\Users\Aditya Yadav\AppData\Roaming\Code\User\workspaceStorage\fa515a9523a0477be37454fa372019a6\redhat.java -Daether.dependencyCollector.impl=bf 
java_command: c:\Users\Aditya Yadav\.vscode\extensions\redhat.java-1.55.0-win32-x64\server\plugins\org.eclipse.equinox.launcher_1.7.200.v20260619-2039.jar -configuration c:\Users\Aditya Yadav\AppData\Roaming\Code\User\globalStorage\redhat.java\1.55.0\config_win -data c:\Users\Aditya Yadav\AppData\Roaming\Code\User\workspaceStorage\fa515a9523a0477be37454fa372019a6\redhat.java\jdt_ws --pipe=\\.\pipe\lsp-0ed3fdc73ec83745b50781c66ded9df0-sock
java_class_path (initial): c:\Users\Aditya Yadav\.vscode\extensions\redhat.java-1.55.0-win32-x64\server\plugins\org.eclipse.equinox.launcher_1.7.200.v20260619-2039.jar
Launcher Type: SUN_STANDARD

[Global flags]
    uintx AdaptiveSizePolicyWeight                 = 90                                        {product} {command line}
     intx CICompilerCount                          = 4                                         {product} {ergonomic}
    uintx GCTimeRatio                              = 4                                         {product} {command line}
     bool HeapDumpOnOutOfMemoryError               = true                                   {manageable} {command line}
    ccstr HeapDumpPath                             = c:\Users\Aditya Yadav\AppData\Roaming\Code\User\workspaceStorage\fa515a9523a0477be37454fa372019a6\redhat.java         {manageable} {command line}
   size_t InitialHeapSize                          = 104857600                                 {product} {command line}
   size_t MaxHeapSize                              = 2147483648                                {product} {command line}
   size_t MaxNewSize                               = 715653120                                 {product} {ergonomic}
   size_t MinHeapDeltaBytes                        = 524288                                    {product} {ergonomic}
   size_t MinHeapSize                              = 104857600                                 {product} {command line}
   size_t NewSize                                  = 34603008                                  {product} {ergonomic}
    uintx NonNMethodCodeHeapSize                   = 5839372                                {pd product} {ergonomic}
    uintx NonProfiledCodeHeapSize                  = 122909434                              {pd product} {ergonomic}
   size_t OldSize                                  = 70254592                                  {product} {ergonomic}
    uintx ProfiledCodeHeapSize                     = 122909434                              {pd product} {ergonomic}
    uintx ReservedCodeCacheSize                    = 251658240                              {pd product} {ergonomic}
     bool SegmentedCodeCache                       = true                                      {product} {ergonomic}
   size_t SoftMaxHeapSize                          = 2147483648                             {manageable} {ergonomic}
     bool UseCompressedOops                        = true                           {product lp64_product} {ergonomic}
     bool UseLargePagesIndividualAllocation        = false                                  {pd product} {ergonomic}
     bool UseParallelGC                            = true                                      {product} {command line}

Logging:
Log output configuration:
 #0: stdout all=off uptime,level,tags foldmultilines=false
 #1: stderr all=off uptime,level,tags foldmultilines=false

Release file:
JAVA_VERSION="21.0.11" 
MODULES="java.base java.compiler java.datatransfer java.xml java.prefs java.desktop java.instrument java.logging java.management java.security.sasl java.naming java.rmi java.management.rmi java.net.http java.scripting java.security.jgss java.transaction.xa java.sql java.sql.rowset java.xml.crypto java.se java.smartcardio jdk.accessibility jdk.internal.jvmstat jdk.attach jdk.charsets jdk.internal.opt jdk.zipfs jdk.compiler jdk.crypto.ec jdk.crypto.cryptoki jdk.crypto.mscapi jdk.dynalink jdk.internal.ed jdk.editpad jdk.hotspot.agent jdk.httpserver jdk.internal.le jdk.internal.vm.ci jdk.internal.vm.compiler jdk.internal.vm.compiler.management jdk.jartool jdk.javadoc jdk.jcmd jdk.management jdk.management.agent jdk.jconsole jdk.jdeps jdk.jdwp.agent jdk.jdi jdk.jfr jdk.jshell jdk.jsobject jdk.jstatd jdk.localedata jdk.management.jfr jdk.naming.dns jdk.naming.rmi jdk.net jdk.nio.mapmode jdk.random jdk.sctp jdk.security.auth jdk.security.jgss jdk.unsupported jdk.unsupported.desktop jdk.xml.dom" 

Environment Variables:
JAVA_HOME=C:\Users\Aditya Yadav\AppData\Local\Programs\Eclipse Adoptium\jdk-17.0.8.7-hotspot\
PATH=C:\windows\system32;C:\windows;C:\windows\System32\Wbem;C:\windows\System32\WindowsPowerShell\v1.0\;C:\windows\System32\OpenSSH\;C:\Program Files (x86)\NVIDIA Corporation\PhysX\Common;C:\Program Files\NVIDIA Corporation\NVIDIA NvDLISR;C:\WINDOWS\system32;C:\WINDOWS;C:\WINDOWS\System32\Wbem;C:\WINDOWS\System32\WindowsPowerShell\v1.0\;C:\WINDOWS\System32\OpenSSH\;C:\MinGW\bin;C:\Program Files\Git\cmd;C:\Users\Aditya Yadav\AppData\Roaming\nvm;C:\Program Files\nodejs;C:\Users\Aditya Yadav\AppData\Roaming\nvm\nvm.exe;C:\Program Files\HP\HP One Agent;C:\WINDOWS\system32;C:\WINDOWS;C:\WINDOWS\System32\Wbem;C:\WINDOWS\System32\WindowsPowerShell\v1.0\;C:\WINDOWS\System32\OpenSSH\;C:\apache-maven-3.9.10\bin;C:\Program Files\nodejs\;C:\Users\Aditya Yadav\AppData\Local\Programs\Python\Python313\Scripts\;C:\Users\Aditya Yadav\AppData\Local\Programs\Python\Python313\;C:\Program Files\MySQL\MySQL Shell 8.0\bin\;C:\Users\Aditya Yadav\AppData\Local\Programs\Eclipse Adoptium\jdk-17.0.8.7-hotspot\bin;C:\Users\Aditya Yadav\AppData\Local\Programs\Python\Python310\Scripts\;C:\Users\Aditya Yadav\AppData\Local\Programs\Python\Python310\;C:\Users\Aditya Yadav\AppData\Local\Microsoft\WindowsApps;C:\Users\Aditya Yadav\AppData\Local\Programs\Microsoft VS Code\bin;C:\Users\Aditya Yadav\AppData\Roaming\nvm;C:\Program Files\nodejs;C:\Program Files\JetBrains\IntelliJ IDEA 2024.2\bin;;C:\Users\Aditya Yadav\AppData\Roaming\nvm;C:\mongoSH\;C:\Program Files\JetBrains\PyCharm Community Edition 2025.2.4\bin;C:\Users\Aditya Yadav\AppData\Local\Programs\MiKTeX\miktex\bin\x64\;C:\Users\Aditya Yadav\AppData\Roaming\npm
USERNAME=Aditya Yadav
OS=Windows_NT
PROCESSOR_IDENTIFIER=Intel64 Family 6 Model 142 Stepping 12, GenuineIntel
TMP=C:\Users\ADITYA~1\AppData\Local\Temp
TEMP=C:\Users\ADITYA~1\AppData\Local\Temp




Periodic native trim disabled

---------------  S Y S T E M  ---------------

OS:
 Windows 11 , 64 bit Build 26100 (10.0.26100.8737)
OS uptime: 1 days 23:25 hours
Hyper-V role detected

CPU: total 8 (initial active 8) (4 cores per cpu, 2 threads per core) family 6 model 142 stepping 12 microcode 0xfa, cx8, cmov, fxsr, ht, mmx, 3dnowpref, sse, sse2, sse3, ssse3, sse4.1, sse4.2, popcnt, lzcnt, tsc, tscinvbit, avx, avx2, aes, erms, clmul, bmi1, bmi2, adx, fma, vzeroupper, clflush, clflushopt, hv, rdtscp, f16c
Processor Information for the first 8 processors :
  Max Mhz: 1992, Current Mhz: 1792, Mhz Limit: 1792

Memory: 4k page, system-wide physical 16194M (2929M free)
TotalPageFile size 22601M (AvailPageFile size 7M)
current process WorkingSet (physical memory assigned to process): 174M, peak: 174M
current process commit charge ("private bytes"): 301M, peak: 301M

vm_info: OpenJDK 64-Bit Server VM (21.0.11+10-LTS) for windows-amd64 JRE (21.0.11+10-LTS), built on 2026-04-21T00:00:00Z by "admin" with MS VC++ 17.12 (VS2022)

END.
