
  .   ____          _            __ _ _
 /\\ / ___'_ __ _ _(_)_ __  __ _ \ \ \ \
( ( )\___ | '_ | '_| | '_ \/ _` | \ \ \ \
 \\/  ___)| |_)| | | | | || (_| |  ) ) ) )
  '  |____| .__|_| |_|_| |_\__, | / / / /
 =========|_|==============|___/=/_/_/_/

 :: Spring Boot ::                (v3.4.1)

2026-07-03T21:30:54.550+05:30  INFO 23120 --- [agm-sentinel-backend] [           main] com.agmsentinel.AgmSentinelApplication   : Starting AgmSentinelApplication v1.0.0 using Java 17.0.8 with PID 23120 (F:\UniquePersonalProject\backend\target\backend-1.0.0.jar started by Aditya Yadav in F:\UniquePersonalProject\backend)
2026-07-03T21:30:54.555+05:30  INFO 23120 --- [agm-sentinel-backend] [           main] com.agmsentinel.AgmSentinelApplication   : The following 1 profile is active: "local"
2026-07-03T21:30:56.623+05:30  INFO 23120 --- [agm-sentinel-backend] [           main] .s.d.r.c.RepositoryConfigurationDelegate : Bootstrapping Spring Data JPA repositories in DEFAULT mode.
2026-07-03T21:30:56.864+05:30  INFO 23120 --- [agm-sentinel-backend] [           main] .s.d.r.c.RepositoryConfigurationDelegate : Finished Spring Data repository scanning in 223 ms. Found 1 JPA repository interface.
2026-07-03T21:30:58.498+05:30  INFO 23120 --- [agm-sentinel-backend] [           main] o.s.b.w.embedded.tomcat.TomcatWebServer  : Tomcat initialized with port 8080 (http)
2026-07-03T21:30:58.515+05:30  INFO 23120 --- [agm-sentinel-backend] [           main] o.apache.catalina.core.StandardService   : Starting service [Tomcat]
2026-07-03T21:30:58.516+05:30  INFO 23120 --- [agm-sentinel-backend] [           main] o.apache.catalina.core.StandardEngine    : Starting Servlet engine: [Apache Tomcat/10.1.34]
2026-07-03T21:30:58.567+05:30  INFO 23120 --- [agm-sentinel-backend] [           main] o.a.c.c.C.[Tomcat].[localhost].[/]       : Initializing Spring embedded WebApplicationContext
2026-07-03T21:30:58.569+05:30  INFO 23120 --- [agm-sentinel-backend] [           main] w.s.c.ServletWebServerApplicationContext : Root WebApplicationContext: initialization completed in 3931 ms
2026-07-03T21:30:59.118+05:30  INFO 23120 --- [agm-sentinel-backend] [           main] o.hibernate.jpa.internal.util.LogHelper  : HHH000204: Processing PersistenceUnitInfo [name: default]
2026-07-03T21:30:59.251+05:30  INFO 23120 --- [agm-sentinel-backend] [           main] org.hibernate.Version                    : HHH000412: Hibernate ORM core version 6.6.4.Final
2026-07-03T21:30:59.312+05:30  INFO 23120 --- [agm-sentinel-backend] [           main] o.h.c.internal.RegionFactoryInitiator    : HHH000026: Second-level cache disabled
2026-07-03T21:30:59.810+05:30  INFO 23120 --- [agm-sentinel-backend] [           main] o.s.o.j.p.SpringPersistenceUnitInfo      : No LoadTimeWeaver setup: ignoring JPA class transformer
2026-07-03T21:30:59.870+05:30  INFO 23120 --- [agm-sentinel-backend] [           main] com.zaxxer.hikari.HikariDataSource       : HikariPool-1 - Starting...
2026-07-03T21:31:00.237+05:30  INFO 23120 --- [agm-sentinel-backend] [           main] com.zaxxer.hikari.pool.HikariPool        : HikariPool-1 - Added connection conn0: url=jdbc:h2:mem:sentinel user=SA
2026-07-03T21:31:00.240+05:30  INFO 23120 --- [agm-sentinel-backend] [           main] com.zaxxer.hikari.HikariDataSource       : HikariPool-1 - Start completed.
2026-07-03T21:31:00.293+05:30  WARN 23120 --- [agm-sentinel-backend] [           main] org.hibernate.orm.deprecation            : HHH90000025: H2Dialect does not need to be specified explicitly using 'hibernate.dialect' (remove the property setting and it will be selected by default)
2026-07-03T21:31:00.326+05:30  INFO 23120 --- [agm-sentinel-backend] [           main] org.hibernate.orm.connections.pooling    : HHH10001005: Database info:
	Database JDBC URL [Connecting through datasource 'HikariDataSource (HikariPool-1)']
	Database driver: undefined/unknown
	Database version: 2.3.232
	Autocommit mode: undefined/unknown
	Isolation level: undefined/unknown
	Minimum pool size: undefined/unknown
	Maximum pool size: undefined/unknown
2026-07-03T21:31:01.291+05:30  INFO 23120 --- [agm-sentinel-backend] [           main] o.h.e.t.j.p.i.JtaPlatformInitiator       : HHH000489: No JTA platform available (set 'hibernate.transaction.jta.platform' to enable JTA platform integration)
2026-07-03T21:31:01.349+05:30  INFO 23120 --- [agm-sentinel-backend] [           main] j.LocalContainerEntityManagerFactoryBean : Initialized JPA EntityManagerFactory for persistence unit 'default'
2026-07-03T21:31:02.646+05:30  WARN 23120 --- [agm-sentinel-backend] [           main] .s.s.UserDetailsServiceAutoConfiguration : 

Using generated security password: 8db75d0a-d563-422d-8c11-9aba9f49b001

This generated password is for development use only. Your security configuration must be updated before running your application in production.

2026-07-03T21:31:02.725+05:30  INFO 23120 --- [agm-sentinel-backend] [           main] r$InitializeUserDetailsManagerConfigurer : Global AuthenticationManager configured with UserDetailsService bean with name inMemoryUserDetailsManager
2026-07-03T21:31:03.453+05:30  INFO 23120 --- [agm-sentinel-backend] [           main] o.s.b.a.e.web.EndpointLinksResolver      : Exposing 1 endpoint beneath base path '/actuator'
2026-07-03T21:31:04.145+05:30  INFO 23120 --- [agm-sentinel-backend] [           main] o.s.b.a.h2.H2ConsoleAutoConfiguration    : H2 console available at '/h2-console'. Database available at 'jdbc:h2:mem:sentinel'
2026-07-03T21:31:04.378+05:30  INFO 23120 --- [agm-sentinel-backend] [           main] o.s.m.s.b.SimpleBrokerMessageHandler     : Starting...
2026-07-03T21:31:04.379+05:30  INFO 23120 --- [agm-sentinel-backend] [           main] o.s.m.s.b.SimpleBrokerMessageHandler     : BrokerAvailabilityEvent[available=true, SimpleBrokerMessageHandler [org.springframework.messaging.simp.broker.DefaultSubscriptionRegistry@48e7e2ca]]
2026-07-03T21:31:04.381+05:30  INFO 23120 --- [agm-sentinel-backend] [           main] o.s.m.s.b.SimpleBrokerMessageHandler     : Started.
2026-07-03T21:31:04.468+05:30  INFO 23120 --- [agm-sentinel-backend] [           main] o.s.b.w.embedded.tomcat.TomcatWebServer  : Tomcat started on port 8080 (http) with context path '/'
2026-07-03T21:31:04.505+05:30  INFO 23120 --- [agm-sentinel-backend] [           main] com.agmsentinel.AgmSentinelApplication   : Started AgmSentinelApplication in 11.056 seconds (process running for 12.064)
2026-07-03T21:32:04.327+05:30  INFO 23120 --- [agm-sentinel-backend] [MessageBroker-4] o.s.w.s.c.WebSocketMessageBrokerStats    : WebSocketSession[0 current WS(0)-HttpStream(0)-HttpPoll(0), 0 total, 0 closed abnormally (0 connect failure, 0 send limit, 0 transport error)], stompSubProtocol[processed CONNECT(0)-CONNECTED(0)-DISCONNECT(0)], stompBrokerRelay[null], inboundChannel[pool size = 0, active threads = 0, queued tasks = 0, completed tasks = 0], outboundChannel[pool size = 0, active threads = 0, queued tasks = 0, completed tasks = 0], sockJsScheduler[pool size = 8, active threads = 1, queued tasks = 1, completed tasks = 6]
2026-07-03T21:33:11.133+05:30  INFO 23120 --- [agm-sentinel-backend] [nio-8080-exec-1] o.a.c.c.C.[Tomcat].[localhost].[/]       : Initializing Spring DispatcherServlet 'dispatcherServlet'
2026-07-03T21:33:11.133+05:30  INFO 23120 --- [agm-sentinel-backend] [nio-8080-exec-1] o.s.web.servlet.DispatcherServlet        : Initializing Servlet 'dispatcherServlet'
2026-07-03T21:33:11.134+05:30  INFO 23120 --- [agm-sentinel-backend] [nio-8080-exec-1] o.s.web.servlet.DispatcherServlet        : Completed initialization in 1 ms
2026-07-03T22:02:04.344+05:30  INFO 23120 --- [agm-sentinel-backend] [MessageBroker-1] o.s.w.s.c.WebSocketMessageBrokerStats    : WebSocketSession[0 current WS(0)-HttpStream(0)-HttpPoll(0), 0 total, 0 closed abnormally (0 connect failure, 0 send limit, 0 transport error)], stompSubProtocol[processed CONNECT(0)-CONNECTED(0)-DISCONNECT(0)], stompBrokerRelay[null], inboundChannel[pool size = 0, active threads = 0, queued tasks = 0, completed tasks = 0], outboundChannel[pool size = 0, active threads = 0, queued tasks = 0, completed tasks = 0], sockJsScheduler[pool size = 8, active threads = 1, queued tasks = 1, completed tasks = 187]
2026-07-03T22:32:04.346+05:30  INFO 23120 --- [agm-sentinel-backend] [MessageBroker-1] o.s.w.s.c.WebSocketMessageBrokerStats    : WebSocketSession[0 current WS(0)-HttpStream(0)-HttpPoll(0), 0 total, 0 closed abnormally (0 connect failure, 0 send limit, 0 transport error)], stompSubProtocol[processed CONNECT(0)-CONNECTED(0)-DISCONNECT(0)], stompBrokerRelay[null], inboundChannel[pool size = 0, active threads = 0, queued tasks = 0, completed tasks = 0], outboundChannel[pool size = 0, active threads = 0, queued tasks = 0, completed tasks = 0], sockJsScheduler[pool size = 8, active threads = 1, queued tasks = 1, completed tasks = 368]
