#
# There is insufficient memory for the Java Runtime Environment to continue.
# Native memory allocation (mmap) failed to map 266338304 bytes for G1 virtual space
# Possible reasons:
#   The system is out of physical RAM or swap space
#   The process is running with CompressedOops enabled, and the Java Heap may be blocking the growth of the native heap
# Possible solutions:
#   Reduce memory load on the system
#   Increase physical memory or swap space
#   Check if swap backing store is full
#   Decrease Java heap size (-Xmx/-Xms)
#   Decrease number of Java threads
#   Decrease Java thread stack sizes (-Xss)
#   Set larger code cache with -XX:ReservedCodeCacheSize=
#   JVM is running with Zero Based Compressed Oops mode in which the Java heap is
#     placed in the first 32GB address space. The Java Heap base address is the
#     maximum limit for the native heap growth. Please use -XX:HeapBaseMinAddress
#     to set the Java Heap base and to place the Java Heap above 32GB virtual address.
# This output file may be truncated or incomplete.
#
#  Out of Memory Error (os_windows.cpp:3617), pid=24096, tid=25524
#
# JRE version:  (17.0.8+7) (build )
# Java VM: OpenJDK 64-Bit Server VM (17.0.8+7, mixed mode, sharing, tiered, compressed oops, compressed class ptrs, g1 gc, windows-amd64)
# No core dump will be written. Minidumps are not enabled by default on client versions of Windows
#

---------------  S U M M A R Y ------------

Command Line: --enable-native-access=ALL-UNNAMED 

Host: Intel(R) Core(TM) i7-8565U CPU @ 1.80GHz, 8 cores, 15G,  Windows 11 , 64 bit Build 26100 (10.0.26100.8737)
Time: Fri Jul  3 21:07:50 2026 India Standard Time elapsed time: 1.565616 seconds (0d 0h 0m 1s)

---------------  T H R E A D  ---------------

Current thread (0x000001caba9fd5d0):  JavaThread "Unknown thread" [_thread_in_vm, id=25524, stack(0x0000002e12000000,0x0000002e12100000)]

Stack: [0x0000002e12000000,0x0000002e12100000]
Native frames: (J=compiled Java code, j=interpreted, Vv=VM code, C=native code)
V  [jvm.dll+0x678b0a]
V  [jvm.dll+0x835e84]
V  [jvm.dll+0x83762e]
V  [jvm.dll+0x837c93]
V  [jvm.dll+0x24746f]
V  [jvm.dll+0x675859]
V  [jvm.dll+0x66a0ea]
V  [jvm.dll+0x306c7b]
V  [jvm.dll+0x30e166]
V  [jvm.dll+0x35dd3e]
V  [jvm.dll+0x35df6f]
V  [jvm.dll+0x2ddb48]
V  [jvm.dll+0x2deab4]
V  [jvm.dll+0x807f31]
V  [jvm.dll+0x36bb21]
V  [jvm.dll+0x7e733c]
V  [jvm.dll+0x3ee4af]
V  [jvm.dll+0x3f00c1]
C  [jli.dll+0x528b]
C  [ucrtbase.dll+0x2cd30]
C  [KERNEL32.DLL+0x2e957]
C  [ntdll.dll+0xaad6c]


---------------  P R O C E S S  ---------------

Threads class SMR info:
_java_thread_list=0x00007fff375ba018, length=0, elements={
}

Java Threads: ( => current thread )

Other Threads:
  0x000001cabaa6d040 GCTaskThread "GC Thread#0" [stack: 0x0000002e12100000,0x0000002e12200000] [id=23764]
  0x000001cabaa7dbb0 ConcurrentGCThread "G1 Main Marker" [stack: 0x0000002e12200000,0x0000002e12300000] [id=12388]
  0x000001cabaa7f1a0 ConcurrentGCThread "G1 Conc#0" [stack: 0x0000002e12300000,0x0000002e12400000] [id=23852]

[error occurred during error reporting (printing all threads), id 0xc0000005, EXCEPTION_ACCESS_VIOLATION (0xc0000005) at pc=0x00007fff36d8e587]

VM state: not at safepoint (not fully initialized)

VM Mutex/Monitor currently owned by a thread:  ([mutex/lock_event])
[0x000001caba9f97c0] Heap_lock - owner thread: 0x000001caba9fd5d0

Heap address: 0x0000000702e00000, size: 4050 MB, Compressed Oops mode: Zero based, Oop shift amount: 3

CDS archive(s) mapped at: [0x0000000000000000-0x0000000000000000-0x0000000000000000), size 0, SharedBaseAddress: 0x0000000800000000, ArchiveRelocationMode: 1.
Narrow klass base: 0x0000000000000000, Narrow klass shift: 0, Narrow klass range: 0x0

GC Precious Log:
<Empty>

Heap:
 garbage-first heap   total 0K, used 0K [0x0000000702e00000, 0x0000000800000000)
  region size 2048K, 0 young (0K), 0 survivors (0K)

[error occurred during error reporting (printing heap information), id 0xc0000005, EXCEPTION_ACCESS_VIOLATION (0xc0000005) at pc=0x00007fff37172699]

GC Heap History (0 events):
No events

Dll operation events (1 events):
Event: 0.038 Loaded shared library C:\Users\Aditya Yadav\AppData\Local\Programs\Eclipse Adoptium\jdk-17.0.8.7-hotspot\bin\java.dll

Deoptimization events (0 events):
No events

Classes unloaded (0 events):
No events

Classes redefined (0 events):
No events

Internal exceptions (0 events):
No events

VM Operations (0 events):
No events

Events (0 events):
No events


Dynamic libraries:
0x00007ff7ee620000 - 0x00007ff7ee62e000 	C:\Users\Aditya Yadav\AppData\Local\Programs\Eclipse Adoptium\jdk-17.0.8.7-hotspot\bin\java.exe
0x00007fffe3fc0000 - 0x00007fffe4226000 	C:\WINDOWS\SYSTEM32\ntdll.dll
0x00007fffe3210000 - 0x00007fffe32d9000 	C:\WINDOWS\System32\KERNEL32.DLL
0x00007fffe16d0000 - 0x00007fffe1ad0000 	C:\WINDOWS\System32\KERNELBASE.dll
0x00007fffe1210000 - 0x00007fffe135c000 	C:\WINDOWS\System32\ucrtbase.dll
0x00007fffcdf30000 - 0x00007fffcdf49000 	C:\Users\Aditya Yadav\AppData\Local\Programs\Eclipse Adoptium\jdk-17.0.8.7-hotspot\bin\VCRUNTIME140.dll
0x00007fffcdf10000 - 0x00007fffcdf27000 	C:\Users\Aditya Yadav\AppData\Local\Programs\Eclipse Adoptium\jdk-17.0.8.7-hotspot\bin\jli.dll
0x00007fffe2490000 - 0x00007fffe2657000 	C:\WINDOWS\System32\USER32.dll
0x00007fffbe360000 - 0x00007fffbe5f2000 	C:\WINDOWS\WinSxS\amd64_microsoft.windows.common-controls_6595b64144ccf1df_6.0.26100.8737_none_3e092eaee333b772\COMCTL32.dll
0x00007fffe11e0000 - 0x00007fffe1207000 	C:\WINDOWS\System32\win32u.dll
0x00007fffe3b80000 - 0x00007fffe3c29000 	C:\WINDOWS\System32\msvcrt.dll
0x00007fffe3b50000 - 0x00007fffe3b7b000 	C:\WINDOWS\System32\GDI32.dll
0x00007fffe1370000 - 0x00007fffe1499000 	C:\WINDOWS\System32\gdi32full.dll
0x00007fffe14a0000 - 0x00007fffe1543000 	C:\WINDOWS\System32\msvcp_win.dll
0x00007fffe2840000 - 0x00007fffe2872000 	C:\WINDOWS\System32\IMM32.DLL
0x00007fffc0dd0000 - 0x00007fffc0ddc000 	C:\Users\Aditya Yadav\AppData\Local\Programs\Eclipse Adoptium\jdk-17.0.8.7-hotspot\bin\vcruntime140_1.dll
0x00007fff62450000 - 0x00007fff624e1000 	C:\Users\Aditya Yadav\AppData\Local\Programs\Eclipse Adoptium\jdk-17.0.8.7-hotspot\bin\msvcp140.dll
0x00007fff36aa0000 - 0x00007fff376ec000 	C:\Users\Aditya Yadav\AppData\Local\Programs\Eclipse Adoptium\jdk-17.0.8.7-hotspot\bin\server\jvm.dll
0x00007fffe1e70000 - 0x00007fffe1f27000 	C:\WINDOWS\System32\ADVAPI32.dll
0x00007fffe2ab0000 - 0x00007fffe2b5a000 	C:\WINDOWS\System32\sechost.dll
0x00007fffe3e60000 - 0x00007fffe3f78000 	C:\WINDOWS\System32\RPCRT4.dll
0x00007fffe1040000 - 0x00007fffe109e000 	C:\WINDOWS\SYSTEM32\POWRPROF.dll
0x00007fffbae20000 - 0x00007fffbae2a000 	C:\WINDOWS\SYSTEM32\WSOCK32.dll
0x00007fffe2880000 - 0x00007fffe2900000 	C:\WINDOWS\System32\WS2_32.dll
0x00007fffc34f0000 - 0x00007fffc3526000 	C:\WINDOWS\SYSTEM32\WINMM.dll
0x00007fffccf80000 - 0x00007fffccf8b000 	C:\WINDOWS\SYSTEM32\VERSION.dll
0x00007fffe1020000 - 0x00007fffe1034000 	C:\WINDOWS\SYSTEM32\UMPDC.dll
0x00007fffdfe90000 - 0x00007fffdfeab000 	C:\WINDOWS\SYSTEM32\kernel.appcore.dll
0x00007fffc0dc0000 - 0x00007fffc0dca000 	C:\Users\Aditya Yadav\AppData\Local\Programs\Eclipse Adoptium\jdk-17.0.8.7-hotspot\bin\jimage.dll
0x00007fffde700000 - 0x00007fffde942000 	C:\WINDOWS\SYSTEM32\DBGHELP.DLL
0x00007fffe1f60000 - 0x00007fffe22e3000 	C:\WINDOWS\System32\combase.dll
0x00007fffe2910000 - 0x00007fffe29e9000 	C:\WINDOWS\System32\OLEAUT32.dll
0x00007fffbd5c0000 - 0x00007fffbd5fb000 	C:\WINDOWS\SYSTEM32\dbgcore.DLL
0x00007fffe1c30000 - 0x00007fffe1cdc000 	C:\WINDOWS\System32\bcryptPrimitives.dll
0x00007fff62420000 - 0x00007fff62445000 	C:\Users\Aditya Yadav\AppData\Local\Programs\Eclipse Adoptium\jdk-17.0.8.7-hotspot\bin\java.dll

dbghelp: loaded successfully - version: 4.0.5 - missing functions: none
symbol engine: initialized successfully - sym options: 0x614 - pdb path: .;C:\Users\Aditya Yadav\AppData\Local\Programs\Eclipse Adoptium\jdk-17.0.8.7-hotspot\bin;C:\WINDOWS\SYSTEM32;C:\WINDOWS\WinSxS\amd64_microsoft.windows.common-controls_6595b64144ccf1df_6.0.26100.8737_none_3e092eaee333b772;C:\Users\Aditya Yadav\AppData\Local\Programs\Eclipse Adoptium\jdk-17.0.8.7-hotspot\bin\server

VM Arguments:
jvm_args: --enable-native-access=ALL-UNNAMED 
java_command: <unknown>
java_class_path (initial): <not set>
Launcher Type: SUN_STANDARD

[Global flags]
     intx CICompilerCount                          = 4                                         {product} {ergonomic}
     uint ConcGCThreads                            = 2                                         {product} {ergonomic}
     uint G1ConcRefinementThreads                  = 8                                         {product} {ergonomic}
   size_t G1HeapRegionSize                         = 2097152                                   {product} {ergonomic}
    uintx GCDrainStackTargetSize                   = 64                                        {product} {ergonomic}
   size_t InitialHeapSize                          = 266338304                                 {product} {ergonomic}
   size_t MarkStackSize                            = 4194304                                   {product} {ergonomic}
   size_t MaxHeapSize                              = 4246732800                                {product} {ergonomic}
   size_t MinHeapDeltaBytes                        = 2097152                                   {product} {ergonomic}
   size_t MinHeapSize                              = 8388608                                   {product} {ergonomic}
    uintx NonNMethodCodeHeapSize                   = 5839372                                {pd product} {ergonomic}
    uintx NonProfiledCodeHeapSize                  = 122909434                              {pd product} {ergonomic}
    uintx ProfiledCodeHeapSize                     = 122909434                              {pd product} {ergonomic}
    uintx ReservedCodeCacheSize                    = 251658240                              {pd product} {ergonomic}
     bool SegmentedCodeCache                       = true                                      {product} {ergonomic}
   size_t SoftMaxHeapSize                          = 4246732800                             {manageable} {ergonomic}
     bool UseCompressedClassPointers               = true                           {product lp64_product} {ergonomic}
     bool UseCompressedOops                        = true                           {product lp64_product} {ergonomic}
     bool UseG1GC                                  = true                                      {product} {ergonomic}
     bool UseLargePagesIndividualAllocation        = false                                  {pd product} {ergonomic}

Logging:
Log output configuration:
 #0: stdout all=warning uptime,level,tags
 #1: stderr all=off uptime,level,tags

Environment Variables:
JAVA_HOME=C:/Users/Aditya Yadav/AppData/Local/Programs/Eclipse Adoptium/jdk-17.0.8.7-hotspot
PATH=C:\Users\Aditya Yadav\bin;C:\Program Files\Git\mingw64\bin;C:\Program Files\Git\usr\local\bin;C:\Program Files\Git\usr\bin;C:\Program Files\Git\usr\bin;C:\Program Files\Git\mingw64\bin;C:\Program Files\Git\usr\bin;C:\Users\Aditya Yadav\bin;C:\Users\Aditya Yadav\.virtualenvs\AdTubers-7GrJyUQK\Scripts;C:\windows\system32;C:\windows;C:\windows\System32\Wbem;C:\windows\System32\WindowsPowerShell\v1.0;C:\windows\System32\OpenSSH;C:\Program Files (x86)\NVIDIA Corporation\PhysX\Common;C:\Program Files\NVIDIA Corporation\NVIDIA NvDLISR;C:\WINDOWS\system32;C:\WINDOWS;C:\WINDOWS\System32\Wbem;C:\WINDOWS\System32\WindowsPowerShell\v1.0;C:\WINDOWS\System32\OpenSSH;C:\MinGW\bin;C:\Program Files\Git\cmd;C:\Users\Aditya Yadav\AppData\Roaming\nvm;C:\Program Files\nodejs;C:\Users\Aditya Yadav\AppData\Roaming\nvm\nvm.exe;C:\Program Files\HP\HP One Agent;C:\WINDOWS\system32;C:\WINDOWS;C:\WINDOWS\System32\Wbem;C:\WINDOWS\System32\WindowsPowerShell\v1.0;C:\WINDOWS\System32\OpenSSH;C:\apache-maven-3.9.10\bin;C:\Program Files\nodejs;C:\Users\Aditya Yadav\AppData\Local\Programs\Python\Python313\Scripts;C:\Users\Aditya Yadav\AppData\Local\Programs\Python\Python313;C:\Program Files\MySQL\MySQL Shell 8.0\bin;C:\Users\Aditya Yadav\AppData\Local\Programs\Eclipse Adoptium\jdk-17.0.8.7-hotspot\bin;C:\Users\Aditya Yadav\AppData\Local\Programs\Python\Python310\Scripts;C:\Users\Aditya Yadav\AppData\Local\Programs\Python\Python310;C:\Users\Aditya Yadav\AppData\Local\Microsoft\WindowsApps;C:\Users\Aditya Yadav\AppData\Local\Programs\Microsoft VS Code\bin;C:\Users\Aditya Yadav\AppData\Roaming\nvm;C:\Program Files\nodejs;C:\Program Files\JetBrains\IntelliJ IDEA 2024.2\bin;C:\Users\Aditya Yadav\AppData\Roaming\nvm;C:\mongoSH;C:\Program Files\JetBrains\PyCharm Community Edition 2025.2.4\bin;C:\Users\Aditya Yadav\AppData\Roaming\npm;C:\Users\Aditya Yadav\AppData\Local\Programs\MiKTeX\miktex\bin\x64;C:\Program Files\Git\usr\bin\vendor_perl;C:\Program Files\Git\usr\bin\core_perl
USERNAME=Aditya Yadav
SHELL=C:\Program Files\Git\usr\bin\bash.exe
TERM=xterm-256color
OS=Windows_NT
PROCESSOR_IDENTIFIER=Intel64 Family 6 Model 142 Stepping 12, GenuineIntel
TMP=C:\Users\ADITYA~1\AppData\Local\Temp
TEMP=C:\Users\ADITYA~1\AppData\Local\Temp



---------------  S Y S T E M  ---------------

OS:
 Windows 11 , 64 bit Build 26100 (10.0.26100.8737)
OS uptime: 0 days 13:15 hours
Hyper-V role detected

CPU: total 8 (initial active 8) (4 cores per cpu, 2 threads per core) family 6 model 142 stepping 12 microcode 0xfa, cx8, cmov, fxsr, ht, mmx, 3dnowpref, sse, sse2, sse3, ssse3, sse4.1, sse4.2, popcnt, lzcnt, tsc, tscinvbit, avx, avx2, aes, erms, clmul, bmi1, bmi2, adx, fma, vzeroupper, clflush, clflushopt, hv
Processor Information for processor 0
  Max Mhz: 1992, Current Mhz: 1494, Mhz Limit: 1792
Processor Information for processor 1
  Max Mhz: 1992, Current Mhz: 1494, Mhz Limit: 1792
Processor Information for processor 2
  Max Mhz: 1992, Current Mhz: 1792, Mhz Limit: 1792
Processor Information for processor 3
  Max Mhz: 1992, Current Mhz: 1494, Mhz Limit: 1792
Processor Information for processor 4
  Max Mhz: 1992, Current Mhz: 1494, Mhz Limit: 1792
Processor Information for processor 5
  Max Mhz: 1992, Current Mhz: 1494, Mhz Limit: 1792
Processor Information for processor 6
  Max Mhz: 1992, Current Mhz: 1494, Mhz Limit: 1792
Processor Information for processor 7
  Max Mhz: 1992, Current Mhz: 1494, Mhz Limit: 1792

Memory: 4k page, system-wide physical 16194M (2028M free)
TotalPageFile size 22601M (AvailPageFile size 180M)
current process WorkingSet (physical memory assigned to process): 12M, peak: 12M
current process commit charge ("private bytes"): 60M, peak: 314M

vm_info: OpenJDK 64-Bit Server VM (17.0.8+7) for windows-amd64 JRE (17.0.8+7), built on Jul 18 2023 21:02:32 by "admin" with MS VC++ 16.7 (VS2019)

END.
