#
# There is insufficient memory for the Java Runtime Environment to continue.
# Native memory allocation (malloc) failed to allocate 1691552 bytes for Chunk::new
# Possible reasons:
#   The system is out of physical RAM or swap space
#   The process is running with CompressedOops enabled, and the Java Heap may be blocking the growth of the native heap
# Possible solutions:
#   Reduce memory load on the system
#   Increase physical memory or swap space
#   Check if swap backing store is full
#   Decrease Java heap size (-Xmx/-Xms)
#   Decrease number of Java threads
#   Decrease Java thread stack sizes (-Xss)
#   Set larger code cache with -XX:ReservedCodeCacheSize=
#   JVM is running with Unscaled Compressed Oops mode in which the Java heap is
#     placed in the first 4GB address space. The Java Heap base address is the
#     maximum limit for the native heap growth. Please use -XX:HeapBaseMinAddress
#     to set the Java Heap base and to place the Java Heap above 4GB virtual address.
# This output file may be truncated or incomplete.
#
#  Out of Memory Error (arena.cpp:189), pid=26484, tid=3364
#
# JRE version: OpenJDK Runtime Environment Temurin-17.0.8+7 (17.0.8+7) (build 17.0.8+7)
# Java VM: OpenJDK 64-Bit Server VM Temurin-17.0.8+7 (17.0.8+7, mixed mode, sharing, tiered, compressed oops, compressed class ptrs, serial gc, windows-amd64)
# No core dump will be written. Minidumps are not enabled by default on client versions of Windows
#

---------------  S U M M A R Y ------------

Command Line: --add-opens=java.base/java.lang=ALL-UNNAMED --enable-native-access=ALL-UNNAMED -Xmx512m -XX:+UseSerialGC -XX:MaxMetaspaceSize=256m -Dclassworlds.conf=C:/apache-maven-3.9.10/bin/m2.conf -Dmaven.home=C:/apache-maven-3.9.10 -Dlibrary.jansi.path=C:/apache-maven-3.9.10/lib/jansi-native -Dmaven.multiModuleProjectDirectory=F:/UniquePersonalProject/backend org.codehaus.plexus.classworlds.launcher.Launcher -q clean package -DskipTests

Host: Intel(R) Core(TM) i7-8565U CPU @ 1.80GHz, 8 cores, 15G,  Windows 11 , 64 bit Build 26100 (10.0.26100.8737)
Time: Fri Jul  3 21:12:03 2026 India Standard Time elapsed time: 12.715950 seconds (0d 0h 0m 12s)

---------------  T H R E A D  ---------------

Current thread (0x000002ef28f0cc00):  JavaThread "C2 CompilerThread1" daemon [_thread_in_native, id=3364, stack(0x000000fd87600000,0x000000fd87700000)]


Current CompileTask:
C2:  12716 3671   !   4       org.codehaus.plexus.interpolation.StringSearchInterpolator::interpolate (692 bytes)

Stack: [0x000000fd87600000,0x000000fd87700000]
Native frames: (J=compiled Java code, j=interpreted, Vv=VM code, C=native code)
V  [jvm.dll+0x678b0a]
V  [jvm.dll+0x835e84]
V  [jvm.dll+0x83762e]
V  [jvm.dll+0x837c93]
V  [jvm.dll+0x24746f]
V  [jvm.dll+0xac20c]
V  [jvm.dll+0xac7dc]
V  [jvm.dll+0x365ca7]
V  [jvm.dll+0x3301a1]
V  [jvm.dll+0x32f64a]
V  [jvm.dll+0x219bf1]
V  [jvm.dll+0x219011]
V  [jvm.dll+0x1a534d]
V  [jvm.dll+0x228d8a]
V  [jvm.dll+0x226dcc]
V  [jvm.dll+0x7ec09b]
V  [jvm.dll+0x7e64ca]
V  [jvm.dll+0x677955]
C  [ucrtbase.dll+0x2cd30]
C  [KERNEL32.DLL+0x2e957]
C  [ntdll.dll+0xaad6c]


---------------  P R O C E S S  ---------------

Threads class SMR info:
_java_thread_list=0x000002ef3c0ab8e0, length=14, elements={
0x000002ef107bfcd0, 0x000002ef28eda050, 0x000002ef28edc250, 0x000002ef28ef2cb0,
0x000002ef28ef3580, 0x000002ef28ef5f60, 0x000002ef28ef7f10, 0x000002ef28efec70,
0x000002ef28f0c6b0, 0x000002ef28f149d0, 0x000002ef3b1a01e0, 0x000002ef3b1c3250,
0x000002ef28f0cc00, 0x000002ef28f09c30
}

Java Threads: ( => current thread )
  0x000002ef107bfcd0 JavaThread "main" [_thread_in_Java, id=22760, stack(0x000000fd86800000,0x000000fd86900000)]
  0x000002ef28eda050 JavaThread "Reference Handler" daemon [_thread_blocked, id=26156, stack(0x000000fd86a00000,0x000000fd86b00000)]
  0x000002ef28edc250 JavaThread "Finalizer" daemon [_thread_blocked, id=16356, stack(0x000000fd86b00000,0x000000fd86c00000)]
  0x000002ef28ef2cb0 JavaThread "Signal Dispatcher" daemon [_thread_blocked, id=3648, stack(0x000000fd86c00000,0x000000fd86d00000)]
  0x000002ef28ef3580 JavaThread "Attach Listener" daemon [_thread_blocked, id=15680, stack(0x000000fd86d00000,0x000000fd86e00000)]
  0x000002ef28ef5f60 JavaThread "Service Thread" daemon [_thread_blocked, id=15640, stack(0x000000fd86e00000,0x000000fd86f00000)]
  0x000002ef28ef7f10 JavaThread "Monitor Deflation Thread" daemon [_thread_blocked, id=1312, stack(0x000000fd86f00000,0x000000fd87000000)]
  0x000002ef28efec70 JavaThread "C2 CompilerThread0" daemon [_thread_blocked, id=23080, stack(0x000000fd87000000,0x000000fd87100000)]
  0x000002ef28f0c6b0 JavaThread "C1 CompilerThread0" daemon [_thread_blocked, id=15660, stack(0x000000fd87100000,0x000000fd87200000)]
  0x000002ef28f149d0 JavaThread "Sweeper thread" daemon [_thread_blocked, id=25048, stack(0x000000fd87200000,0x000000fd87300000)]
  0x000002ef3b1a01e0 JavaThread "Common-Cleaner" daemon [_thread_blocked, id=14488, stack(0x000000fd87300000,0x000000fd87400000)]
  0x000002ef3b1c3250 JavaThread "Notification Thread" daemon [_thread_blocked, id=6020, stack(0x000000fd87400000,0x000000fd87500000)]
=>0x000002ef28f0cc00 JavaThread "C2 CompilerThread1" daemon [_thread_in_native, id=3364, stack(0x000000fd87600000,0x000000fd87700000)]
  0x000002ef28f09c30 JavaThread "C2 CompilerThread2" daemon [_thread_blocked, id=14868, stack(0x000000fd87700000,0x000000fd87800000)]

Other Threads:
  0x000002ef28ed52e0 VMThread "VM Thread" [stack: 0x000000fd86900000,0x000000fd86a00000] [id=15792]
  0x000002ef3b1c62b0 WatcherThread [stack: 0x000000fd87500000,0x000000fd87600000] [id=21788]

Threads with active compile tasks:
C2 CompilerThread1    12762 3671   !   4       org.codehaus.plexus.interpolation.StringSearchInterpolator::interpolate (692 bytes)

VM state: not at safepoint (normal execution)

VM Mutex/Monitor currently owned by a thread: None

Heap address: 0x00000000e0000000, size: 512 MB, Compressed Oops mode: 32-bit

CDS archive(s) mapped at: [0x000002ef29000000-0x000002ef29bd0000-0x000002ef29bd0000), size 12386304, SharedBaseAddress: 0x000002ef29000000, ArchiveRelocationMode: 1.
Compressed class space mapped at: 0x000002ef2a000000-0x000002ef37000000, reserved size: 218103808
Narrow klass base: 0x000002ef29000000, Narrow klass shift: 0, Narrow klass range: 0x100000000

GC Precious Log:
 CPUs: 8 total, 8 available
 Memory: 16194M
 Large Page Support: Disabled
 NUMA Support: Disabled
 Compressed Oops: Enabled (32-bit)
 Heap Min Capacity: 8M
 Heap Initial Capacity: 254M
 Heap Max Capacity: 512M
 Pre-touch: Disabled

Heap:
 def new generation   total 78016K, used 10021K [0x00000000e0000000, 0x00000000e54a0000, 0x00000000eaaa0000)
  eden space 69376K,   4% used [0x00000000e0000000, 0x00000000e0310d20, 0x00000000e43c0000)
  from space 8640K,  79% used [0x00000000e43c0000, 0x00000000e4a78880, 0x00000000e4c30000)
  to   space 8640K,   0% used [0x00000000e4c30000, 0x00000000e4c30000, 0x00000000e54a0000)
 tenured generation   total 173440K, used 5960K [0x00000000eaaa0000, 0x00000000f5400000, 0x0000000100000000)
   the space 173440K,   3% used [0x00000000eaaa0000, 0x00000000eb072318, 0x00000000eb072400, 0x00000000f5400000)
 Metaspace       used 15539K, committed 15744K, reserved 278528K
  class space    used 1845K, committed 1920K, reserved 212992K

Card table byte_map: [0x000002ef28c00000,0x000002ef28d10000] _byte_map_base: 0x000002ef28500000

Polling page: 0x000002ef10700000

Metaspace:

Usage:
  Non-class:     13.37 MB used.
      Class:      1.80 MB used.
       Both:     15.18 MB used.

Virtual space:
  Non-class space:       64.00 MB reserved,      13.50 MB ( 21%) committed,  1 nodes.
      Class space:      208.00 MB reserved,       1.88 MB ( <1%) committed,  1 nodes.
             Both:      272.00 MB reserved,      15.38 MB (  6%) committed. 

Chunk freelists:
   Non-Class:  1.96 MB
       Class:  13.95 MB
        Both:  15.91 MB

MaxMetaspaceSize: 256.00 MB
CompressedClassSpaceSize: 208.00 MB
Initial GC threshold: 21.00 MB
Current GC threshold: 21.00 MB
CDS: on
MetaspaceReclaimPolicy: balanced
 - commit_granule_bytes: 65536.
 - commit_granule_words: 8192.
 - virtual_space_node_default_size: 8388608.
 - enlarge_chunks_in_place: 1.
 - new_chunks_are_fully_committed: 0.
 - uncommit_free_chunks: 1.
 - use_allocation_guard: 0.
 - handle_deallocations: 1.


Internal statistics:

num_allocs_failed_limit: 0.
num_arena_births: 100.
num_arena_deaths: 0.
num_vsnodes_births: 2.
num_vsnodes_deaths: 0.
num_space_committed: 246.
num_space_uncommitted: 0.
num_chunks_returned_to_freelist: 0.
num_chunks_taken_from_freelist: 638.
num_chunk_merges: 0.
num_chunk_splits: 435.
num_chunks_enlarged: 346.
num_inconsistent_stats: 0.

CodeHeap 'non-profiled nmethods': size=120000Kb used=1837Kb max_used=1837Kb free=118163Kb
 bounds [0x000002ef214e0000, 0x000002ef21750000, 0x000002ef28a10000]
CodeHeap 'profiled nmethods': size=120000Kb used=7757Kb max_used=7757Kb free=112242Kb
 bounds [0x000002ef19a10000, 0x000002ef1a1b0000, 0x000002ef20f40000]
CodeHeap 'non-nmethods': size=5760Kb used=1169Kb max_used=1222Kb free=4591Kb
 bounds [0x000002ef20f40000, 0x000002ef211b0000, 0x000002ef214e0000]
 total_blobs=4327 nmethods=3864 adapters=377
 compilation: enabled
              stopped_count=0, restarted_count=0
 full_count=0

Compilation events (20 events):
Event: 12.627 Thread 0x000002ef28f0c6b0 nmethod 3827 0x000002ef1a182510 code [0x000002ef1a1826c0, 0x000002ef1a182868]
Event: 12.627 Thread 0x000002ef28f0c6b0 3828       3       org.apache.maven.model.ConfigurationContainer::getLocation (147 bytes)
Event: 12.628 Thread 0x000002ef28f0c6b0 nmethod 3828 0x000002ef1a182910 code [0x000002ef1a182b80, 0x000002ef1a1837d8]
Event: 12.628 Thread 0x000002ef28f0c6b0 3829       3       org.eclipse.aether.util.version.GenericVersion$Item::hashCode (16 bytes)
Event: 12.629 Thread 0x000002ef28f0c6b0 nmethod 3829 0x000002ef1a183a10 code [0x000002ef1a183bc0, 0x000002ef1a183da8]
Event: 12.632 Thread 0x000002ef28f0c6b0 3830       3       org.eclipse.aether.RequestTrace::newChild (10 bytes)
Event: 12.632 Thread 0x000002ef28f0c6b0 nmethod 3830 0x000002ef1a183e90 code [0x000002ef1a184040, 0x000002ef1a184298]
Event: 12.635 Thread 0x000002ef28f0c6b0 3831       1       org.apache.maven.model.Model::setOrganization (6 bytes)
Event: 12.635 Thread 0x000002ef28f0c6b0 nmethod 3831 0x000002ef2169d310 code [0x000002ef2169d4a0, 0x000002ef2169d578]
Event: 12.635 Thread 0x000002ef28f0c6b0 3832       1       org.apache.maven.model.Organization::setName (6 bytes)
Event: 12.635 Thread 0x000002ef28f0c6b0 nmethod 3832 0x000002ef2169d610 code [0x000002ef2169d7a0, 0x000002ef2169d878]
Event: 12.635 Thread 0x000002ef28f0c6b0 3833       1       org.apache.maven.model.Organization::setUrl (6 bytes)
Event: 12.635 Thread 0x000002ef28f0c6b0 nmethod 3833 0x000002ef2169d910 code [0x000002ef2169daa0, 0x000002ef2169db78]
Event: 12.636 Thread 0x000002ef28f0c6b0 3834       3       org.apache.maven.model.management.DefaultPluginManagementInjector$ManagementModelMerger::mergePlugin_Executions (208 bytes)
Event: 12.638 Thread 0x000002ef28f0c6b0 nmethod 3834 0x000002ef1a184390 code [0x000002ef1a184760, 0x000002ef1a186588]
Event: 12.638 Thread 0x000002ef28f0c6b0 3835       3       java.util.concurrent.ConcurrentHashMap::remove (8 bytes)
Event: 12.639 Thread 0x000002ef28f0c6b0 nmethod 3835 0x000002ef1a186f90 code [0x000002ef1a187140, 0x000002ef1a187288]
Event: 12.644 Thread 0x000002ef28f09c30 nmethod 3775 0x000002ef2169dc10 code [0x000002ef2169dfa0, 0x000002ef216a0f70]
Event: 12.645 Thread 0x000002ef28f09c30 3815       4       java.util.concurrent.ConcurrentHashMap::putAll (63 bytes)
Event: 12.707 Thread 0x000002ef28f0c6b0 3838       3       java.lang.ref.Reference::enqueueFromPending (19 bytes)

GC Heap History (4 events):
Event: 9.773 GC heap before
{Heap before GC invocations=0 (full 0):
 def new generation   total 78016K, used 69376K [0x00000000e0000000, 0x00000000e54a0000, 0x00000000eaaa0000)
  eden space 69376K, 100% used [0x00000000e0000000, 0x00000000e43c0000, 0x00000000e43c0000)
  from space 8640K,   0% used [0x00000000e43c0000, 0x00000000e43c0000, 0x00000000e4c30000)
  to   space 8640K,   0% used [0x00000000e4c30000, 0x00000000e4c30000, 0x00000000e54a0000)
 tenured generation   total 173440K, used 0K [0x00000000eaaa0000, 0x00000000f5400000, 0x0000000100000000)
   the space 173440K,   0% used [0x00000000eaaa0000, 0x00000000eaaa0000, 0x00000000eaaa0200, 0x00000000f5400000)
 Metaspace       used 11988K, committed 12160K, reserved 278528K
  class space    used 1504K, committed 1600K, reserved 212992K
}
Event: 9.792 GC heap after
{Heap after GC invocations=1 (full 0):
 def new generation   total 78016K, used 6022K [0x00000000e0000000, 0x00000000e54a0000, 0x00000000eaaa0000)
  eden space 69376K,   0% used [0x00000000e0000000, 0x00000000e0000000, 0x00000000e43c0000)
  from space 8640K,  69% used [0x00000000e4c30000, 0x00000000e5211a10, 0x00000000e54a0000)
  to   space 8640K,   0% used [0x00000000e43c0000, 0x00000000e43c0000, 0x00000000e4c30000)
 tenured generation   total 173440K, used 0K [0x00000000eaaa0000, 0x00000000f5400000, 0x0000000100000000)
   the space 173440K,   0% used [0x00000000eaaa0000, 0x00000000eaaa0000, 0x00000000eaaa0200, 0x00000000f5400000)
 Metaspace       used 11988K, committed 12160K, reserved 278528K
  class space    used 1504K, committed 1600K, reserved 212992K
}
Event: 12.659 GC heap before
{Heap before GC invocations=1 (full 0):
 def new generation   total 78016K, used 75398K [0x00000000e0000000, 0x00000000e54a0000, 0x00000000eaaa0000)
  eden space 69376K, 100% used [0x00000000e0000000, 0x00000000e43c0000, 0x00000000e43c0000)
  from space 8640K,  69% used [0x00000000e4c30000, 0x00000000e5211a10, 0x00000000e54a0000)
  to   space 8640K,   0% used [0x00000000e43c0000, 0x00000000e43c0000, 0x00000000e4c30000)
 tenured generation   total 173440K, used 0K [0x00000000eaaa0000, 0x00000000f5400000, 0x0000000100000000)
   the space 173440K,   0% used [0x00000000eaaa0000, 0x00000000eaaa0000, 0x00000000eaaa0200, 0x00000000f5400000)
 Metaspace       used 15477K, committed 15680K, reserved 278528K
  class space    used 1844K, committed 1920K, reserved 212992K
}
Event: 12.706 GC heap after
{Heap after GC invocations=2 (full 0):
 def new generation   total 78016K, used 6882K [0x00000000e0000000, 0x00000000e54a0000, 0x00000000eaaa0000)
  eden space 69376K,   0% used [0x00000000e0000000, 0x00000000e0000000, 0x00000000e43c0000)
  from space 8640K,  79% used [0x00000000e43c0000, 0x00000000e4a78880, 0x00000000e4c30000)
  to   space 8640K,   0% used [0x00000000e4c30000, 0x00000000e4c30000, 0x00000000e54a0000)
 tenured generation   total 173440K, used 5960K [0x00000000eaaa0000, 0x00000000f5400000, 0x0000000100000000)
   the space 173440K,   3% used [0x00000000eaaa0000, 0x00000000eb072318, 0x00000000eb072400, 0x00000000f5400000)
 Metaspace       used 15477K, committed 15680K, reserved 278528K
  class space    used 1844K, committed 1920K, reserved 212992K
}

Dll operation events (8 events):
Event: 0.016 Loaded shared library C:\Users\Aditya Yadav\AppData\Local\Programs\Eclipse Adoptium\jdk-17.0.8.7-hotspot\bin\java.dll
Event: 0.053 Loaded shared library C:\Users\Aditya Yadav\AppData\Local\Programs\Eclipse Adoptium\jdk-17.0.8.7-hotspot\bin\jsvml.dll
Event: 0.131 Loaded shared library C:\Users\Aditya Yadav\AppData\Local\Programs\Eclipse Adoptium\jdk-17.0.8.7-hotspot\bin\net.dll
Event: 0.135 Loaded shared library C:\Users\Aditya Yadav\AppData\Local\Programs\Eclipse Adoptium\jdk-17.0.8.7-hotspot\bin\nio.dll
Event: 0.169 Loaded shared library C:\Users\Aditya Yadav\AppData\Local\Programs\Eclipse Adoptium\jdk-17.0.8.7-hotspot\bin\zip.dll
Event: 6.492 Loaded shared library C:\apache-maven-3.9.10\lib\jansi-native\Windows\x86_64\jansi.dll
Event: 6.495 Loaded shared library C:\Users\Aditya Yadav\AppData\Local\Programs\Eclipse Adoptium\jdk-17.0.8.7-hotspot\bin\jimage.dll
Event: 6.515 Loaded shared library C:\Users\Aditya Yadav\AppData\Local\Programs\Eclipse Adoptium\jdk-17.0.8.7-hotspot\bin\verify.dll

Deoptimization events (20 events):
Event: 12.613 Thread 0x000002ef107bfcd0 Uncommon trap: trap_request=0xffffffbe fr.pc=0x000002ef2169bbf8 relative=0x0000000000000bb8
Event: 12.613 Thread 0x000002ef107bfcd0 Uncommon trap: reason=profile_predicate action=maybe_recompile pc=0x000002ef2169bbf8 method=java.util.concurrent.ConcurrentHashMap.putAll(Ljava/util/Map;)V @ 28 c2
Event: 12.613 Thread 0x000002ef107bfcd0 DEOPT PACKING pc=0x000002ef2169bbf8 sp=0x000000fd868fc280
Event: 12.613 Thread 0x000002ef107bfcd0 DEOPT UNPACKING pc=0x000002ef20f966a3 sp=0x000000fd868fc230 mode 2
Event: 12.613 Thread 0x000002ef107bfcd0 Uncommon trap: trap_request=0xffffffbe fr.pc=0x000002ef2169bbf8 relative=0x0000000000000bb8
Event: 12.613 Thread 0x000002ef107bfcd0 Uncommon trap: reason=profile_predicate action=maybe_recompile pc=0x000002ef2169bbf8 method=java.util.concurrent.ConcurrentHashMap.putAll(Ljava/util/Map;)V @ 28 c2
Event: 12.613 Thread 0x000002ef107bfcd0 DEOPT PACKING pc=0x000002ef2169bbf8 sp=0x000000fd868fc280
Event: 12.613 Thread 0x000002ef107bfcd0 DEOPT UNPACKING pc=0x000002ef20f966a3 sp=0x000000fd868fc230 mode 2
Event: 12.615 Thread 0x000002ef107bfcd0 Uncommon trap: trap_request=0xffffff45 fr.pc=0x000002ef216753d4 relative=0x00000000000002f4
Event: 12.615 Thread 0x000002ef107bfcd0 Uncommon trap: reason=unstable_if action=reinterpret pc=0x000002ef216753d4 method=org.apache.maven.model.ConfigurationContainer.getLocation(Ljava/lang/Object;)Lorg/apache/maven/model/InputLocation; @ 18 c2
Event: 12.616 Thread 0x000002ef107bfcd0 DEOPT PACKING pc=0x000002ef216753d4 sp=0x000000fd868fbea0
Event: 12.616 Thread 0x000002ef107bfcd0 DEOPT UNPACKING pc=0x000002ef20f966a3 sp=0x000000fd868fbe40 mode 2
Event: 12.627 Thread 0x000002ef107bfcd0 Uncommon trap: trap_request=0xffffff45 fr.pc=0x000002ef21555018 relative=0x0000000000000558
Event: 12.627 Thread 0x000002ef107bfcd0 Uncommon trap: reason=unstable_if action=reinterpret pc=0x000002ef21555018 method=java.lang.String.regionMatches(ZILjava/lang/String;II)Z @ 21 c2
Event: 12.627 Thread 0x000002ef107bfcd0 DEOPT PACKING pc=0x000002ef21555018 sp=0x000000fd868fc620
Event: 12.627 Thread 0x000002ef107bfcd0 DEOPT UNPACKING pc=0x000002ef20f966a3 sp=0x000000fd868fc5c8 mode 2
Event: 12.636 Thread 0x000002ef107bfcd0 Uncommon trap: trap_request=0xffffff45 fr.pc=0x000002ef215961f0 relative=0x00000000000001d0
Event: 12.636 Thread 0x000002ef107bfcd0 Uncommon trap: reason=unstable_if action=reinterpret pc=0x000002ef215961f0 method=java.util.HashMap.getNode(Ljava/lang/Object;)Ljava/util/HashMap$Node; @ 66 c2
Event: 12.636 Thread 0x000002ef107bfcd0 DEOPT PACKING pc=0x000002ef215961f0 sp=0x000000fd868fcb00
Event: 12.636 Thread 0x000002ef107bfcd0 DEOPT UNPACKING pc=0x000002ef20f966a3 sp=0x000000fd868fca10 mode 2

Classes unloaded (0 events):
No events

Classes redefined (0 events):
No events

Internal exceptions (20 events):
Event: 7.743 Thread 0x000002ef107bfcd0 Exception <a 'java/lang/NoSuchMethodError'{0x00000000e101cd00}: 'void java.lang.invoke.DirectMethodHandle$Holder.invokeSpecial(java.lang.Object, java.lang.Object, java.lang.Object)'> (0x00000000e101cd00) 
thrown [s\src\hotspot\share\interpreter\linkResolver.cpp, line 759]
Event: 7.806 Thread 0x000002ef107bfcd0 Exception <a 'java/lang/NoSuchMethodError'{0x00000000e11745e8}: 'java.lang.Object java.lang.invoke.DirectMethodHandle$Holder.invokeInterface(java.lang.Object, java.lang.Object)'> (0x00000000e11745e8) 
thrown [s\src\hotspot\share\interpreter\linkResolver.cpp, line 759]
Event: 7.834 Thread 0x000002ef107bfcd0 Exception <a 'java/lang/NoSuchMethodError'{0x00000000e121b348}: 'java.lang.Object java.lang.invoke.Invokers$Holder.invokeExact_MT(java.lang.Object, java.lang.Object, java.lang.Object, java.lang.Object, java.lang.Object, java.lang.Object)'> (0x00000000e121b348) 
thrown [s\src\hotspot\share\interpreter\linkResolver.cpp, line 759]
Event: 7.838 Thread 0x000002ef107bfcd0 Exception <a 'java/lang/NoSuchMethodError'{0x00000000e122c7a8}: 'int java.lang.invoke.DirectMethodHandle$Holder.invokeSpecialIFC(java.lang.Object, java.lang.Object, java.lang.Object, java.lang.Object, java.lang.Object)'> (0x00000000e122c7a8) 
thrown [s\src\hotspot\share\interpreter\linkResolver.cpp, line 759]
Event: 7.924 Thread 0x000002ef107bfcd0 Exception <a 'java/lang/NoSuchMethodError'{0x00000000e13c2da0}: 'java.lang.Object java.lang.invoke.DirectMethodHandle$Holder.newInvokeSpecial(java.lang.Object, java.lang.Object, java.lang.Object, java.lang.Object, java.lang.Object)'> (0x00000000e13c2da0) 
thrown [s\src\hotspot\share\interpreter\linkResolver.cpp, line 759]
Event: 7.968 Thread 0x000002ef107bfcd0 Exception <a 'java/lang/NoSuchMethodError'{0x00000000e14dc1c8}: 'int java.lang.invoke.DirectMethodHandle$Holder.invokeStaticInit(java.lang.Object, java.lang.Object)'> (0x00000000e14dc1c8) 
thrown [s\src\hotspot\share\interpreter\linkResolver.cpp, line 759]
Event: 7.981 Thread 0x000002ef107bfcd0 Exception <a 'java/lang/NoClassDefFoundError'{0x00000000e1513f98}: javax/enterprise/inject/Typed> (0x00000000e1513f98) 
thrown [s\src\hotspot\share\classfile\systemDictionary.cpp, line 245]
Event: 9.336 Thread 0x000002ef107bfcd0 Exception <a 'java/lang/NoSuchMethodError'{0x00000000e3ae0598}: 'void java.lang.invoke.DirectMethodHandle$Holder.invokeStaticInit(java.lang.Object, java.lang.Object, java.lang.Object)'> (0x00000000e3ae0598) 
thrown [s\src\hotspot\share\interpreter\linkResolver.cpp, line 759]
Event: 9.346 Thread 0x000002ef107bfcd0 Exception <a 'java/lang/ExceptionInInitializerError'{0x00000000e3b0ca40}> (0x00000000e3b0ca40) 
thrown [s\src\hotspot\share\oops\instanceKlass.cpp, line 1218]
Event: 9.370 Thread 0x000002ef107bfcd0 Implicit null exception at 0x000002ef2155d82f to 0x000002ef2155d98c
Event: 9.373 Thread 0x000002ef107bfcd0 Exception <a 'java/lang/NoSuchMethodError'{0x00000000e3b72588}: 'java.lang.Object java.lang.invoke.Invokers$Holder.invokeExact_MT(java.lang.Object, int, java.lang.Object)'> (0x00000000e3b72588) 
thrown [s\src\hotspot\share\interpreter\linkResolver.cpp, line 759]
Event: 9.396 Thread 0x000002ef107bfcd0 Exception <a 'java/lang/NoSuchMethodError'{0x00000000e3be5e58}: 'int java.lang.invoke.DirectMethodHandle$Holder.invokeSpecial(java.lang.Object, java.lang.Object, java.lang.Object, java.lang.Object)'> (0x00000000e3be5e58) 
thrown [s\src\hotspot\share\interpreter\linkResolver.cpp, line 759]
Event: 9.801 Thread 0x000002ef107bfcd0 Exception <a 'java/lang/NoClassDefFoundError'{0x00000000e003f748}: com/google/inject/servlet/ServletModuleTargetVisitor> (0x00000000e003f748) 
thrown [s\src\hotspot\share\classfile\systemDictionary.cpp, line 245]
Event: 9.885 Thread 0x000002ef107bfcd0 Exception <a 'java/lang/NoSuchMethodError'{0x00000000e027e460}: 'void java.lang.invoke.DirectMethodHandle$Holder.invokeVirtual(java.lang.Object, java.lang.Object)'> (0x00000000e027e460) 
thrown [s\src\hotspot\share\interpreter\linkResolver.cpp, line 759]
Event: 9.919 Thread 0x000002ef107bfcd0 Exception <a 'java/lang/NoSuchMethodError'{0x00000000e02f6e48}: 'java.lang.Object java.lang.invoke.DirectMethodHandle$Holder.invokeStaticInit(java.lang.Object, int, int, int, int)'> (0x00000000e02f6e48) 
thrown [s\src\hotspot\share\interpreter\linkResolver.cpp, line 759]
Event: 10.135 Thread 0x000002ef107bfcd0 Implicit null exception at 0x000002ef214ff6f2 to 0x000002ef214ffc40
Event: 10.135 Thread 0x000002ef107bfcd0 Implicit null exception at 0x000002ef215056f2 to 0x000002ef21505c54
Event: 10.211 Thread 0x000002ef107bfcd0 Exception <a 'java/lang/NoSuchMethodError'{0x00000000e07ee4d8}: 'void java.lang.invoke.DirectMethodHandle$Holder.invokeSpecial(java.lang.Object, java.lang.Object, java.lang.Object, java.lang.Object, java.lang.Object)'> (0x00000000e07ee4d8) 
thrown [s\src\hotspot\share\interpreter\linkResolver.cpp, line 759]
Event: 10.220 Thread 0x000002ef107bfcd0 Exception <a 'java/lang/NoSuchMethodError'{0x00000000e080bb60}: 'void java.lang.invoke.DirectMethodHandle$Holder.invokeSpecial(java.lang.Object, java.lang.Object, java.lang.Object, java.lang.Object, java.lang.Object, java.lang.Object)'> (0x00000000e080bb60) 
thrown [s\src\hotspot\share\interpreter\linkResolver.cpp, line 759]
Event: 10.284 Thread 0x000002ef107bfcd0 Exception <a 'java/lang/NoSuchMethodError'{0x00000000e09039d0}: 'java.lang.Object java.lang.invoke.DirectMethodHandle$Holder.invokeVirtual(java.lang.Object, java.lang.Object, java.lang.Object)'> (0x00000000e09039d0) 
thrown [s\src\hotspot\share\interpreter\linkResolver.cpp, line 759]

VM Operations (20 events):
Event: 9.773 Executing VM operation: GenCollectForAllocation
Event: 9.792 Executing VM operation: GenCollectForAllocation done
Event: 9.897 Executing VM operation: HandshakeAllThreads
Event: 9.897 Executing VM operation: HandshakeAllThreads done
Event: 9.938 Executing VM operation: HandshakeAllThreads
Event: 9.938 Executing VM operation: HandshakeAllThreads done
Event: 10.101 Executing VM operation: HandshakeAllThreads
Event: 10.101 Executing VM operation: HandshakeAllThreads done
Event: 10.103 Executing VM operation: HandshakeAllThreads
Event: 10.103 Executing VM operation: HandshakeAllThreads done
Event: 10.534 Executing VM operation: ICBufferFull
Event: 10.534 Executing VM operation: ICBufferFull done
Event: 11.542 Executing VM operation: Cleanup
Event: 11.542 Executing VM operation: Cleanup done
Event: 11.876 Executing VM operation: HandshakeAllThreads
Event: 11.876 Executing VM operation: HandshakeAllThreads done
Event: 12.339 Executing VM operation: ICBufferFull
Event: 12.339 Executing VM operation: ICBufferFull done
Event: 12.659 Executing VM operation: GenCollectForAllocation
Event: 12.706 Executing VM operation: GenCollectForAllocation done

Events (20 events):
Event: 10.376 loading class sun/util/resources/LocaleData$LocaleDataResourceBundleProvider done
Event: 10.376 loading class sun/util/resources/LocaleData$CommonResourceBundleProvider done
Event: 10.377 loading class sun/util/resources/Bundles$2
Event: 10.377 loading class sun/util/resources/Bundles$2 done
Event: 10.550 loading class java/util/stream/Streams$RangeIntSpliterator
Event: 10.550 loading class java/util/stream/Streams$RangeIntSpliterator done
Event: 11.395 Thread 0x000002ef28f0b170 Thread exited: 0x000002ef28f0b170
Event: 11.395 Thread 0x000002ef28f0a6d0 Thread exited: 0x000002ef28f0a6d0
Event: 11.576 loading class java/util/stream/MatchOps$MatchKind
Event: 11.576 loading class java/util/stream/MatchOps$MatchKind done
Event: 11.576 loading class java/util/stream/MatchOps
Event: 11.576 loading class java/util/stream/MatchOps done
Event: 11.576 loading class java/util/stream/MatchOps$MatchOp
Event: 11.576 loading class java/util/stream/MatchOps$MatchOp done
Event: 11.577 loading class java/util/stream/MatchOps$BooleanTerminalSink
Event: 11.577 loading class java/util/stream/MatchOps$BooleanTerminalSink done
Event: 11.577 loading class java/util/stream/MatchOps$1MatchSink
Event: 11.577 loading class java/util/stream/MatchOps$1MatchSink done
Event: 11.839 Thread 0x000002ef28f0cc00 Thread added: 0x000002ef28f0cc00
Event: 12.146 Thread 0x000002ef28f09c30 Thread added: 0x000002ef28f09c30


Dynamic libraries:
0x00007ff654660000 - 0x00007ff65466e000 	C:\Users\Aditya Yadav\AppData\Local\Programs\Eclipse Adoptium\jdk-17.0.8.7-hotspot\bin\java.exe
0x00007fffe3fc0000 - 0x00007fffe4226000 	C:\WINDOWS\SYSTEM32\ntdll.dll
0x00007fffe3210000 - 0x00007fffe32d9000 	C:\WINDOWS\System32\KERNEL32.DLL
0x00007fffe16d0000 - 0x00007fffe1ad0000 	C:\WINDOWS\System32\KERNELBASE.dll
0x00007fffe1210000 - 0x00007fffe135c000 	C:\WINDOWS\System32\ucrtbase.dll
0x00007fffcdf30000 - 0x00007fffcdf47000 	C:\Users\Aditya Yadav\AppData\Local\Programs\Eclipse Adoptium\jdk-17.0.8.7-hotspot\bin\jli.dll
0x00007fffcdf10000 - 0x00007fffcdf29000 	C:\Users\Aditya Yadav\AppData\Local\Programs\Eclipse Adoptium\jdk-17.0.8.7-hotspot\bin\VCRUNTIME140.dll
0x00007fffe2490000 - 0x00007fffe2657000 	C:\WINDOWS\System32\USER32.dll
0x00007fffbe360000 - 0x00007fffbe5f2000 	C:\WINDOWS\WinSxS\amd64_microsoft.windows.common-controls_6595b64144ccf1df_6.0.26100.8737_none_3e092eaee333b772\COMCTL32.dll
0x00007fffe11e0000 - 0x00007fffe1207000 	C:\WINDOWS\System32\win32u.dll
0x00007fffe3b80000 - 0x00007fffe3c29000 	C:\WINDOWS\System32\msvcrt.dll
0x00007fffe3b50000 - 0x00007fffe3b7b000 	C:\WINDOWS\System32\GDI32.dll
0x00007fffe1370000 - 0x00007fffe1499000 	C:\WINDOWS\System32\gdi32full.dll
0x00007fffe14a0000 - 0x00007fffe1543000 	C:\WINDOWS\System32\msvcp_win.dll
0x00007fffe2840000 - 0x00007fffe2872000 	C:\WINDOWS\System32\IMM32.DLL
0x00007fffc0dd0000 - 0x00007fffc0ddc000 	C:\Users\Aditya Yadav\AppData\Local\Programs\Eclipse Adoptium\jdk-17.0.8.7-hotspot\bin\vcruntime140_1.dll
0x00007fff62450000 - 0x00007fff624e1000 	C:\Users\Aditya Yadav\AppData\Local\Programs\Eclipse Adoptium\jdk-17.0.8.7-hotspot\bin\msvcp140.dll
0x00007fff36aa0000 - 0x00007fff376ec000 	C:\Users\Aditya Yadav\AppData\Local\Programs\Eclipse Adoptium\jdk-17.0.8.7-hotspot\bin\server\jvm.dll
0x00007fffe1e70000 - 0x00007fffe1f27000 	C:\WINDOWS\System32\ADVAPI32.dll
0x00007fffe2ab0000 - 0x00007fffe2b5a000 	C:\WINDOWS\System32\sechost.dll
0x00007fffe3e60000 - 0x00007fffe3f78000 	C:\WINDOWS\System32\RPCRT4.dll
0x00007fffe1040000 - 0x00007fffe109e000 	C:\WINDOWS\SYSTEM32\POWRPROF.dll
0x00007fffbae20000 - 0x00007fffbae2a000 	C:\WINDOWS\SYSTEM32\WSOCK32.dll
0x00007fffccf80000 - 0x00007fffccf8b000 	C:\WINDOWS\SYSTEM32\VERSION.dll
0x00007fffe2880000 - 0x00007fffe2900000 	C:\WINDOWS\System32\WS2_32.dll
0x00007fffc34f0000 - 0x00007fffc3526000 	C:\WINDOWS\SYSTEM32\WINMM.dll
0x00007fffe1020000 - 0x00007fffe1034000 	C:\WINDOWS\SYSTEM32\UMPDC.dll
0x00007fffdfe90000 - 0x00007fffdfeab000 	C:\WINDOWS\SYSTEM32\kernel.appcore.dll
0x00007fffc0dc0000 - 0x00007fffc0dca000 	C:\Users\Aditya Yadav\AppData\Local\Programs\Eclipse Adoptium\jdk-17.0.8.7-hotspot\bin\jimage.dll
0x00007fffde700000 - 0x00007fffde942000 	C:\WINDOWS\SYSTEM32\DBGHELP.DLL
0x00007fffe1f60000 - 0x00007fffe22e3000 	C:\WINDOWS\System32\combase.dll
0x00007fffe2910000 - 0x00007fffe29e9000 	C:\WINDOWS\System32\OLEAUT32.dll
0x00007fffbd5c0000 - 0x00007fffbd5fb000 	C:\WINDOWS\SYSTEM32\dbgcore.DLL
0x00007fffe1c30000 - 0x00007fffe1cdc000 	C:\WINDOWS\System32\bcryptPrimitives.dll
0x00007fff62420000 - 0x00007fff62445000 	C:\Users\Aditya Yadav\AppData\Local\Programs\Eclipse Adoptium\jdk-17.0.8.7-hotspot\bin\java.dll
0x00007fff5f9c0000 - 0x00007fff5fa96000 	C:\Users\Aditya Yadav\AppData\Local\Programs\Eclipse Adoptium\jdk-17.0.8.7-hotspot\bin\jsvml.dll
0x00007fffe33b0000 - 0x00007fffe3b42000 	C:\WINDOWS\System32\SHELL32.dll
0x00007fffdec60000 - 0x00007fffdf4f2000 	C:\WINDOWS\SYSTEM32\windows.storage.dll
0x00007fffe3080000 - 0x00007fffe3177000 	C:\WINDOWS\System32\SHCORE.dll
0x00007fffe2310000 - 0x00007fffe2377000 	C:\WINDOWS\System32\shlwapi.dll
0x00007fffe1100000 - 0x00007fffe1129000 	C:\WINDOWS\SYSTEM32\profapi.dll
0x00007fffc0da0000 - 0x00007fffc0db9000 	C:\Users\Aditya Yadav\AppData\Local\Programs\Eclipse Adoptium\jdk-17.0.8.7-hotspot\bin\net.dll
0x00007fffdbf80000 - 0x00007fffdc0a9000 	C:\WINDOWS\SYSTEM32\WINHTTP.dll
0x00007fffe0470000 - 0x00007fffe04dc000 	C:\WINDOWS\system32\mswsock.dll
0x00007fff6d900000 - 0x00007fff6d915000 	C:\Users\Aditya Yadav\AppData\Local\Programs\Eclipse Adoptium\jdk-17.0.8.7-hotspot\bin\nio.dll
0x00007fff65450000 - 0x00007fff65468000 	C:\Users\Aditya Yadav\AppData\Local\Programs\Eclipse Adoptium\jdk-17.0.8.7-hotspot\bin\zip.dll
0x00007fffc0d30000 - 0x00007fffc0d54000 	C:\apache-maven-3.9.10\lib\jansi-native\Windows\x86_64\jansi.dll
0x00007fffc0d20000 - 0x00007fffc0d30000 	C:\Users\Aditya Yadav\AppData\Local\Programs\Eclipse Adoptium\jdk-17.0.8.7-hotspot\bin\verify.dll

dbghelp: loaded successfully - version: 4.0.5 - missing functions: none
symbol engine: initialized successfully - sym options: 0x614 - pdb path: .;C:\Users\Aditya Yadav\AppData\Local\Programs\Eclipse Adoptium\jdk-17.0.8.7-hotspot\bin;C:\WINDOWS\SYSTEM32;C:\WINDOWS\WinSxS\amd64_microsoft.windows.common-controls_6595b64144ccf1df_6.0.26100.8737_none_3e092eaee333b772;C:\Users\Aditya Yadav\AppData\Local\Programs\Eclipse Adoptium\jdk-17.0.8.7-hotspot\bin\server;C:\apache-maven-3.9.10\lib\jansi-native\Windows\x86_64

VM Arguments:
jvm_args: --add-opens=java.base/java.lang=ALL-UNNAMED --enable-native-access=ALL-UNNAMED -Xmx512m -XX:+UseSerialGC -XX:MaxMetaspaceSize=256m -Dclassworlds.conf=C:/apache-maven-3.9.10/bin/m2.conf -Dmaven.home=C:/apache-maven-3.9.10 -Dlibrary.jansi.path=C:/apache-maven-3.9.10/lib/jansi-native -Dmaven.multiModuleProjectDirectory=F:/UniquePersonalProject/backend 
java_command: org.codehaus.plexus.classworlds.launcher.Launcher -q clean package -DskipTests
java_class_path (initial): C:/apache-maven-3.9.10/boot/plexus-classworlds-2.9.0.jar
Launcher Type: SUN_STANDARD

[Global flags]
     intx CICompilerCount                          = 4                                         {product} {ergonomic}
   size_t CompressedClassSpaceSize                 = 218103808                                 {product} {ergonomic}
   size_t InitialHeapSize                          = 266338304                                 {product} {ergonomic}
   size_t MaxHeapSize                              = 536870912                                 {product} {command line}
   size_t MaxMetaspaceSize                         = 268435456                                 {product} {command line}
   size_t MaxNewSize                               = 178913280                                 {product} {ergonomic}
   size_t MinHeapDeltaBytes                        = 196608                                    {product} {ergonomic}
   size_t MinHeapSize                              = 8388608                                   {product} {ergonomic}
   size_t NewSize                                  = 88735744                                  {product} {ergonomic}
    uintx NonNMethodCodeHeapSize                   = 5839372                                {pd product} {ergonomic}
    uintx NonProfiledCodeHeapSize                  = 122909434                              {pd product} {ergonomic}
   size_t OldSize                                  = 177602560                                 {product} {ergonomic}
    uintx ProfiledCodeHeapSize                     = 122909434                              {pd product} {ergonomic}
    uintx ReservedCodeCacheSize                    = 251658240                              {pd product} {ergonomic}
     bool SegmentedCodeCache                       = true                                      {product} {ergonomic}
   size_t SoftMaxHeapSize                          = 536870912                              {manageable} {ergonomic}
     bool UseCompressedClassPointers               = true                           {product lp64_product} {ergonomic}
     bool UseCompressedOops                        = true                           {product lp64_product} {ergonomic}
     bool UseLargePagesIndividualAllocation        = false                                  {pd product} {ergonomic}
     bool UseSerialGC                              = true                                      {product} {command line}

Logging:
Log output configuration:
 #0: stdout all=warning uptime,level,tags
 #1: stderr all=off uptime,level,tags

Environment Variables:
JAVA_HOME=C:/Users/Aditya Yadav/AppData/Local/Programs/Eclipse Adoptium/jdk-17.0.8.7-hotspot
PATH=C:\Users\Aditya Yadav\bin;C:\Program Files\Git\mingw64\bin;C:\Program Files\Git\usr\local\bin;C:\Program Files\Git\usr\bin;C:\Program Files\Git\usr\bin;C:\Program Files\Git\mingw64\bin;C:\Program Files\Git\usr\bin;C:\Users\Aditya Yadav\bin;C:\Users\Aditya Yadav\.virtualenvs\AdTubers-7GrJyUQK\Scripts;C:\windows\system32;C:\windows;C:\windows\System32\Wbem;C:\windows\System32\WindowsPowerShell\v1.0;C:\windows\System32\OpenSSH;C:\Program Files (x86)\NVIDIA Corporation\PhysX\Common;C:\Program Files\NVIDIA Corporation\NVIDIA NvDLISR;C:\WINDOWS\system32;C:\WINDOWS;C:\WINDOWS\System32\Wbem;C:\WINDOWS\System32\WindowsPowerShell\v1.0;C:\WINDOWS\System32\OpenSSH;C:\MinGW\bin;C:\Program Files\Git\cmd;C:\Users\Aditya Yadav\AppData\Roaming\nvm;C:\Program Files\nodejs;C:\Users\Aditya Yadav\AppData\Roaming\nvm\nvm.exe;C:\Program Files\HP\HP One Agent;C:\WINDOWS\system32;C:\WINDOWS;C:\WINDOWS\System32\Wbem;C:\WINDOWS\System32\WindowsPowerShell\v1.0;C:\WINDOWS\System32\OpenSSH;C:\apache-maven-3.9.10\bin;C:\Program Files\nodejs;C:\Users\Aditya Yadav\AppData\Local\Programs\Python\Python313\Scripts;C:\Users\Aditya Yadav\AppData\Local\Programs\Python\Python313;C:\Program Files\MySQL\MySQL Shell 8.0\bin;C:\Users\Aditya Yadav\AppData\Local\Programs\Eclipse Adoptium\jdk-17.0.8.7-hotspot\bin;C:\Users\Aditya Yadav\AppData\Local\Programs\Python\Python310\Scripts;C:\Users\Aditya Yadav\AppData\Local\Programs\Python\Python310;C:\Users\Aditya Yadav\AppData\Local\Microsoft\WindowsApps;C:\Users\Aditya Yadav\AppData\Local\Programs\Microsoft VS Code\bin;C:\Users\Aditya Yadav\AppData\Roaming\nvm;C:\Program Files\nodejs;C:\Program Files\JetBrains\IntelliJ IDEA 2024.2\bin;C:\Users\Aditya Yadav\AppData\Roaming\nvm;C:\mongoSH;C:\Program Files\JetBrains\PyCharm Community Edition 2025.2.4\bin;C:\Users\Aditya Yadav\AppData\Roaming\npm;C:\Users\Aditya Yadav\AppData\Local\Programs\MiKTeX\miktex\bin\x64;C:\Program Files\Git\usr\bin\vendor_perl;C:\Program Files\Git\usr\bin\core_perl
USERNAME=Aditya Yadav
SHELL=C:\Program Files\Git\usr\bin\bash.exe
TERM=xterm-256color
OS=Windows_NT
PROCESSOR_IDENTIFIER=Intel64 Family 6 Model 142 Stepping 12, GenuineIntel
TMP=C:\Users\ADITYA~1\AppData\Local\Temp
TEMP=C:\Users\ADITYA~1\AppData\Local\Temp



---------------  S Y S T E M  ---------------

OS:
 Windows 11 , 64 bit Build 26100 (10.0.26100.8737)
OS uptime: 0 days 13:19 hours
Hyper-V role detected

CPU: total 8 (initial active 8) (4 cores per cpu, 2 threads per core) family 6 model 142 stepping 12 microcode 0xfa, cx8, cmov, fxsr, ht, mmx, 3dnowpref, sse, sse2, sse3, ssse3, sse4.1, sse4.2, popcnt, lzcnt, tsc, tscinvbit, avx, avx2, aes, erms, clmul, bmi1, bmi2, adx, fma, vzeroupper, clflush, clflushopt, hv
Processor Information for processor 0
  Max Mhz: 1992, Current Mhz: 1792, Mhz Limit: 1792
Processor Information for processor 1
  Max Mhz: 1992, Current Mhz: 1792, Mhz Limit: 1792
Processor Information for processor 2
  Max Mhz: 1992, Current Mhz: 1494, Mhz Limit: 1792
Processor Information for processor 3
  Max Mhz: 1992, Current Mhz: 1792, Mhz Limit: 1792
Processor Information for processor 4
  Max Mhz: 1992, Current Mhz: 1494, Mhz Limit: 1792
Processor Information for processor 5
  Max Mhz: 1992, Current Mhz: 1494, Mhz Limit: 1792
Processor Information for processor 6
  Max Mhz: 1992, Current Mhz: 1494, Mhz Limit: 1792
Processor Information for processor 7
  Max Mhz: 1992, Current Mhz: 1494, Mhz Limit: 1792

Memory: 4k page, system-wide physical 16194M (1910M free)
TotalPageFile size 22601M (AvailPageFile size 6M)
current process WorkingSet (physical memory assigned to process): 177M, peak: 177M
current process commit charge ("private bytes"): 335M, peak: 337M

vm_info: OpenJDK 64-Bit Server VM (17.0.8+7) for windows-amd64 JRE (17.0.8+7), built on Jul 18 2023 21:02:32 by "admin" with MS VC++ 16.7 (VS2019)

END.
