#
# There is insufficient memory for the Java Runtime Environment to continue.
# Native memory allocation (malloc) failed to allocate 1529136 bytes for Chunk::new
# Possible reasons:
#   The system is out of physical RAM or swap space
#   The process is running with CompressedOops enabled, and the Java Heap may be blocking the growth of the native heap
# Possible solutions:
#   Reduce memory load on the system
#   Increase physical memory or swap space
#   Check if swap backing store is full
#   Decrease Java heap size (-Xmx/-Xms)
#   Decrease number of Java threads
#   Decrease Java thread stack sizes (-Xss)
#   Set larger code cache with -XX:ReservedCodeCacheSize=
#   JVM is running with Zero Based Compressed Oops mode in which the Java heap is
#     placed in the first 32GB address space. The Java Heap base address is the
#     maximum limit for the native heap growth. Please use -XX:HeapBaseMinAddress
#     to set the Java Heap base and to place the Java Heap above 32GB virtual address.
# This output file may be truncated or incomplete.
#
#  Out of Memory Error (arena.cpp:189), pid=20360, tid=7216
#
# JRE version: OpenJDK Runtime Environment Temurin-17.0.8+7 (17.0.8+7) (build 17.0.8+7)
# Java VM: OpenJDK 64-Bit Server VM Temurin-17.0.8+7 (17.0.8+7, mixed mode, sharing, tiered, compressed oops, compressed class ptrs, g1 gc, windows-amd64)
# No core dump will be written. Minidumps are not enabled by default on client versions of Windows
#

---------------  S U M M A R Y ------------

Command Line: target/backend-1.0.0.jar --spring.profiles.active=local

Host: Intel(R) Core(TM) i7-8565U CPU @ 1.80GHz, 8 cores, 15G,  Windows 11 , 64 bit Build 26100 (10.0.26100.8737)
Time: Sat Jul  4 12:05:58 2026 India Standard Time elapsed time: 25.476570 seconds (0d 0h 0m 25s)

---------------  T H R E A D  ---------------

Current thread (0x000001f601c69550):  JavaThread "C2 CompilerThread1" daemon [_thread_in_native, id=7216, stack(0x000000c93d200000,0x000000c93d300000)]


Current CompileTask:
C2:  25476 7395       4       java.lang.Class::annotationData (44 bytes)

Stack: [0x000000c93d200000,0x000000c93d300000]
Native frames: (J=compiled Java code, j=interpreted, Vv=VM code, C=native code)
V  [jvm.dll+0x678b0a]
V  [jvm.dll+0x835e84]
V  [jvm.dll+0x83762e]
V  [jvm.dll+0x837c93]
V  [jvm.dll+0x24746f]
V  [jvm.dll+0xac20c]
V  [jvm.dll+0xac7dc]
V  [jvm.dll+0x365c52]
V  [jvm.dll+0x1bd012]
V  [jvm.dll+0x219d49]
V  [jvm.dll+0x219011]
V  [jvm.dll+0x1a534d]
V  [jvm.dll+0x228d8a]
V  [jvm.dll+0x226dcc]
V  [jvm.dll+0x7ec09b]
V  [jvm.dll+0x7e64ca]
V  [jvm.dll+0x677955]
C  [ucrtbase.dll+0x2cd30]
C  [KERNEL32.DLL+0x2e957]
C  [ntdll.dll+0xaad6c]


---------------  P R O C E S S  ---------------

Threads class SMR info:
_java_thread_list=0x000001f605a43e10, length=60, elements={
0x000001f636eb9190, 0x000001f636eb9c60, 0x000001f636ed1cd0, 0x000001f636ed25a0,
0x000001f636ed2e70, 0x000001f636ed3740, 0x000001f636ed4340, 0x000001f636ed4d00,
0x000001f636eed630, 0x000001f63994cfe0, 0x000001f6399534e0, 0x000001f639b12200,
0x000001f6038ec010, 0x000001f6038ec520, 0x000001f6038eca30, 0x000001f6038ea6c0,
0x000001f6038eabd0, 0x000001f6038ecf40, 0x000001f6038e9790, 0x000001f6038ea1b0,
0x000001f6038eb0e0, 0x000001f6038ebb00, 0x000001f604a6ee50, 0x000001f604a6f360,
0x000001f604a6e940, 0x000001f604a720f0, 0x000001f604a71be0, 0x000001f604a73020,
0x000001f604a72b10, 0x000001f604a72600, 0x000001f604a6f870, 0x000001f604a70290,
0x000001f604a73530, 0x000001f604a707a0, 0x000001f604a70cb0, 0x000001f604a711c0,
0x000001f604a6fd80, 0x000001f604a74970, 0x000001f604a73a40, 0x000001f604a73f50,
0x000001f604a74460, 0x000001f604a74e80, 0x000001f604a716d0, 0x000001f604a75db0,
0x000001f604a75390, 0x000001f604a762c0, 0x000001f604a758a0, 0x000001f6038e9ca0,
0x000001f605934f30, 0x000001f605934000, 0x000001f605934a20, 0x000001f605935e60,
0x000001f605936880, 0x000001f605934510, 0x000001f605935950, 0x000001f6059335e0,
0x000001f605935440, 0x000001f601c69550, 0x000001f605936370, 0x000001f601c69ff0
}

Java Threads: ( => current thread )
  0x000001f636eb9190 JavaThread "Reference Handler" daemon [_thread_blocked, id=23544, stack(0x000000c93c400000,0x000000c93c500000)]
  0x000001f636eb9c60 JavaThread "Finalizer" daemon [_thread_blocked, id=1500, stack(0x000000c93c500000,0x000000c93c600000)]
  0x000001f636ed1cd0 JavaThread "Signal Dispatcher" daemon [_thread_blocked, id=9480, stack(0x000000c93c600000,0x000000c93c700000)]
  0x000001f636ed25a0 JavaThread "Attach Listener" daemon [_thread_blocked, id=5964, stack(0x000000c93c700000,0x000000c93c800000)]
  0x000001f636ed2e70 JavaThread "Service Thread" daemon [_thread_blocked, id=13516, stack(0x000000c93c800000,0x000000c93c900000)]
  0x000001f636ed3740 JavaThread "Monitor Deflation Thread" daemon [_thread_blocked, id=6616, stack(0x000000c93c900000,0x000000c93ca00000)]
  0x000001f636ed4340 JavaThread "C2 CompilerThread0" daemon [_thread_blocked, id=17644, stack(0x000000c93ca00000,0x000000c93cb00000)]
  0x000001f636ed4d00 JavaThread "C1 CompilerThread0" daemon [_thread_blocked, id=10688, stack(0x000000c93cb00000,0x000000c93cc00000)]
  0x000001f636eed630 JavaThread "Sweeper thread" daemon [_thread_blocked, id=10144, stack(0x000000c93cc00000,0x000000c93cd00000)]
  0x000001f63994cfe0 JavaThread "Notification Thread" daemon [_thread_blocked, id=26308, stack(0x000000c93cd00000,0x000000c93ce00000)]
  0x000001f6399534e0 JavaThread "Common-Cleaner" daemon [_thread_blocked, id=11048, stack(0x000000c93cf00000,0x000000c93d000000)]
  0x000001f639b12200 JavaThread "Cleaner-0" daemon [_thread_blocked, id=12036, stack(0x000000c93d000000,0x000000c93d100000)]
  0x000001f6038ec010 JavaThread "Catalina-utility-1" [_thread_blocked, id=22292, stack(0x000000c93d800000,0x000000c93d900000)]
  0x000001f6038ec520 JavaThread "Catalina-utility-2" [_thread_blocked, id=12924, stack(0x000000c93dc00000,0x000000c93dd00000)]
  0x000001f6038eca30 JavaThread "container-0" [_thread_blocked, id=9840, stack(0x000000c93dd00000,0x000000c93de00000)]
  0x000001f6038ea6c0 JavaThread "HikariPool-1 housekeeper" daemon [_thread_blocked, id=7956, stack(0x000000c93de00000,0x000000c93df00000)]
  0x000001f6038eabd0 JavaThread "MessageBroker-1" [_thread_blocked, id=15692, stack(0x000000c93e000000,0x000000c93e100000)]
  0x000001f6038ecf40 JavaThread "http-nio-8080-exec-1" daemon [_thread_blocked, id=8832, stack(0x000000c93e100000,0x000000c93e200000)]
  0x000001f6038e9790 JavaThread "http-nio-8080-exec-2" daemon [_thread_blocked, id=7916, stack(0x000000c93e200000,0x000000c93e300000)]
  0x000001f6038ea1b0 JavaThread "http-nio-8080-exec-3" daemon [_thread_blocked, id=4316, stack(0x000000c93e300000,0x000000c93e400000)]
  0x000001f6038eb0e0 JavaThread "http-nio-8080-exec-4" daemon [_thread_blocked, id=8408, stack(0x000000c93e400000,0x000000c93e500000)]
  0x000001f6038ebb00 JavaThread "http-nio-8080-exec-5" daemon [_thread_blocked, id=23172, stack(0x000000c93e500000,0x000000c93e600000)]
  0x000001f604a6ee50 JavaThread "http-nio-8080-exec-6" daemon [_thread_blocked, id=23468, stack(0x000000c93e600000,0x000000c93e700000)]
  0x000001f604a6f360 JavaThread "http-nio-8080-exec-7" daemon [_thread_blocked, id=2272, stack(0x000000c93e700000,0x000000c93e800000)]
  0x000001f604a6e940 JavaThread "http-nio-8080-exec-8" daemon [_thread_blocked, id=2808, stack(0x000000c93e800000,0x000000c93e900000)]
  0x000001f604a720f0 JavaThread "http-nio-8080-exec-9" daemon [_thread_blocked, id=19928, stack(0x000000c93e900000,0x000000c93ea00000)]
  0x000001f604a71be0 JavaThread "http-nio-8080-exec-10" daemon [_thread_blocked, id=18844, stack(0x000000c93ea00000,0x000000c93eb00000)]
  0x000001f604a73020 JavaThread "http-nio-8080-Poller" daemon [_thread_in_native, id=17796, stack(0x000000c93eb00000,0x000000c93ec00000)]
  0x000001f604a72b10 JavaThread "http-nio-8080-Acceptor" daemon [_thread_in_native, id=13016, stack(0x000000c93ec00000,0x000000c93ed00000)]
  0x000001f604a72600 JavaThread "MessageBroker-2" [_thread_blocked, id=7684, stack(0x000000c93ed00000,0x000000c93ee00000)]
  0x000001f604a6f870 JavaThread "DestroyJavaVM" [_thread_blocked, id=12280, stack(0x000000c93bd00000,0x000000c93be00000)]
  0x000001f604a70290 JavaThread "parallel-1" daemon [_thread_blocked, id=23528, stack(0x000000c93df00000,0x000000c93e000000)]
  0x000001f604a73530 JavaThread "MessageBroker-4" [_thread_blocked, id=15396, stack(0x000000c93ee00000,0x000000c93ef00000)]
  0x000001f604a707a0 JavaThread "MessageBroker-3" [_thread_blocked, id=10624, stack(0x000000c93ef00000,0x000000c93f000000)]
  0x000001f604a70cb0 JavaThread "reactor-http-nio-1" daemon [_thread_in_native, id=21092, stack(0x000000c93f000000,0x000000c93f100000)]
  0x000001f604a711c0 JavaThread "reactor-http-nio-2" daemon [_thread_in_native, id=11448, stack(0x000000c93f100000,0x000000c93f200000)]
  0x000001f604a6fd80 JavaThread "reactor-http-nio-3" daemon [_thread_in_native, id=15296, stack(0x000000c93f200000,0x000000c93f300000)]
  0x000001f604a74970 JavaThread "reactor-http-nio-4" daemon [_thread_in_native, id=8100, stack(0x000000c93f300000,0x000000c93f400000)]
  0x000001f604a73a40 JavaThread "reactor-http-nio-5" daemon [_thread_in_native, id=17400, stack(0x000000c93f400000,0x000000c93f500000)]
  0x000001f604a73f50 JavaThread "reactor-http-nio-6" daemon [_thread_in_native, id=2588, stack(0x000000c93f500000,0x000000c93f600000)]
  0x000001f604a74460 JavaThread "reactor-http-nio-7" daemon [_thread_in_native, id=24496, stack(0x000000c93f600000,0x000000c93f700000)]
  0x000001f604a74e80 JavaThread "reactor-http-nio-8" daemon [_thread_in_native, id=20068, stack(0x000000c93f700000,0x000000c93f800000)]
  0x000001f604a716d0 JavaThread "MessageBroker-5" [_thread_blocked, id=23892, stack(0x000000c93f800000,0x000000c93f900000)]
  0x000001f604a75db0 JavaThread "WebSocket background processing" daemon [_thread_blocked, id=19632, stack(0x000000c93f900000,0x000000c93fa00000)]
  0x000001f604a75390 JavaThread "Thread-10" daemon [_thread_in_native, id=4516, stack(0x000000c93fa00000,0x000000c93fb00000)]
  0x000001f604a762c0 JavaThread "clientInboundChannel-1" [_thread_blocked, id=18144, stack(0x000000c93fb00000,0x000000c93fc00000)]
  0x000001f604a758a0 JavaThread "clientInboundChannel-2" [_thread_blocked, id=19196, stack(0x000000c93fc00000,0x000000c93fd00000)]
  0x000001f6038e9ca0 JavaThread "clientInboundChannel-3" [_thread_blocked, id=25556, stack(0x000000c93fd00000,0x000000c93fe00000)]
  0x000001f605934f30 JavaThread "clientOutboundChannel-1" [_thread_blocked, id=20936, stack(0x000000c93fe00000,0x000000c93ff00000)]
  0x000001f605934000 JavaThread "MessageBroker-6" [_thread_blocked, id=18172, stack(0x000000c93ff00000,0x000000c940000000)]
  0x000001f605934a20 JavaThread "clientInboundChannel-4" [_thread_blocked, id=10332, stack(0x000000c940000000,0x000000c940100000)]
  0x000001f605935e60 JavaThread "clientInboundChannel-5" [_thread_blocked, id=14944, stack(0x000000c940100000,0x000000c940200000)]
  0x000001f605936880 JavaThread "clientInboundChannel-6" [_thread_blocked, id=2060, stack(0x000000c940200000,0x000000c940300000)]
  0x000001f605934510 JavaThread "clientOutboundChannel-2" [_thread_blocked, id=9636, stack(0x000000c940400000,0x000000c940500000)]
  0x000001f605935950 JavaThread "MessageBroker-7" [_thread_blocked, id=25060, stack(0x000000c940500000,0x000000c940600000)]
  0x000001f6059335e0 JavaThread "MessageBroker-8" [_thread_blocked, id=14120, stack(0x000000c940600000,0x000000c940700000)]
  0x000001f605935440 JavaThread "parallel-2" daemon [_thread_blocked, id=26352, stack(0x000000c93d100000,0x000000c93d200000)]
=>0x000001f601c69550 JavaThread "C2 CompilerThread1" daemon [_thread_in_native, id=7216, stack(0x000000c93d200000,0x000000c93d300000)]
  0x000001f605936370 JavaThread "clientOutboundChannel-3" [_thread_blocked, id=19516, stack(0x000000c940700000,0x000000c940800000)]
  0x000001f601c69ff0 JavaThread "C2 CompilerThread2" daemon [_thread_blocked, id=19312, stack(0x000000c940800000,0x000000c940900000)]

Other Threads:
  0x000001f636eb47d0 VMThread "VM Thread" [stack: 0x000000c93c300000,0x000000c93c400000] [id=3572]
  0x000001f614968c80 WatcherThread [stack: 0x000000c93ce00000,0x000000c93cf00000] [id=13140]
  0x000001f61494cc60 GCTaskThread "GC Thread#0" [stack: 0x000000c93be00000,0x000000c93bf00000] [id=17920]
  0x000001f67f2da8f0 GCTaskThread "GC Thread#1" [stack: 0x000000c93d300000,0x000000c93d400000] [id=2788]
  0x000001f67f02e5e0 GCTaskThread "GC Thread#2" [stack: 0x000000c93d400000,0x000000c93d500000] [id=27564]
  0x000001f67f02e8a0 GCTaskThread "GC Thread#3" [stack: 0x000000c93d500000,0x000000c93d600000] [id=24212]
  0x000001f67f02eb60 GCTaskThread "GC Thread#4" [stack: 0x000000c93d600000,0x000000c93d700000] [id=26696]
  0x000001f67f37e3c0 GCTaskThread "GC Thread#5" [stack: 0x000000c93d700000,0x000000c93d800000] [id=6584]
  0x000001f6011558b0 GCTaskThread "GC Thread#6" [stack: 0x000000c93da00000,0x000000c93db00000] [id=10828]
  0x000001f601154db0 GCTaskThread "GC Thread#7" [stack: 0x000000c93db00000,0x000000c93dc00000] [id=17632]
  0x000001f61495ab60 ConcurrentGCThread "G1 Main Marker" [stack: 0x000000c93bf00000,0x000000c93c000000] [id=1968]
  0x000001f636d42d00 ConcurrentGCThread "G1 Conc#0" [stack: 0x000000c93c000000,0x000000c93c100000] [id=23032]
  0x000001f601155070 ConcurrentGCThread "G1 Conc#1" [stack: 0x000000c93d900000,0x000000c93da00000] [id=12752]
  0x000001f61498ebd0 ConcurrentGCThread "G1 Refine#0" [stack: 0x000000c93c100000,0x000000c93c200000] [id=21856]
  0x000001f636df56a0 ConcurrentGCThread "G1 Service" [stack: 0x000000c93c200000,0x000000c93c300000] [id=24504]

Threads with active compile tasks:
C2 CompilerThread1    25512 7395       4       java.lang.Class::annotationData (44 bytes)

VM state: not at safepoint (normal execution)

VM Mutex/Monitor currently owned by a thread: None

Heap address: 0x0000000702e00000, size: 4050 MB, Compressed Oops mode: Zero based, Oop shift amount: 3

CDS archive(s) mapped at: [0x000001f63a000000-0x000001f63abd0000-0x000001f63abd0000), size 12386304, SharedBaseAddress: 0x000001f63a000000, ArchiveRelocationMode: 1.
Compressed class space mapped at: 0x000001f63b000000-0x000001f67b000000, reserved size: 1073741824
Narrow klass base: 0x000001f63a000000, Narrow klass shift: 0, Narrow klass range: 0x100000000

GC Precious Log:
 CPUs: 8 total, 8 available
 Memory: 16194M
 Large Page Support: Disabled
 NUMA Support: Disabled
 Compressed Oops: Enabled (Zero based)
 Heap Region Size: 2M
 Heap Min Capacity: 8M
 Heap Initial Capacity: 254M
 Heap Max Capacity: 4050M
 Pre-touch: Disabled
 Parallel Workers: 8
 Concurrent Workers: 2
 Concurrent Refinement Workers: 8
 Periodic GC: Disabled

Heap:
 garbage-first heap   total 110592K, used 52861K [0x0000000702e00000, 0x0000000800000000)
  region size 2048K, 10 young (20480K), 3 survivors (6144K)
 Metaspace       used 90825K, committed 91456K, reserved 1179648K
  class space    used 12520K, committed 12800K, reserved 1048576K

Heap Regions: E=young(eden), S=young(survivor), O=old, HS=humongous(starts), HC=humongous(continues), CS=collection set, F=free, OA=open archive, CA=closed archive, TAMS=top-at-mark-start (previous, next)
|   0|0x0000000702e00000, 0x0000000703000000, 0x0000000703000000|100%| O|  |TAMS 0x0000000703000000, 0x0000000702e00000| Untracked 
|   1|0x0000000703000000, 0x00000007030b3600, 0x0000000703200000| 35%| O|  |TAMS 0x00000007030b3600, 0x0000000703000000| Untracked 
|   2|0x0000000703200000, 0x0000000703400000, 0x0000000703400000|100%| O|  |TAMS 0x0000000703400000, 0x0000000703200000| Untracked 
|   3|0x0000000703400000, 0x0000000703600000, 0x0000000703600000|100%| O|  |TAMS 0x0000000703600000, 0x0000000703400000| Untracked 
|   4|0x0000000703600000, 0x0000000703800000, 0x0000000703800000|100%| O|  |TAMS 0x0000000703800000, 0x0000000703600000| Untracked 
|   5|0x0000000703800000, 0x0000000703a00000, 0x0000000703a00000|100%| O|  |TAMS 0x0000000703a00000, 0x0000000703800000| Untracked 
|   6|0x0000000703a00000, 0x0000000703c00000, 0x0000000703c00000|100%| O|  |TAMS 0x0000000703c00000, 0x0000000703a00000| Untracked 
|   7|0x0000000703c00000, 0x0000000703e00000, 0x0000000703e00000|100%| O|  |TAMS 0x0000000703e00000, 0x0000000703c00000| Untracked 
|   8|0x0000000703e00000, 0x0000000704000000, 0x0000000704000000|100%| O|  |TAMS 0x0000000704000000, 0x0000000703e00000| Untracked 
|   9|0x0000000704000000, 0x0000000704200000, 0x0000000704200000|100%| O|  |TAMS 0x0000000704200000, 0x0000000704000000| Untracked 
|  10|0x0000000704200000, 0x0000000704400000, 0x0000000704400000|100%| O|  |TAMS 0x0000000704400000, 0x0000000704200000| Untracked 
|  11|0x0000000704400000, 0x0000000704600000, 0x0000000704600000|100%| O|  |TAMS 0x0000000704481200, 0x0000000704400000| Untracked 
|  12|0x0000000704600000, 0x0000000704800000, 0x0000000704800000|100%| O|  |TAMS 0x0000000704600000, 0x0000000704600000| Untracked 
|  13|0x0000000704800000, 0x0000000704a00000, 0x0000000704a00000|100%| O|  |TAMS 0x0000000704800000, 0x0000000704800000| Untracked 
|  14|0x0000000704a00000, 0x0000000704c00000, 0x0000000704c00000|100%| O|  |TAMS 0x0000000704a00000, 0x0000000704a00000| Untracked 
|  15|0x0000000704c00000, 0x0000000704e00000, 0x0000000704e00000|100%| O|  |TAMS 0x0000000704c00000, 0x0000000704c00000| Untracked 
|  16|0x0000000704e00000, 0x0000000705000000, 0x0000000705000000|100%| O|  |TAMS 0x0000000704e00000, 0x0000000704e00000| Untracked 
|  17|0x0000000705000000, 0x0000000705150600, 0x0000000705200000| 65%| O|  |TAMS 0x0000000705000000, 0x0000000705000000| Untracked 
|  18|0x0000000705200000, 0x0000000705200000, 0x0000000705400000|  0%| F|  |TAMS 0x0000000705200000, 0x0000000705200000| Untracked 
|  19|0x0000000705400000, 0x0000000705400000, 0x0000000705600000|  0%| F|  |TAMS 0x0000000705400000, 0x0000000705400000| Untracked 
|  20|0x0000000705600000, 0x0000000705600000, 0x0000000705800000|  0%| F|  |TAMS 0x0000000705600000, 0x0000000705600000| Untracked 
|  21|0x0000000705800000, 0x0000000705800000, 0x0000000705a00000|  0%| F|  |TAMS 0x0000000705800000, 0x0000000705800000| Untracked 
|  22|0x0000000705a00000, 0x0000000705a00000, 0x0000000705c00000|  0%| F|  |TAMS 0x0000000705a00000, 0x0000000705a00000| Untracked 
|  23|0x0000000705c00000, 0x0000000705c00000, 0x0000000705e00000|  0%| F|  |TAMS 0x0000000705c00000, 0x0000000705c00000| Untracked 
|  24|0x0000000705e00000, 0x0000000705e00000, 0x0000000706000000|  0%| F|  |TAMS 0x0000000705e00000, 0x0000000705e00000| Untracked 
|  25|0x0000000706000000, 0x0000000706000000, 0x0000000706200000|  0%| F|  |TAMS 0x0000000706000000, 0x0000000706000000| Untracked 
|  26|0x0000000706200000, 0x0000000706200000, 0x0000000706400000|  0%| F|  |TAMS 0x0000000706200000, 0x0000000706200000| Untracked 
|  27|0x0000000706400000, 0x000000070659ba38, 0x0000000706600000| 80%| S|CS|TAMS 0x0000000706400000, 0x0000000706400000| Complete 
|  28|0x0000000706600000, 0x0000000706800000, 0x0000000706800000|100%| S|CS|TAMS 0x0000000706600000, 0x0000000706600000| Complete 
|  29|0x0000000706800000, 0x0000000706a00000, 0x0000000706a00000|100%| S|CS|TAMS 0x0000000706800000, 0x0000000706800000| Complete 
|  30|0x0000000706a00000, 0x0000000706a00000, 0x0000000706c00000|  0%| F|  |TAMS 0x0000000706a00000, 0x0000000706a00000| Untracked 
|  31|0x0000000706c00000, 0x0000000706c00000, 0x0000000706e00000|  0%| F|  |TAMS 0x0000000706c00000, 0x0000000706c00000| Untracked 
|  32|0x0000000706e00000, 0x0000000706e00000, 0x0000000707000000|  0%| F|  |TAMS 0x0000000706e00000, 0x0000000706e00000| Untracked 
|  33|0x0000000707000000, 0x0000000707000000, 0x0000000707200000|  0%| F|  |TAMS 0x0000000707000000, 0x0000000707000000| Untracked 
|  34|0x0000000707200000, 0x0000000707200000, 0x0000000707400000|  0%| F|  |TAMS 0x0000000707200000, 0x0000000707200000| Untracked 
|  35|0x0000000707400000, 0x0000000707400000, 0x0000000707600000|  0%| F|  |TAMS 0x0000000707400000, 0x0000000707400000| Untracked 
|  36|0x0000000707600000, 0x0000000707600000, 0x0000000707800000|  0%| F|  |TAMS 0x0000000707600000, 0x0000000707600000| Untracked 
|  37|0x0000000707800000, 0x0000000707800000, 0x0000000707a00000|  0%| F|  |TAMS 0x0000000707800000, 0x0000000707800000| Untracked 
|  38|0x0000000707a00000, 0x0000000707a00000, 0x0000000707c00000|  0%| F|  |TAMS 0x0000000707a00000, 0x0000000707a00000| Untracked 
|  39|0x0000000707c00000, 0x0000000707c00000, 0x0000000707e00000|  0%| F|  |TAMS 0x0000000707c00000, 0x0000000707c00000| Untracked 
|  40|0x0000000707e00000, 0x0000000707e00000, 0x0000000708000000|  0%| F|  |TAMS 0x0000000707e00000, 0x0000000707e00000| Untracked 
|  41|0x0000000708000000, 0x0000000708000000, 0x0000000708200000|  0%| F|  |TAMS 0x0000000708000000, 0x0000000708000000| Untracked 
|  42|0x0000000708200000, 0x0000000708200000, 0x0000000708400000|  0%| F|  |TAMS 0x0000000708200000, 0x0000000708200000| Untracked 
|  43|0x0000000708400000, 0x0000000708400000, 0x0000000708600000|  0%| F|  |TAMS 0x0000000708400000, 0x0000000708400000| Untracked 
|  44|0x0000000708600000, 0x0000000708600000, 0x0000000708800000|  0%| F|  |TAMS 0x0000000708600000, 0x0000000708600000| Untracked 
|  45|0x0000000708800000, 0x0000000708800000, 0x0000000708a00000|  0%| F|  |TAMS 0x0000000708800000, 0x0000000708800000| Untracked 
|  46|0x0000000708a00000, 0x0000000708a00000, 0x0000000708c00000|  0%| F|  |TAMS 0x0000000708a00000, 0x0000000708a00000| Untracked 
|  47|0x0000000708c00000, 0x0000000708de4be0, 0x0000000708e00000| 94%| E|  |TAMS 0x0000000708c00000, 0x0000000708c00000| Complete 
|  48|0x0000000708e00000, 0x0000000709000000, 0x0000000709000000|100%| E|CS|TAMS 0x0000000708e00000, 0x0000000708e00000| Complete 
|  49|0x0000000709000000, 0x0000000709200000, 0x0000000709200000|100%| E|CS|TAMS 0x0000000709000000, 0x0000000709000000| Complete 
|  67|0x000000070b400000, 0x000000070b600000, 0x000000070b600000|100%| E|CS|TAMS 0x000000070b400000, 0x000000070b400000| Complete 
|  68|0x000000070b600000, 0x000000070b800000, 0x000000070b800000|100%| E|CS|TAMS 0x000000070b600000, 0x000000070b600000| Complete 
|  98|0x000000070f200000, 0x000000070f400000, 0x000000070f400000|100%| E|CS|TAMS 0x000000070f200000, 0x000000070f200000| Complete 
| 126|0x0000000712a00000, 0x0000000712c00000, 0x0000000712c00000|100%| E|CS|TAMS 0x0000000712a00000, 0x0000000712a00000| Complete 

Card table byte_map: [0x000001f62ddf0000,0x000001f62e5e0000] _byte_map_base: 0x000001f62a5d9000

Marking Bits (Prev, Next): (CMBitMap*) 0x000001f61494d1d0, (CMBitMap*) 0x000001f61494d190
 Prev Bits: [0x000001f632d20000, 0x000001f636c68000)
 Next Bits: [0x000001f62edd0000, 0x000001f632d18000)

Polling page: 0x000001f614990000

Metaspace:

Usage:
  Non-class:     76.47 MB used.
      Class:     12.23 MB used.
       Both:     88.70 MB used.

Virtual space:
  Non-class space:      128.00 MB reserved,      76.81 MB ( 60%) committed,  2 nodes.
      Class space:        1.00 GB reserved,      12.50 MB (  1%) committed,  1 nodes.
             Both:        1.12 GB reserved,      89.31 MB (  8%) committed. 

Chunk freelists:
   Non-Class:  2.77 MB
       Class:  3.50 MB
        Both:  6.27 MB

MaxMetaspaceSize: unlimited
CompressedClassSpaceSize: 1.00 GB
Initial GC threshold: 21.00 MB
Current GC threshold: 99.00 MB
CDS: on
MetaspaceReclaimPolicy: balanced
 - commit_granule_bytes: 65536.
 - commit_granule_words: 8192.
 - virtual_space_node_default_size: 8388608.
 - enlarge_chunks_in_place: 1.
 - new_chunks_are_fully_committed: 0.
 - uncommit_free_chunks: 1.
 - use_allocation_guard: 0.
 - handle_deallocations: 1.


Internal statistics:

num_allocs_failed_limit: 9.
num_arena_births: 1002.
num_arena_deaths: 0.
num_vsnodes_births: 3.
num_vsnodes_deaths: 0.
num_space_committed: 1429.
num_space_uncommitted: 0.
num_chunks_returned_to_freelist: 9.
num_chunks_taken_from_freelist: 4376.
num_chunk_merges: 9.
num_chunk_splits: 3224.
num_chunks_enlarged: 2555.
num_inconsistent_stats: 0.

CodeHeap 'non-profiled nmethods': size=120000Kb used=5129Kb max_used=5129Kb free=114870Kb
 bounds [0x000001f625670000, 0x000001f625ba0000, 0x000001f62cba0000]
CodeHeap 'profiled nmethods': size=120000Kb used=11429Kb max_used=11531Kb free=108570Kb
 bounds [0x000001f61dba0000, 0x000001f61e6f0000, 0x000001f6250d0000]
CodeHeap 'non-nmethods': size=5760Kb used=1419Kb max_used=1520Kb free=4340Kb
 bounds [0x000001f6250d0000, 0x000001f625340000, 0x000001f625670000]
 total_blobs=6918 nmethods=6152 adapters=677
 compilation: enabled
              stopped_count=0, restarted_count=0
 full_count=0

Compilation events (20 events):
Event: 24.253 Thread 0x000001f636ed4d00 nmethod 7413 0x000001f625ad8c90 code [0x000001f625ad8e20, 0x000001f625ad8ed8]
Event: 24.253 Thread 0x000001f636ed4d00 7415       1       org.springframework.util.MimeType::getSubtype (5 bytes)
Event: 24.253 Thread 0x000001f636ed4d00 nmethod 7415 0x000001f625ad8990 code [0x000001f625ad8b20, 0x000001f625ad8bf8]
Event: 24.253 Thread 0x000001f636ed4d00 7416       3       com.fasterxml.jackson.core.io.JsonStringEncoder::_appendNamed (7 bytes)
Event: 24.253 Thread 0x000001f636ed4d00 nmethod 7416 0x000001f61e3eb790 code [0x000001f61e3eb920, 0x000001f61e3eba58]
Event: 24.255 Thread 0x000001f636ed4d00 7419       2       java.lang.ref.PhantomReference::<init> (7 bytes)
Event: 24.255 Thread 0x000001f636ed4d00 nmethod 7419 0x000001f61e3eb390 code [0x000001f61e3eb520, 0x000001f61e3eb718]
Event: 24.256 Thread 0x000001f601c69ff0 7414       4       jdk.internal.reflect.ClassFileAssembler::emitConstantPoolUTF8 (50 bytes)
Event: 24.257 Thread 0x000001f636ed4340 nmethod 7393 0x000001f62580e610 code [0x000001f62580e840, 0x000001f62580f410]
Event: 24.257 Thread 0x000001f636ed4340 7394       4       java.lang.invoke.MethodType::equals (56 bytes)
Event: 24.266 Thread 0x000001f636ed4340 nmethod 7394 0x000001f625ad8090 code [0x000001f625ad8220, 0x000001f625ad85d8]
Event: 24.266 Thread 0x000001f636ed4340 7403       4       java.lang.invoke.DirectMethodHandle$Holder::invokeStatic (17 bytes)
Event: 24.267 Thread 0x000001f636ed4340 nmethod 7403 0x000001f62580e290 code [0x000001f62580e420, 0x000001f62580e4e8]
Event: 24.267 Thread 0x000001f636ed4340 7417       4       org.springframework.web.socket.sockjs.frame.AbstractSockJsMessageCodec::isSockJsSpecialChar (72 bytes)
Event: 24.268 Thread 0x000001f636ed4340 nmethod 7417 0x000001f62580de90 code [0x000001f62580e020, 0x000001f62580e158]
Event: 24.268 Thread 0x000001f636ed4340 7418       4       java.lang.StringUTF16::putCharSB (12 bytes)
Event: 24.269 Thread 0x000001f636ed4340 nmethod 7418 0x000001f62580db90 code [0x000001f62580dd00, 0x000001f62580dd98]
Event: 24.269 Thread 0x000001f636ed4340 7408       4       com.fasterxml.jackson.core.json.async.NonBlockingByteBufferJsonParser::getByteFromBuffer (9 bytes)
Event: 24.271 Thread 0x000001f636ed4340 nmethod 7408 0x000001f62580d710 code [0x000001f62580d8a0, 0x000001f62580d9b8]
Event: 24.284 Thread 0x000001f601c69ff0 nmethod 7414 0x000001f625a50490 code [0x000001f625a506a0, 0x000001f625a51590]

GC Heap History (20 events):
Event: 8.811 GC heap before
{Heap before GC invocations=19 (full 0):
 garbage-first heap   total 92160K, used 55656K [0x0000000702e00000, 0x0000000800000000)
  region size 2048K, 19 young (38912K), 2 survivors (4096K)
 Metaspace       used 59988K, committed 60480K, reserved 1114112K
  class space    used 8119K, committed 8384K, reserved 1048576K
}
Event: 8.814 GC heap after
{Heap after GC invocations=20 (full 0):
 garbage-first heap   total 92160K, used 25416K [0x0000000702e00000, 0x0000000800000000)
  region size 2048K, 2 young (4096K), 2 survivors (4096K)
 Metaspace       used 59988K, committed 60480K, reserved 1114112K
  class space    used 8119K, committed 8384K, reserved 1048576K
}
Event: 9.436 GC heap before
{Heap before GC invocations=21 (full 0):
 garbage-first heap   total 92160K, used 74568K [0x0000000702e00000, 0x0000000800000000)
  region size 2048K, 26 young (53248K), 2 survivors (4096K)
 Metaspace       used 64991K, committed 65600K, reserved 1114112K
  class space    used 9006K, committed 9280K, reserved 1048576K
}
Event: 9.440 GC heap after
{Heap after GC invocations=22 (full 0):
 garbage-first heap   total 92160K, used 26582K [0x0000000702e00000, 0x0000000800000000)
  region size 2048K, 3 young (6144K), 3 survivors (6144K)
 Metaspace       used 64991K, committed 65600K, reserved 1114112K
  class space    used 9006K, committed 9280K, reserved 1048576K
}
Event: 10.064 GC heap before
{Heap before GC invocations=22 (full 0):
 garbage-first heap   total 92160K, used 71638K [0x0000000702e00000, 0x0000000800000000)
  region size 2048K, 25 young (51200K), 3 survivors (6144K)
 Metaspace       used 69468K, committed 70016K, reserved 1114112K
  class space    used 9534K, committed 9792K, reserved 1048576K
}
Event: 10.070 GC heap after
{Heap after GC invocations=23 (full 0):
 garbage-first heap   total 92160K, used 28518K [0x0000000702e00000, 0x0000000800000000)
  region size 2048K, 3 young (6144K), 3 survivors (6144K)
 Metaspace       used 69468K, committed 70016K, reserved 1114112K
  class space    used 9534K, committed 9792K, reserved 1048576K
}
Event: 10.703 GC heap before
{Heap before GC invocations=23 (full 0):
 garbage-first heap   total 92160K, used 73574K [0x0000000702e00000, 0x0000000800000000)
  region size 2048K, 25 young (51200K), 3 survivors (6144K)
 Metaspace       used 73088K, committed 73664K, reserved 1114112K
  class space    used 10041K, committed 10304K, reserved 1048576K
}
Event: 10.710 GC heap after
{Heap after GC invocations=24 (full 0):
 garbage-first heap   total 92160K, used 30075K [0x0000000702e00000, 0x0000000800000000)
  region size 2048K, 3 young (6144K), 3 survivors (6144K)
 Metaspace       used 73088K, committed 73664K, reserved 1114112K
  class space    used 10041K, committed 10304K, reserved 1048576K
}
Event: 11.251 GC heap before
{Heap before GC invocations=24 (full 0):
 garbage-first heap   total 92160K, used 73083K [0x0000000702e00000, 0x0000000800000000)
  region size 2048K, 24 young (49152K), 3 survivors (6144K)
 Metaspace       used 74893K, committed 75456K, reserved 1114112K
  class space    used 10289K, committed 10560K, reserved 1048576K
}
Event: 11.259 GC heap after
{Heap after GC invocations=25 (full 0):
 garbage-first heap   total 92160K, used 31801K [0x0000000702e00000, 0x0000000800000000)
  region size 2048K, 2 young (4096K), 2 survivors (4096K)
 Metaspace       used 74893K, committed 75456K, reserved 1114112K
  class space    used 10289K, committed 10560K, reserved 1048576K
}
Event: 11.889 GC heap before
{Heap before GC invocations=25 (full 0):
 garbage-first heap   total 92160K, used 72761K [0x0000000702e00000, 0x0000000800000000)
  region size 2048K, 22 young (45056K), 2 survivors (4096K)
 Metaspace       used 76851K, committed 77504K, reserved 1179648K
  class space    used 10574K, committed 10880K, reserved 1048576K
}
Event: 11.897 GC heap after
{Heap after GC invocations=26 (full 0):
 garbage-first heap   total 92160K, used 34058K [0x0000000702e00000, 0x0000000800000000)
  region size 2048K, 3 young (6144K), 3 survivors (6144K)
 Metaspace       used 76851K, committed 77504K, reserved 1179648K
  class space    used 10574K, committed 10880K, reserved 1048576K
}
Event: 12.345 GC heap before
{Heap before GC invocations=26 (full 0):
 garbage-first heap   total 92160K, used 70922K [0x0000000702e00000, 0x0000000800000000)
  region size 2048K, 21 young (43008K), 3 survivors (6144K)
 Metaspace       used 77985K, committed 78592K, reserved 1179648K
  class space    used 10745K, committed 11072K, reserved 1048576K
}
Event: 12.353 GC heap after
{Heap after GC invocations=27 (full 0):
 garbage-first heap   total 110592K, used 35825K [0x0000000702e00000, 0x0000000800000000)
  region size 2048K, 3 young (6144K), 3 survivors (6144K)
 Metaspace       used 77985K, committed 78592K, reserved 1179648K
  class space    used 10745K, committed 11072K, reserved 1048576K
}
Event: 12.945 GC heap before
{Heap before GC invocations=27 (full 0):
 garbage-first heap   total 110592K, used 84977K [0x0000000702e00000, 0x0000000800000000)
  region size 2048K, 27 young (55296K), 3 survivors (6144K)
 Metaspace       used 80007K, committed 80704K, reserved 1179648K
  class space    used 11056K, committed 11392K, reserved 1048576K
}
Event: 12.952 GC heap after
{Heap after GC invocations=28 (full 0):
 garbage-first heap   total 110592K, used 38389K [0x0000000702e00000, 0x0000000800000000)
  region size 2048K, 4 young (8192K), 4 survivors (8192K)
 Metaspace       used 80007K, committed 80704K, reserved 1179648K
  class space    used 11056K, committed 11392K, reserved 1048576K
}
Event: 13.518 GC heap before
{Heap before GC invocations=28 (full 0):
 garbage-first heap   total 110592K, used 85493K [0x0000000702e00000, 0x0000000800000000)
  region size 2048K, 27 young (55296K), 4 survivors (8192K)
 Metaspace       used 85503K, committed 86144K, reserved 1179648K
  class space    used 11794K, committed 12096K, reserved 1048576K
}
Event: 13.526 GC heap after
{Heap after GC invocations=29 (full 0):
 garbage-first heap   total 110592K, used 39319K [0x0000000702e00000, 0x0000000800000000)
  region size 2048K, 3 young (6144K), 3 survivors (6144K)
 Metaspace       used 85503K, committed 86144K, reserved 1179648K
  class space    used 11794K, committed 12096K, reserved 1048576K
}
Event: 14.085 GC heap before
{Heap before GC invocations=29 (full 0):
 garbage-first heap   total 110592K, used 86423K [0x0000000702e00000, 0x0000000800000000)
  region size 2048K, 26 young (53248K), 3 survivors (6144K)
 Metaspace       used 89844K, committed 90496K, reserved 1179648K
  class space    used 12389K, committed 12672K, reserved 1048576K
}
Event: 14.091 GC heap after
{Heap after GC invocations=30 (full 0):
 garbage-first heap   total 110592K, used 40573K [0x0000000702e00000, 0x0000000800000000)
  region size 2048K, 3 young (6144K), 3 survivors (6144K)
 Metaspace       used 89844K, committed 90496K, reserved 1179648K
  class space    used 12389K, committed 12672K, reserved 1048576K
}

Dll operation events (10 events):
Event: 0.009 Loaded shared library C:\Users\Aditya Yadav\AppData\Local\Programs\Eclipse Adoptium\jdk-17.0.8.7-hotspot\bin\java.dll
Event: 0.021 Loaded shared library C:\Users\Aditya Yadav\AppData\Local\Programs\Eclipse Adoptium\jdk-17.0.8.7-hotspot\bin\jsvml.dll
Event: 0.043 Loaded shared library C:\Users\Aditya Yadav\AppData\Local\Programs\Eclipse Adoptium\jdk-17.0.8.7-hotspot\bin\net.dll
Event: 0.045 Loaded shared library C:\Users\Aditya Yadav\AppData\Local\Programs\Eclipse Adoptium\jdk-17.0.8.7-hotspot\bin\nio.dll
Event: 0.048 Loaded shared library C:\Users\Aditya Yadav\AppData\Local\Programs\Eclipse Adoptium\jdk-17.0.8.7-hotspot\bin\zip.dll
Event: 0.084 Loaded shared library C:\Users\Aditya Yadav\AppData\Local\Programs\Eclipse Adoptium\jdk-17.0.8.7-hotspot\bin\jimage.dll
Event: 2.922 Loaded shared library C:\Users\Aditya Yadav\AppData\Local\Programs\Eclipse Adoptium\jdk-17.0.8.7-hotspot\bin\sunmscapi.dll
Event: 4.526 Loaded shared library C:\Users\Aditya Yadav\AppData\Local\Programs\Eclipse Adoptium\jdk-17.0.8.7-hotspot\bin\verify.dll
Event: 12.549 Loaded shared library C:\Users\Aditya Yadav\AppData\Local\Programs\Eclipse Adoptium\jdk-17.0.8.7-hotspot\bin\management.dll
Event: 12.553 Loaded shared library C:\Users\Aditya Yadav\AppData\Local\Programs\Eclipse Adoptium\jdk-17.0.8.7-hotspot\bin\management_ext.dll

Deoptimization events (20 events):
Event: 14.218 Thread 0x000001f605934510 Uncommon trap: trap_request=0xffffff45 fr.pc=0x000001f625826698 relative=0x0000000000000198
Event: 14.218 Thread 0x000001f605934510 Uncommon trap: reason=unstable_if action=reinterpret pc=0x000001f625826698 method=java.lang.String.equals(Ljava/lang/Object;)Z @ 33 c2
Event: 14.218 Thread 0x000001f605934510 DEOPT PACKING pc=0x000001f625826698 sp=0x000000c9404fec90
Event: 14.218 Thread 0x000001f605934510 DEOPT UNPACKING pc=0x000001f6251269a3 sp=0x000000c9404fec30 mode 2
Event: 24.219 Thread 0x000001f604a716d0 Uncommon trap: trap_request=0xffffff66 fr.pc=0x000001f6259b548c relative=0x000000000000630c
Event: 24.219 Thread 0x000001f604a716d0 Uncommon trap: reason=speculate_class_check action=maybe_recompile pc=0x000001f6259b548c method=java.util.function.BiPredicate.lambda$or$2(Ljava/util/function/BiPredicate;Ljava/lang/Object;Ljava/lang/Object;)Z @ 3 c2
Event: 24.219 Thread 0x000001f604a716d0 DEOPT PACKING pc=0x000001f6259b548c sp=0x000000c93f8fd610
Event: 24.220 Thread 0x000001f604a716d0 DEOPT UNPACKING pc=0x000001f6251269a3 sp=0x000000c93f8fd5b8 mode 2
Event: 24.228 Thread 0x000001f604a6fd80 Uncommon trap: trap_request=0xffffffde fr.pc=0x000001f625a0d118 relative=0x00000000000006d8
Event: 24.228 Thread 0x000001f604a6fd80 Uncommon trap: reason=class_check action=maybe_recompile pc=0x000001f625a0d118 method=java.lang.AbstractStringBuilder.<init>(Ljava/lang/String;)V @ 58 c2
Event: 24.228 Thread 0x000001f604a6fd80 DEOPT PACKING pc=0x000001f625a0d118 sp=0x000000c93f2fe530
Event: 24.228 Thread 0x000001f604a6fd80 DEOPT UNPACKING pc=0x000001f6251269a3 sp=0x000000c93f2fe510 mode 2
Event: 24.250 Thread 0x000001f604a6fd80 Uncommon trap: trap_request=0xffffff66 fr.pc=0x000001f6259b548c relative=0x000000000000630c
Event: 24.250 Thread 0x000001f604a6fd80 Uncommon trap: reason=speculate_class_check action=maybe_recompile pc=0x000001f6259b548c method=java.util.function.BiPredicate.lambda$or$2(Ljava/util/function/BiPredicate;Ljava/lang/Object;Ljava/lang/Object;)Z @ 3 c2
Event: 24.250 Thread 0x000001f604a6fd80 DEOPT PACKING pc=0x000001f6259b548c sp=0x000000c93f2fdf00
Event: 24.250 Thread 0x000001f604a6fd80 DEOPT UNPACKING pc=0x000001f6251269a3 sp=0x000000c93f2fdea8 mode 2
Event: 24.254 Thread 0x000001f605936370 Uncommon trap: trap_request=0xffffff45 fr.pc=0x000001f625746780 relative=0x00000000000004e0
Event: 24.254 Thread 0x000001f605936370 Uncommon trap: reason=unstable_if action=reinterpret pc=0x000001f625746780 method=java.lang.AbstractStringBuilder.putStringAt(ILjava/lang/String;II)V @ 8 c2
Event: 24.254 Thread 0x000001f605936370 DEOPT PACKING pc=0x000001f625746780 sp=0x000000c9407feec0
Event: 24.254 Thread 0x000001f605936370 DEOPT UNPACKING pc=0x000001f6251269a3 sp=0x000000c9407feda0 mode 2

Classes unloaded (0 events):
No events

Classes redefined (0 events):
No events

Internal exceptions (20 events):
Event: 13.219 Thread 0x000001f6038eabd0 Exception <a 'java/lang/IncompatibleClassChangeError'{0x00000007089a6f80}: Found class java.lang.Object, but interface was expected> (0x00000007089a6f80) 
thrown [s\src\hotspot\share\interpreter\linkResolver.cpp, line 826]
Event: 13.253 Thread 0x000001f6038ecf40 Exception <a 'java/lang/NoSuchMethodError'{0x00000007084f4218}: 'java.lang.Object java.lang.invoke.DirectMethodHandle$Holder.invokeSpecial(java.lang.Object, java.lang.Object, java.lang.Object, java.lang.Object, java.lang.Object, long)'> (0x00000007084f4218) 
thrown [s\src\hotspot\share\interpreter\linkResolver.cpp, line 759]
Event: 13.253 Thread 0x000001f6038ecf40 Exception <a 'java/lang/NoSuchMethodError'{0x00000007084f7c58}: 'java.lang.Object java.lang.invoke.Invokers$Holder.linkToTargetMethod(java.lang.Object, java.lang.Object, java.lang.Object, long, java.lang.Object)'> (0x00000007084f7c58) 
thrown [s\src\hotspot\share\interpreter\linkResolver.cpp, line 759]
Event: 13.333 Thread 0x000001f6038ecf40 Exception <a 'java/lang/NoSuchMethodError'{0x0000000707c3f2e0}: 'java.lang.Object java.lang.invoke.DirectMethodHandle$Holder.invokeStatic(java.lang.Object, int, int)'> (0x0000000707c3f2e0) 
thrown [s\src\hotspot\share\interpreter\linkResolver.cpp, line 759]
Event: 13.372 Thread 0x000001f6038eabd0 Exception <a 'java/lang/UnsatisfiedLinkError'{0x00000007078761f8}: 'int io.netty.channel.epoll.Native.offsetofEpollData()'> (0x00000007078761f8) 
thrown [s\src\hotspot\share\prims\nativeLookup.cpp, line 543]
Event: 13.373 Thread 0x000001f6038eabd0 Exception <a 'java/lang/ExceptionInInitializerError'{0x00000007078ef138}> (0x00000007078ef138) 
thrown [s\src\hotspot\share\oops\instanceKlass.cpp, line 1223]
Event: 13.574 Thread 0x000001f6038eabd0 Exception <a 'java/io/FileNotFoundException'{0x000000070b71e978}> (0x000000070b71e978) 
thrown [s\src\hotspot\share\prims\jni.cpp, line 516]
Event: 13.673 Thread 0x000001f6038eabd0 Exception <a 'java/lang/NoSuchMethodError'{0x0000000708afa318}: 'java.lang.Object java.lang.invoke.DirectMethodHandle$Holder.newInvokeSpecial(java.lang.Object, java.lang.Object, long, java.lang.Object)'> (0x0000000708afa318) 
thrown [s\src\hotspot\share\interpreter\linkResolver.cpp, line 759]
Event: 13.814 Thread 0x000001f6038eabd0 Exception <a 'java/lang/NoSuchMethodError'{0x00000007082634e8}: 'java.lang.Object java.lang.invoke.DirectMethodHandle$Holder.newInvokeSpecial(java.lang.Object, java.lang.Object, java.lang.Object, java.lang.Object, java.lang.Object, java.lang.Object, int, java.lang.Object)'> (0x00000007082634e8) 
thrown [s\src\hotspot\share\interpreter\linkResolver.cpp, line 759]
Event: 13.903 Thread 0x000001f604a711c0 Exception <a 'java/lang/NoSuchMethodError'{0x0000000707d8a1b0}: 'java.lang.Object java.lang.invoke.DirectMethodHandle$Holder.invokeStatic(java.lang.Object, java.lang.Object, java.lang.Object, int, java.lang.Object, java.lang.Object)'> (0x0000000707d8a1b0) 
thrown [s\src\hotspot\share\interpreter\linkResolver.cpp, line 759]
Event: 13.905 Thread 0x000001f604a70cb0 Exception <a 'java/lang/NoSuchMethodError'{0x0000000707cd8ee0}: 'java.lang.Object java.lang.invoke.Invokers$Holder.linkToTargetMethod(java.lang.Object, int, java.lang.Object, java.lang.Object, java.lang.Object, java.lang.Object)'> (0x0000000707cd8ee0) 
thrown [s\src\hotspot\share\interpreter\linkResolver.cpp, line 759]
Event: 13.910 Thread 0x000001f604a711c0 Exception <a 'java/lang/NoSuchMethodError'{0x0000000707dd03b8}: 'java.lang.Object java.lang.invoke.DirectMethodHandle$Holder.newInvokeSpecial(java.lang.Object, java.lang.Object, java.lang.Object, java.lang.Object, int, java.lang.Object)'> (0x0000000707dd03b8) 
thrown [s\src\hotspot\share\interpreter\linkResolver.cpp, line 759]
Event: 13.910 Thread 0x000001f604a711c0 Exception <a 'java/lang/NoSuchMethodError'{0x0000000707dd43e8}: 'java.lang.Object java.lang.invoke.DirectMethodHandle$Holder.invokeSpecial(java.lang.Object, java.lang.Object, java.lang.Object, java.lang.Object, java.lang.Object, int, java.lang.Object)'> (0x0000000707dd43e8) 
thrown [s\src\hotspot\share\interpreter\linkResolver.cpp, line 759]
Event: 13.910 Thread 0x000001f604a711c0 Exception <a 'java/lang/NoSuchMethodError'{0x0000000707dd7d18}: 'java.lang.Object java.lang.invoke.Invokers$Holder.linkToTargetMethod(java.lang.Object, java.lang.Object, java.lang.Object, int, java.lang.Object, java.lang.Object)'> (0x0000000707dd7d18) 
thrown [s\src\hotspot\share\interpreter\linkResolver.cpp, line 759]
Event: 13.924 Thread 0x000001f604a711c0 Exception <a 'java/lang/NoSuchMethodError'{0x0000000707ab5098}: 'void java.lang.invoke.DirectMethodHandle$Holder.invokeStatic(java.lang.Object, int)'> (0x0000000707ab5098) 
thrown [s\src\hotspot\share\interpreter\linkResolver.cpp, line 759]
Event: 13.924 Thread 0x000001f604a711c0 Exception <a 'java/lang/NoSuchMethodError'{0x0000000707ab87a0}: 'void java.lang.invoke.DirectMethodHandle$Holder.invokeStaticInit(java.lang.Object, int)'> (0x0000000707ab87a0) 
thrown [s\src\hotspot\share\interpreter\linkResolver.cpp, line 759]
Event: 13.925 Thread 0x000001f604a711c0 Exception <a 'java/lang/NoSuchMethodError'{0x0000000707abe2d0}: 'void java.lang.invoke.DirectMethodHandle$Holder.invokeSpecial(java.lang.Object, java.lang.Object, int)'> (0x0000000707abe2d0) 
thrown [s\src\hotspot\share\interpreter\linkResolver.cpp, line 759]
Event: 14.212 Thread 0x000001f6038eabd0 Exception <a 'java/lang/NoSuchMethodError'{0x0000000708f3c028}: 'java.lang.Object java.lang.invoke.DirectMethodHandle$Holder.newInvokeSpecial(java.lang.Object, java.lang.Object, java.lang.Object, long)'> (0x0000000708f3c028) 
thrown [s\src\hotspot\share\interpreter\linkResolver.cpp, line 759]
Event: 14.213 Thread 0x000001f6038eabd0 Exception <a 'java/lang/NoSuchMethodError'{0x0000000708f400b0}: 'java.lang.Object java.lang.invoke.DirectMethodHandle$Holder.invokeSpecial(java.lang.Object, java.lang.Object, java.lang.Object, java.lang.Object, long)'> (0x0000000708f400b0) 
thrown [s\src\hotspot\share\interpreter\linkResolver.cpp, line 759]
Event: 14.213 Thread 0x000001f6038eabd0 Exception <a 'java/lang/NoSuchMethodError'{0x0000000708f43a90}: 'java.lang.Object java.lang.invoke.Invokers$Holder.linkToTargetMethod(java.lang.Object, java.lang.Object, long, java.lang.Object)'> (0x0000000708f43a90) 
thrown [s\src\hotspot\share\interpreter\linkResolver.cpp, line 759]

VM Operations (20 events):
Event: 13.347 Executing VM operation: HandshakeAllThreads
Event: 13.347 Executing VM operation: HandshakeAllThreads done
Event: 13.443 Executing VM operation: HandshakeAllThreads
Event: 13.454 Executing VM operation: HandshakeAllThreads done
Event: 13.518 Executing VM operation: G1CollectForAllocation
Event: 13.526 Executing VM operation: G1CollectForAllocation done
Event: 14.085 Executing VM operation: G1CollectForAllocation
Event: 14.091 Executing VM operation: G1CollectForAllocation done
Event: 14.154 Executing VM operation: HandshakeAllThreads
Event: 14.154 Executing VM operation: HandshakeAllThreads done
Event: 15.163 Executing VM operation: Cleanup
Event: 15.163 Executing VM operation: Cleanup done
Event: 17.175 Executing VM operation: Cleanup
Event: 17.175 Executing VM operation: Cleanup done
Event: 19.185 Executing VM operation: Cleanup
Event: 19.186 Executing VM operation: Cleanup done
Event: 24.239 Executing VM operation: Cleanup
Event: 24.240 Executing VM operation: Cleanup done
Event: 25.247 Executing VM operation: Cleanup
Event: 25.247 Executing VM operation: Cleanup done

Events (20 events):
Event: 13.894 loading class jdk/internal/icu/impl/Trie2_16 done
Event: 13.894 loading class jdk/internal/icu/impl/Trie2$1
Event: 13.894 loading class jdk/internal/icu/impl/Trie2$ValueMapper
Event: 13.894 loading class jdk/internal/icu/impl/Trie2$ValueMapper done
Event: 13.894 loading class jdk/internal/icu/impl/Trie2$1 done
Event: 13.894 loading class jdk/internal/icu/impl/Trie2$UTrie2Header
Event: 13.894 loading class jdk/internal/icu/impl/Trie2$UTrie2Header done
Event: 14.017 loading class org/w3c/dom/Node
Event: 14.017 loading class org/w3c/dom/Node done
Event: 14.017 loading class org/w3c/dom/Document
Event: 14.017 loading class org/w3c/dom/Document done
Event: 14.214 Thread 0x000001f605934510 Thread added: 0x000001f605934510
Event: 14.214 Thread 0x000001f605935950 Thread added: 0x000001f605935950
Event: 14.220 Thread 0x000001f6059335e0 Thread added: 0x000001f6059335e0
Event: 16.267 Thread 0x000001f67f029cd0 Thread exited: 0x000001f67f029cd0
Event: 21.278 Thread 0x000001f639b6f6e0 Thread exited: 0x000001f639b6f6e0
Event: 24.218 Thread 0x000001f605935440 Thread added: 0x000001f605935440
Event: 24.251 Thread 0x000001f601c69550 Thread added: 0x000001f601c69550
Event: 24.252 Thread 0x000001f605936370 Thread added: 0x000001f605936370
Event: 24.256 Thread 0x000001f601c69ff0 Thread added: 0x000001f601c69ff0


Dynamic libraries:
0x00007ff746580000 - 0x00007ff74658e000 	C:\Users\Aditya Yadav\AppData\Local\Programs\Eclipse Adoptium\jdk-17.0.8.7-hotspot\bin\java.exe
0x00007fffe3fc0000 - 0x00007fffe4226000 	C:\WINDOWS\SYSTEM32\ntdll.dll
0x00007fffe3210000 - 0x00007fffe32d9000 	C:\WINDOWS\System32\KERNEL32.DLL
0x00007fffe16d0000 - 0x00007fffe1ad0000 	C:\WINDOWS\System32\KERNELBASE.dll
0x00007fffe1210000 - 0x00007fffe135c000 	C:\WINDOWS\System32\ucrtbase.dll
0x00007fffac060000 - 0x00007fffac077000 	C:\Users\Aditya Yadav\AppData\Local\Programs\Eclipse Adoptium\jdk-17.0.8.7-hotspot\bin\jli.dll
0x00007fffa6430000 - 0x00007fffa6449000 	C:\Users\Aditya Yadav\AppData\Local\Programs\Eclipse Adoptium\jdk-17.0.8.7-hotspot\bin\VCRUNTIME140.dll
0x00007fffe2490000 - 0x00007fffe2657000 	C:\WINDOWS\System32\USER32.dll
0x00007fffe11e0000 - 0x00007fffe1207000 	C:\WINDOWS\System32\win32u.dll
0x00007fffe3b50000 - 0x00007fffe3b7b000 	C:\WINDOWS\System32\GDI32.dll
0x00007fffe1370000 - 0x00007fffe1499000 	C:\WINDOWS\System32\gdi32full.dll
0x00007fffbe360000 - 0x00007fffbe5f2000 	C:\WINDOWS\WinSxS\amd64_microsoft.windows.common-controls_6595b64144ccf1df_6.0.26100.8737_none_3e092eaee333b772\COMCTL32.dll
0x00007fffe14a0000 - 0x00007fffe1543000 	C:\WINDOWS\System32\msvcp_win.dll
0x00007fffe3b80000 - 0x00007fffe3c29000 	C:\WINDOWS\System32\msvcrt.dll
0x00007fffe2840000 - 0x00007fffe2872000 	C:\WINDOWS\System32\IMM32.DLL
0x00007fffbf970000 - 0x00007fffbf97c000 	C:\Users\Aditya Yadav\AppData\Local\Programs\Eclipse Adoptium\jdk-17.0.8.7-hotspot\bin\vcruntime140_1.dll
0x00007fff967f0000 - 0x00007fff96881000 	C:\Users\Aditya Yadav\AppData\Local\Programs\Eclipse Adoptium\jdk-17.0.8.7-hotspot\bin\msvcp140.dll
0x00007fff6ffa0000 - 0x00007fff70bec000 	C:\Users\Aditya Yadav\AppData\Local\Programs\Eclipse Adoptium\jdk-17.0.8.7-hotspot\bin\server\jvm.dll
0x00007fffe1e70000 - 0x00007fffe1f27000 	C:\WINDOWS\System32\ADVAPI32.dll
0x00007fffe2ab0000 - 0x00007fffe2b5a000 	C:\WINDOWS\System32\sechost.dll
0x00007fffe3e60000 - 0x00007fffe3f78000 	C:\WINDOWS\System32\RPCRT4.dll
0x00007fffe1040000 - 0x00007fffe109e000 	C:\WINDOWS\SYSTEM32\POWRPROF.dll
0x00007fffc34f0000 - 0x00007fffc3526000 	C:\WINDOWS\SYSTEM32\WINMM.dll
0x00007fffbae20000 - 0x00007fffbae2a000 	C:\WINDOWS\SYSTEM32\WSOCK32.dll
0x00007fffccf80000 - 0x00007fffccf8b000 	C:\WINDOWS\SYSTEM32\VERSION.dll
0x00007fffe2880000 - 0x00007fffe2900000 	C:\WINDOWS\System32\WS2_32.dll
0x00007fffe1020000 - 0x00007fffe1034000 	C:\WINDOWS\SYSTEM32\UMPDC.dll
0x00007fffdfe90000 - 0x00007fffdfeab000 	C:\WINDOWS\SYSTEM32\kernel.appcore.dll
0x00007fffbede0000 - 0x00007fffbedea000 	C:\Users\Aditya Yadav\AppData\Local\Programs\Eclipse Adoptium\jdk-17.0.8.7-hotspot\bin\jimage.dll
0x00007fffde700000 - 0x00007fffde942000 	C:\WINDOWS\SYSTEM32\DBGHELP.DLL
0x00007fffe1f60000 - 0x00007fffe22e3000 	C:\WINDOWS\System32\combase.dll
0x00007fffe2910000 - 0x00007fffe29e9000 	C:\WINDOWS\System32\OLEAUT32.dll
0x00007fffbd5c0000 - 0x00007fffbd5fb000 	C:\WINDOWS\SYSTEM32\dbgcore.DLL
0x00007fffe1c30000 - 0x00007fffe1cdc000 	C:\WINDOWS\System32\bcryptPrimitives.dll
0x00007fffa12d0000 - 0x00007fffa12f5000 	C:\Users\Aditya Yadav\AppData\Local\Programs\Eclipse Adoptium\jdk-17.0.8.7-hotspot\bin\java.dll
0x00007fff7d190000 - 0x00007fff7d266000 	C:\Users\Aditya Yadav\AppData\Local\Programs\Eclipse Adoptium\jdk-17.0.8.7-hotspot\bin\jsvml.dll
0x00007fffe33b0000 - 0x00007fffe3b42000 	C:\WINDOWS\System32\SHELL32.dll
0x00007fffdec60000 - 0x00007fffdf4f2000 	C:\WINDOWS\SYSTEM32\windows.storage.dll
0x00007fffe3080000 - 0x00007fffe3177000 	C:\WINDOWS\System32\SHCORE.dll
0x00007fffe2310000 - 0x00007fffe2377000 	C:\WINDOWS\System32\shlwapi.dll
0x00007fffe1100000 - 0x00007fffe1129000 	C:\WINDOWS\SYSTEM32\profapi.dll
0x00007fffa45d0000 - 0x00007fffa45e9000 	C:\Users\Aditya Yadav\AppData\Local\Programs\Eclipse Adoptium\jdk-17.0.8.7-hotspot\bin\net.dll
0x00007fffdbf80000 - 0x00007fffdc0a9000 	C:\WINDOWS\SYSTEM32\WINHTTP.dll
0x00007fffe0470000 - 0x00007fffe04dc000 	C:\WINDOWS\system32\mswsock.dll
0x00007fff9dd90000 - 0x00007fff9dda5000 	C:\Users\Aditya Yadav\AppData\Local\Programs\Eclipse Adoptium\jdk-17.0.8.7-hotspot\bin\nio.dll
0x00007fff9dc30000 - 0x00007fff9dc48000 	C:\Users\Aditya Yadav\AppData\Local\Programs\Eclipse Adoptium\jdk-17.0.8.7-hotspot\bin\zip.dll
0x00007fffbd0b0000 - 0x00007fffbd0be000 	C:\Users\Aditya Yadav\AppData\Local\Programs\Eclipse Adoptium\jdk-17.0.8.7-hotspot\bin\sunmscapi.dll
0x00007fffe1550000 - 0x00007fffe16c8000 	C:\WINDOWS\System32\CRYPT32.dll
0x00007fffe09b0000 - 0x00007fffe09e0000 	C:\WINDOWS\SYSTEM32\ncrypt.dll
0x00007fffe0960000 - 0x00007fffe099f000 	C:\WINDOWS\SYSTEM32\NTASN1.dll
0x00007fffb8950000 - 0x00007fffb8960000 	C:\Users\Aditya Yadav\AppData\Local\Programs\Eclipse Adoptium\jdk-17.0.8.7-hotspot\bin\verify.dll
0x00007fffe0770000 - 0x00007fffe078b000 	C:\WINDOWS\SYSTEM32\CRYPTSP.dll
0x00007fffdfdf0000 - 0x00007fffdfe29000 	C:\WINDOWS\system32\rsaenh.dll
0x00007fffe0530000 - 0x00007fffe0562000 	C:\WINDOWS\SYSTEM32\USERENV.dll
0x00007fffe10d0000 - 0x00007fffe10fa000 	C:\WINDOWS\SYSTEM32\bcrypt.dll
0x00007fffe0790000 - 0x00007fffe079c000 	C:\WINDOWS\SYSTEM32\CRYPTBASE.dll
0x00007fffdf880000 - 0x00007fffdf8b3000 	C:\WINDOWS\SYSTEM32\IPHLPAPI.DLL
0x00007fffe2380000 - 0x00007fffe238a000 	C:\WINDOWS\System32\NSI.dll
0x00007fffd81d0000 - 0x00007fffd81ed000 	C:\WINDOWS\SYSTEM32\dhcpcsvc6.DLL
0x00007fffd7ba0000 - 0x00007fffd7bc5000 	C:\WINDOWS\SYSTEM32\dhcpcsvc.DLL
0x00007fffdf920000 - 0x00007fffdfa75000 	C:\WINDOWS\SYSTEM32\DNSAPI.dll
0x00007fffe0250000 - 0x00007fffe025d000 	C:\WINDOWS\SYSTEM32\DSPARSE.dll
0x00007fffba240000 - 0x00007fffba249000 	C:\Users\Aditya Yadav\AppData\Local\Programs\Eclipse Adoptium\jdk-17.0.8.7-hotspot\bin\management.dll
0x00007fffba230000 - 0x00007fffba23b000 	C:\Users\Aditya Yadav\AppData\Local\Programs\Eclipse Adoptium\jdk-17.0.8.7-hotspot\bin\management_ext.dll
0x00007fffe3200000 - 0x00007fffe3208000 	C:\WINDOWS\System32\PSAPI.DLL
0x00007fffdd900000 - 0x00007fffdd908000 	C:\WINDOWS\system32\wshunix.dll
0x00007fffb84c0000 - 0x00007fffb84d8000 	C:\WINDOWS\system32\napinsp.dll
0x00007fffb84a0000 - 0x00007fffb84b3000 	C:\WINDOWS\System32\winrnr.dll
0x00007fffb8470000 - 0x00007fffb8492000 	C:\WINDOWS\system32\nlansp_c.dll
0x00007fffd50d0000 - 0x00007fffd50e6000 	C:\WINDOWS\system32\wshbth.dll
0x00007fffd50c0000 - 0x00007fffd50cb000 	C:\Windows\System32\rasadhlp.dll
0x00007fffd1f60000 - 0x00007fffd1fe6000 	C:\WINDOWS\System32\fwpuclnt.dll

dbghelp: loaded successfully - version: 4.0.5 - missing functions: none
symbol engine: initialized successfully - sym options: 0x614 - pdb path: .;C:\Users\Aditya Yadav\AppData\Local\Programs\Eclipse Adoptium\jdk-17.0.8.7-hotspot\bin;C:\WINDOWS\SYSTEM32;C:\WINDOWS\WinSxS\amd64_microsoft.windows.common-controls_6595b64144ccf1df_6.0.26100.8737_none_3e092eaee333b772;C:\Users\Aditya Yadav\AppData\Local\Programs\Eclipse Adoptium\jdk-17.0.8.7-hotspot\bin\server

VM Arguments:
java_command: target/backend-1.0.0.jar --spring.profiles.active=local
java_class_path (initial): target/backend-1.0.0.jar
Launcher Type: SUN_STANDARD

[Global flags]
     intx CICompilerCount                          = 4                                         {product} {ergonomic}
     uint ConcGCThreads                            = 2                                         {product} {ergonomic}
     uint G1ConcRefinementThreads                  = 8                                         {product} {ergonomic}
   size_t G1HeapRegionSize                         = 2097152                                   {product} {ergonomic}
    uintx GCDrainStackTargetSize                   = 64                                        {product} {ergonomic}
   size_t InitialHeapSize                          = 266338304                                 {product} {ergonomic}
   size_t MarkStackSize                            = 4194304                                   {product} {ergonomic}
   size_t MaxHeapSize                              = 4246732800                                {product} {ergonomic}
   size_t MaxNewSize                               = 2548039680                                {product} {ergonomic}
   size_t MinHeapDeltaBytes                        = 2097152                                   {product} {ergonomic}
   size_t MinHeapSize                              = 8388608                                   {product} {ergonomic}
    uintx NonNMethodCodeHeapSize                   = 5839372                                {pd product} {ergonomic}
    uintx NonProfiledCodeHeapSize                  = 122909434                              {pd product} {ergonomic}
    uintx ProfiledCodeHeapSize                     = 122909434                              {pd product} {ergonomic}
    uintx ReservedCodeCacheSize                    = 251658240                              {pd product} {ergonomic}
     bool SegmentedCodeCache                       = true                                      {product} {ergonomic}
   size_t SoftMaxHeapSize                          = 4246732800                             {manageable} {ergonomic}
     bool UseCompressedClassPointers               = true                           {product lp64_product} {ergonomic}
     bool UseCompressedOops                        = true                           {product lp64_product} {ergonomic}
     bool UseG1GC                                  = true                                      {product} {ergonomic}
     bool UseLargePagesIndividualAllocation        = false                                  {pd product} {ergonomic}

Logging:
Log output configuration:
 #0: stdout all=warning uptime,level,tags
 #1: stderr all=off uptime,level,tags

Environment Variables:
JAVA_HOME=C:\Users\Aditya Yadav\AppData\Local\Programs\Eclipse Adoptium\jdk-17.0.8.7-hotspot\
PATH=C:\Users\Aditya Yadav\bin;C:\Program Files\Git\mingw64\bin;C:\Program Files\Git\usr\local\bin;C:\Program Files\Git\usr\bin;C:\Program Files\Git\usr\bin;C:\Program Files\Git\mingw64\bin;C:\Program Files\Git\usr\bin;C:\Users\Aditya Yadav\bin;C:\windows\system32;C:\windows;C:\windows\System32\Wbem;C:\windows\System32\WindowsPowerShell\v1.0;C:\windows\System32\OpenSSH;C:\Program Files (x86)\NVIDIA Corporation\PhysX\Common;C:\Program Files\NVIDIA Corporation\NVIDIA NvDLISR;C:\WINDOWS\system32;C:\WINDOWS;C:\WINDOWS\System32\Wbem;C:\WINDOWS\System32\WindowsPowerShell\v1.0;C:\WINDOWS\System32\OpenSSH;C:\MinGW\bin;C:\Program Files\Git\cmd;C:\Users\Aditya Yadav\AppData\Roaming\nvm;C:\Program Files\nodejs;C:\Users\Aditya Yadav\AppData\Roaming\nvm\nvm.exe;C:\Program Files\HP\HP One Agent;C:\WINDOWS\system32;C:\WINDOWS;C:\WINDOWS\System32\Wbem;C:\WINDOWS\System32\WindowsPowerShell\v1.0;C:\WINDOWS\System32\OpenSSH;C:\apache-maven-3.9.10\bin;C:\Program Files\nodejs;C:\Users\Aditya Yadav\AppData\Local\Programs\Python\Python313\Scripts;C:\Users\Aditya Yadav\AppData\Local\Programs\Python\Python313;C:\Program Files\MySQL\MySQL Shell 8.0\bin;C:\Users\Aditya Yadav\AppData\Local\Programs\Eclipse Adoptium\jdk-17.0.8.7-hotspot\bin;C:\Users\Aditya Yadav\AppData\Local\Programs\Python\Python310\Scripts;C:\Users\Aditya Yadav\AppData\Local\Programs\Python\Python310;C:\Users\Aditya Yadav\AppData\Local\Microsoft\WindowsApps;C:\Users\Aditya Yadav\AppData\Local\Programs\Microsoft VS Code\bin;C:\Users\Aditya Yadav\AppData\Roaming\nvm;C:\Program Files\nodejs;C:\Program Files\JetBrains\IntelliJ IDEA 2024.2\bin;C:\Users\Aditya Yadav\AppData\Roaming\nvm;C:\mongoSH;C:\Program Files\JetBrains\PyCharm Community Edition 2025.2.4\bin;C:\Users\Aditya Yadav\AppData\Local\Programs\MiKTeX\miktex\bin\x64;C:\Users\Aditya Yadav\AppData\Roaming\npm;C:\Program Files\Git\usr\bin\vendor_perl;C:\Program Files\Git\usr\bin\core_perl
USERNAME=Aditya Yadav
SHELL=C:\Program Files\Git\bin\bash.exe
TERM=xterm-256color
OS=Windows_NT
PROCESSOR_IDENTIFIER=Intel64 Family 6 Model 142 Stepping 12, GenuineIntel
TMP=C:\Users\ADITYA~1\AppData\Local\Temp
TEMP=C:\Users\ADITYA~1\AppData\Local\Temp



---------------  S Y S T E M  ---------------

OS:
 Windows 11 , 64 bit Build 26100 (10.0.26100.8737)
OS uptime: 1 days 4:13 hours
Hyper-V role detected

CPU: total 8 (initial active 8) (4 cores per cpu, 2 threads per core) family 6 model 142 stepping 12 microcode 0xfa, cx8, cmov, fxsr, ht, mmx, 3dnowpref, sse, sse2, sse3, ssse3, sse4.1, sse4.2, popcnt, lzcnt, tsc, tscinvbit, avx, avx2, aes, erms, clmul, bmi1, bmi2, adx, fma, vzeroupper, clflush, clflushopt, hv
Processor Information for all 8 processors :
  Max Mhz: 1992, Current Mhz: 1792, Mhz Limit: 1792

Memory: 4k page, system-wide physical 16194M (2015M free)
TotalPageFile size 22601M (AvailPageFile size 19M)
current process WorkingSet (physical memory assigned to process): 331M, peak: 396M
current process commit charge ("private bytes"): 367M, peak: 433M

vm_info: OpenJDK 64-Bit Server VM (17.0.8+7) for windows-amd64 JRE (17.0.8+7), built on Jul 18 2023 21:02:32 by "admin" with MS VC++ 16.7 (VS2019)

END.
